 total number of impurities =    1
 impurity imap indices:
       1
 impurity num_spin_orbitals:
       2
 transformation db_to_sab read in.
 imp =  1 v2e(1,1,1,1) = 2.00
 mott localized orbital info:
 i=  1 nsorb= 2 nelect= 1
    idx_orb=  1  2
 ispin_in= 1 iso= 1 ispin= 1 ispo= 1
************     h1e-unsym  ************
 imp=  1
 real part
  -1.0000   0.0000
   0.0000  -1.0000
   orbital splitting:
   0.00000   0.00000
 imp=  1 eigen values of h1e-unsym:
   -1.0000   -1.0000
************       h1e-sym  ************
 imp=  1
 real part
  -1.0000   0.0000
   0.0000  -1.0000
   orbital splitting:
   0.00000   0.00000
 imp=  1 eigen values of   h1e-sym:
   -1.0000   -1.0000
 max error due to symm in h1e =     0.000000
 min/max(this%ne(1,:,:))=       2       2
 min/max(this%ne(2,:,:))=       1       1
 min/max(this%ne(3,:,:))=       2       2
 this%nmax=   2
 valence electrons: total=     0.0
         correlated block=     0.0
 correlated block: emin/emix=   -1.1209    2.2469
 calc_band_all takes    0 h  0 m  0.01 s(cpu).
                        0 h  0 m  0.01 s(wall).
 gutz fermi level=      0.00000000
************     nks-unsym  ************
 imp=  1
 real part
   0.9656   0.0000
   0.0000   0.9656
   sub_tot=  1.931269
 imp=  1 eigen values of nks-unsym:
    0.9656    0.9656
************       nks-sym  ************
 imp=  1
 real part
   0.9656   0.0000
   0.0000   0.9656
   sub_tot=  1.931269
 max error due to symm in nks =     0.000000
 imp=  1 eigen values of   nks-sym:
    0.9656    0.9656
 nele_loc total:
       0.96563   0.96563
 no double counting.
************         r-inp  ************
 imp=  1
 real part
   0.0000   0.0000
   0.0000   0.0000
************     r-inp-sym  ************
 imp=  1
 real part
   0.0000   0.0000
   0.0000   0.0000
 max error due to symm in r-inp =     0.000000
************       la1-inp  ************
 imp=  1
 real part
   0.0000   0.0000
   0.0000   0.0000
************   la1-inp-sym  ************
 imp=  1
 real part
   0.0000   0.0000
   0.0000   0.0000
 max error due to symm in la1-inp =     0.000000
 maximal local symmetrization error =    0.00000
 CyGInit takes    0 h  0 m  0.05 s(cpu).
                  0 h  0 m  0.24 s(wall).
 total number of impurities =    1
 impurity imap indices:
       1
 impurity num_spin_orbitals:
       2
 transformation db_to_sab read in.
 imp =  1 v2e(1,1,1,1) = 2.00
 mott localized orbital info:
 i=  1 nsorb= 2 nelect= 1
    idx_orb=  1  2
 ispin_in= 1 iso= 1 ispin= 1 ispo= 1
************     h1e-unsym  ************
 imp=  1
 real part
  -1.0000   0.0000
   0.0000  -1.0000
   orbital splitting:
   0.00000   0.00000
 imp=  1 eigen values of h1e-unsym:
   -1.0000   -1.0000
************       h1e-sym  ************
 imp=  1
 real part
  -1.0000   0.0000
   0.0000  -1.0000
   orbital splitting:
   0.00000   0.00000
 imp=  1 eigen values of   h1e-sym:
   -1.0000   -1.0000
 max error due to symm in h1e =     0.000000
 min/max(this%ne(1,:,:))=       2       2
 min/max(this%ne(2,:,:))=       1       1
 min/max(this%ne(3,:,:))=       2       2
 this%nmax=   2
 valence electrons: total=     0.0
         correlated block=     0.0
 no double counting.
************          r-in  ************
 imp=  1
 real part
   0.0000   0.0000
   0.0000   0.0000
************        la1-in  ************
 imp=  1
 real part
  30.0000   0.0000
   0.0000  30.0000
 calc_band_all takes    0 h  0 m  0.01 s(cpu).
                        0 h  0 m  0.01 s(wall).
 gutz fermi level=      0.00000000
************     nks-unsym  ************
 imp=  1
 real part
   0.5000   0.0000
   0.0000   0.5000
   sub_tot=  1.000000
 imp=  1 eigen values of nks-unsym:
    0.5000    0.5000
************       nks-sym  ************
 imp=  1
 real part
   0.5000   0.0000
   0.0000   0.5000
   sub_tot=  1.000000
 max error due to symm in nks =     0.000000
 imp=  1 eigen values of   nks-sym:
    0.5000    0.5000
 nele_loc total:
       0.50000   0.50000
************    isimix-var  ************
 imp=  1
 real part
   2.0000   0.0000
   0.0000   2.0000
************      d0-unsym  ************
 imp=  1
 real part
   0.0000   0.0000
   0.0000   0.0000
************        d0-sym  ************
 imp=  1
 real part
   0.0000   0.0000
   0.0000   0.0000
 max error due to symm in d0 =     0.000000
************         d-sym  ************
 imp=  1
 real part
   0.0000   0.0000
   0.0000   0.0000
************           la2  ************
 imp=  1
 real part
   0.0000   0.0000
   0.0000   0.0000
 CyGBand takes    0 h  0 m  0.04 s(cpu).
                  0 h  0 m  0.24 s(wall).
 total number of impurities =    1
 impurity imap indices:
       1
 impurity num_spin_orbitals:
       2
 transformation db_to_sab read in.
 imp =  1 v2e(1,1,1,1) = 2.00
 mott localized orbital info:
 i=  1 nsorb= 2 nelect= 1
    idx_orb=  1  2
 e_mol = -.9898187 e_tot = -.9898187
************     nks-unsym  ************
 imp=  1
 real part
   0.5000   0.0000
   0.0000   0.5000
   sub_tot=  1.000000
 imp=  1 eigen values of nks-unsym:
    0.5000    0.5000
************       nks-sym  ************
 imp=  1
 real part
   0.5000   0.0000
   0.0000   0.5000
   sub_tot=  1.000000
 max error due to symm in nks =     0.000000
 imp=  1 eigen values of   nks-sym:
    0.5000    0.5000
 nele_loc total:
       0.50000   0.50000
************     ncv-unsym  ************
 imp=  1
 real part
  -0.0291  -0.0000
  -0.0000  -0.0291
   sub_tot= -0.058238
************       ncv-sym  ************
 imp=  1
 real part
  -0.0291   0.0000
   0.0000  -0.0291
   sub_tot= -0.058238
 max error due to symm in ncv =     0.000000
************    isimix-var  ************
 imp=  1
 real part
   2.0000   0.0000
   0.0000   2.0000
************        r0-out  ************
 imp=  1
 real part
   0.0050   0.0000
   0.0000   0.0050
************         r-out  ************
 imp=  1
 real part
   0.0101   0.0000
   0.0000   0.0101
************     r-out-sym  ************
 imp=  1
 real part
   0.0101   0.0000
   0.0000   0.0101
 max error due to symm in r-out =     0.000000
************     z-out-sym  ************
 imp=  1
 real part
   0.0001   0.0000
   0.0000   0.0001
 imp=  1 eigen values of         z:
    0.0001    0.0001
 maxerr =     0.000000
 CyGErr takes    0 h  0 m  0.03 s(cpu).
                 0 h  0 m  0.22 s(wall).
 total number of impurities =    1
 impurity imap indices:
       1
 impurity num_spin_orbitals:
       2
 transformation db_to_sab read in.
 imp =  1 v2e(1,1,1,1) = 2.00
 mott localized orbital info:
 i=  1 nsorb= 2 nelect= 1
    idx_orb=  1  2
 ispin_in= 1 iso= 1 ispin= 1 ispo= 1
************     h1e-unsym  ************
 imp=  1
 real part
  -1.0000   0.0000
   0.0000  -1.0000
   orbital splitting:
   0.00000   0.00000
 imp=  1 eigen values of h1e-unsym:
   -1.0000   -1.0000
************       h1e-sym  ************
 imp=  1
 real part
  -1.0000   0.0000
   0.0000  -1.0000
   orbital splitting:
   0.00000   0.00000
 imp=  1 eigen values of   h1e-sym:
   -1.0000   -1.0000
 max error due to symm in h1e =     0.000000
 min/max(this%ne(1,:,:))=       2       2
 min/max(this%ne(2,:,:))=       1       1
 min/max(this%ne(3,:,:))=       2       2
 this%nmax=   2
 valence electrons: total=     0.0
         correlated block=     0.0
 no double counting.
************          r-in  ************
 imp=  1
 real part
   0.0000   0.0000
   0.0000   0.0000
************        la1-in  ************
 imp=  1
 real part
  30.0000   0.0000
   0.0000  30.0000
 calc_band_all takes    0 h  0 m  0.01 s(cpu).
                        0 h  0 m  0.01 s(wall).
 gutz fermi level=      0.00000000
************     nks-unsym  ************
 imp=  1
 real part
   0.5000   0.0000
   0.0000   0.5000
   sub_tot=  1.000000
 imp=  1 eigen values of nks-unsym:
    0.5000    0.5000
************       nks-sym  ************
 imp=  1
 real part
   0.5000   0.0000
   0.0000   0.5000
   sub_tot=  1.000000
 max error due to symm in nks =     0.000000
 imp=  1 eigen values of   nks-sym:
    0.5000    0.5000
 nele_loc total:
       0.50000   0.50000
************    isimix-var  ************
 imp=  1
 real part
   2.0000   0.0000
   0.0000   2.0000
************      d0-unsym  ************
 imp=  1
 real part
   0.0000   0.0000
   0.0000   0.0000
************        d0-sym  ************
 imp=  1
 real part
   0.0000   0.0000
   0.0000   0.0000
 max error due to symm in d0 =     0.000000
************         d-sym  ************
 imp=  1
 real part
   0.0000   0.0000
   0.0000   0.0000
************           la2  ************
 imp=  1
 real part
   0.0000   0.0000
   0.0000   0.0000
 e_mol = -.9898187 e_tot = -.9898187
************     ncv-unsym  ************
 imp=  1
 real part
  -0.0291  -0.0000
  -0.0000  -0.0291
   sub_tot= -0.058238
************       ncv-sym  ************
 imp=  1
 real part
  -0.0291   0.0000
   0.0000  -0.0291
   sub_tot= -0.058238
 max error due to symm in ncv =     0.000000
************     ncp-unsym  ************
 imp=  1
 real part
  -0.0291   0.0000
   0.0000  -0.0291
   sub_tot= -0.058238
************       ncp-sym  ************
 imp=  1
 real part
  -0.0291   0.0000
   0.0000  -0.0291
   sub_tot= -0.058238
 max error due to symm in ncp =     0.000000
 imp=  1 sum_phy-sum_var=     -0.00000000
        sum_phy-sum_ks =     -1.05823822 would be renormalized!
************    ncp-renorm  ************
 imp=  1
 real part
   0.0000   0.0000
   0.0000   0.0000
   sub_tot=  0.000000
************    isimix-var  ************
 imp=  1
 real part
   2.0000   0.0000
   0.0000   2.0000
************        r0-out  ************
 imp=  1
 real part
   0.0050   0.0000
   0.0000   0.0050
************         r-out  ************
 imp=  1
 real part
   0.0101   0.0000
   0.0000   0.0101
************     r-out-sym  ************
 imp=  1
 real part
   0.0101   0.0000
   0.0000   0.0101
 max error due to symm in r-out =     0.000000
************     z-out-sym  ************
 imp=  1
 real part
   0.0001   0.0000
   0.0000   0.0001
 imp=  1 eigen values of         z:
    0.0001    0.0001
 e_total_model = -1.0536988
 total number of electrons in simulation: 1.00000
 maximal local symmetrization error =    0.00000
 CyGFinal takes    0 h  0 m  0.05 s(cpu).
                   0 h  0 m  0.24 s(wall).
 total number of impurities =    1
 impurity imap indices:
       1
 impurity num_spin_orbitals:
       2
 transformation db_to_sab read in.
 imp =  1 v2e(1,1,1,1) = 2.00
 mott localized orbital info:
 i=  1 nsorb= 2 nelect= 1
    idx_orb=  1  2
 ispin_in= 1 iso= 1 ispin= 1 ispo= 1
************     h1e-unsym  ************
 imp=  1
 real part
  -1.0000   0.0000
   0.0000  -1.0000
   orbital splitting:
   0.00000   0.00000
 imp=  1 eigen values of h1e-unsym:
   -1.0000   -1.0000
************       h1e-sym  ************
 imp=  1
 real part
  -1.0000   0.0000
   0.0000  -1.0000
   orbital splitting:
   0.00000   0.00000
 imp=  1 eigen values of   h1e-sym:
   -1.0000   -1.0000
 max error due to symm in h1e =     0.000000
 min/max(this%ne(1,:,:))=       2       2
 min/max(this%ne(2,:,:))=       1       1
 min/max(this%ne(3,:,:))=       2       2
 this%nmax=   2
 valence electrons: total=     0.0
         correlated block=     0.0
 no double counting.
************          r-in  ************
 imp=  1
 real part
   0.0000   0.0000
   0.0000   0.0000
************        la1-in  ************
 imp=  1
 real part
  30.0000   0.0000
   0.0000  30.0000
 calc_band_all takes    0 h  0 m  0.01 s(cpu).
                        0 h  0 m  0.01 s(wall).
 gutz fermi level=      0.00000000
************     nks-unsym  ************
 imp=  1
 real part
   0.5000   0.0000
   0.0000   0.5000
   sub_tot=  1.000000
 imp=  1 eigen values of nks-unsym:
    0.5000    0.5000
************       nks-sym  ************
 imp=  1
 real part
   0.5000   0.0000
   0.0000   0.5000
   sub_tot=  1.000000
 max error due to symm in nks =     0.000000
 imp=  1 eigen values of   nks-sym:
    0.5000    0.5000
 nele_loc total:
       0.50000   0.50000
************    isimix-var  ************
 imp=  1
 real part
   2.0000   0.0000
   0.0000   2.0000
************      d0-unsym  ************
 imp=  1
 real part
   0.0000   0.0000
   0.0000   0.0000
************        d0-sym  ************
 imp=  1
 real part
   0.0000   0.0000
   0.0000   0.0000
 max error due to symm in d0 =     0.000000
************         d-sym  ************
 imp=  1
 real part
   0.0000   0.0000
   0.0000   0.0000
************           la2  ************
 imp=  1
 real part
   0.0000   0.0000
   0.0000   0.0000
 CyGBand takes    0 h  0 m  0.04 s(cpu).
                  0 h  0 m  0.24 s(wall).
 total number of impurities =    1
 impurity imap indices:
       1
 impurity num_spin_orbitals:
       2
 transformation db_to_sab read in.
 imp =  1 v2e(1,1,1,1) = 2.00
 mott localized orbital info:
 i=  1 nsorb= 2 nelect= 1
    idx_orb=  1  2
 e_mol = -.9543933 e_tot = -.9543933
************     nks-unsym  ************
 imp=  1
 real part
   0.5000   0.0000
   0.0000   0.5000
   sub_tot=  1.000000
 imp=  1 eigen values of nks-unsym:
    0.5000    0.5000
************       nks-sym  ************
 imp=  1
 real part
   0.5000   0.0000
   0.0000   0.5000
   sub_tot=  1.000000
 max error due to symm in nks =     0.000000
 imp=  1 eigen values of   nks-sym:
    0.5000    0.5000
 nele_loc total:
       0.50000   0.50000
************     ncv-unsym  ************
 imp=  1
 real part
   0.0028  -0.0000
  -0.0000   0.0028
   sub_tot=  0.005560
************       ncv-sym  ************
 imp=  1
 real part
   0.0028   0.0000
   0.0000   0.0028
   sub_tot=  0.005560
 max error due to symm in ncv =     0.000000
************    isimix-var  ************
 imp=  1
 real part
   2.0000   0.0000
   0.0000   2.0000
************        r0-out  ************
 imp=  1
 real part
  -0.0018   0.0000
   0.0000  -0.0018
************         r-out  ************
 imp=  1
 real part
  -0.0035   0.0000
   0.0000  -0.0035
************     r-out-sym  ************
 imp=  1
 real part
  -0.0035   0.0000
   0.0000  -0.0035
 max error due to symm in r-out =     0.000000
************     z-out-sym  ************
 imp=  1
 real part
   0.0000   0.0000
   0.0000   0.0000
 imp=  1 eigen values of         z:
    0.0000    0.0000
 maxerr =     0.000000
 CyGErr takes    0 h  0 m  0.03 s(cpu).
                 0 h  0 m  0.22 s(wall).
 total number of impurities =    1
 impurity imap indices:
       1
 impurity num_spin_orbitals:
       2
 transformation db_to_sab read in.
 imp =  1 v2e(1,1,1,1) = 2.00
 mott localized orbital info:
 i=  1 nsorb= 2 nelect= 1
    idx_orb=  1  2
 ispin_in= 1 iso= 1 ispin= 1 ispo= 1
************     h1e-unsym  ************
 imp=  1
 real part
  -1.0000   0.0000
   0.0000  -1.0000
   orbital splitting:
   0.00000   0.00000
 imp=  1 eigen values of h1e-unsym:
   -1.0000   -1.0000
************       h1e-sym  ************
 imp=  1
 real part
  -1.0000   0.0000
   0.0000  -1.0000
   orbital splitting:
   0.00000   0.00000
 imp=  1 eigen values of   h1e-sym:
   -1.0000   -1.0000
 max error due to symm in h1e =     0.000000
 min/max(this%ne(1,:,:))=       2       2
 min/max(this%ne(2,:,:))=       1       1
 min/max(this%ne(3,:,:))=       2       2
 this%nmax=   2
 valence electrons: total=     0.0
         correlated block=     0.0
 no double counting.
************          r-in  ************
 imp=  1
 real part
   0.0000   0.0000
   0.0000   0.0000
************        la1-in  ************
 imp=  1
 real part
  30.0000   0.0000
   0.0000  30.0000
 calc_band_all takes    0 h  0 m  0.01 s(cpu).
                        0 h  0 m  0.01 s(wall).
 gutz fermi level=      0.00000000
************     nks-unsym  ************
 imp=  1
 real part
   0.5000   0.0000
   0.0000   0.5000
   sub_tot=  1.000000
 imp=  1 eigen values of nks-unsym:
    0.5000    0.5000
************       nks-sym  ************
 imp=  1
 real part
   0.5000   0.0000
   0.0000   0.5000
   sub_tot=  1.000000
 max error due to symm in nks =     0.000000
 imp=  1 eigen values of   nks-sym:
    0.5000    0.5000
 nele_loc total:
       0.50000   0.50000
************    isimix-var  ************
 imp=  1
 real part
   2.0000   0.0000
   0.0000   2.0000
************      d0-unsym  ************
 imp=  1
 real part
   0.0000   0.0000
   0.0000   0.0000
************        d0-sym  ************
 imp=  1
 real part
   0.0000   0.0000
   0.0000   0.0000
 max error due to symm in d0 =     0.000000
************         d-sym  ************
 imp=  1
 real part
   0.0000   0.0000
   0.0000   0.0000
************           la2  ************
 imp=  1
 real part
   0.0000   0.0000
   0.0000   0.0000
 e_mol = -.9543933 e_tot = -.9543933
************     ncv-unsym  ************
 imp=  1
 real part
   0.0028  -0.0000
  -0.0000   0.0028
   sub_tot=  0.005560
************       ncv-sym  ************
 imp=  1
 real part
   0.0028   0.0000
   0.0000   0.0028
   sub_tot=  0.005560
 max error due to symm in ncv =     0.000000
************     ncp-unsym  ************
 imp=  1
 real part
   0.0028   0.0000
   0.0000   0.0028
   sub_tot=  0.005560
************       ncp-sym  ************
 imp=  1
 real part
   0.0028   0.0000
   0.0000   0.0028
   sub_tot=  0.005560
 max error due to symm in ncp =     0.000000
 imp=  1 sum_phy-sum_var=     -0.00000000
        sum_phy-sum_ks =     -0.99443957 would be renormalized!
************    ncp-renorm  ************
 imp=  1
 real part
   0.5000   0.0000
   0.0000   0.5000
   sub_tot=  1.000000
************    isimix-var  ************
 imp=  1
 real part
   2.0000   0.0000
   0.0000   2.0000
************        r0-out  ************
 imp=  1
 real part
  -0.0018   0.0000
   0.0000  -0.0018
************         r-out  ************
 imp=  1
 real part
  -0.0035   0.0000
   0.0000  -0.0035
************     r-out-sym  ************
 imp=  1
 real part
  -0.0035   0.0000
   0.0000  -0.0035
 max error due to symm in r-out =     0.000000
************     z-out-sym  ************
 imp=  1
 real part
   0.0000   0.0000
   0.0000   0.0000
 imp=  1 eigen values of         z:
    0.0000    0.0000
 e_total_model = -1.9544748
 total number of electrons in simulation: 1.00000
 maximal local symmetrization error =    0.00000
 CyGFinal takes    0 h  0 m  0.05 s(cpu).
                   0 h  0 m  0.24 s(wall).
 total number of impurities =    1
 impurity imap indices:
       1
 impurity num_spin_orbitals:
       2
 transformation db_to_sab read in.
 imp =  1 v2e(1,1,1,1) = 2.00
 mott localized orbital info:
 i=  1 nsorb= 2 nelect= 1
    idx_orb=  1  2
 ispin_in= 1 iso= 1 ispin= 1 ispo= 1
************     h1e-unsym  ************
 imp=  1
 real part
  -1.0000   0.0000
   0.0000  -1.0000
   orbital splitting:
   0.00000   0.00000
 imp=  1 eigen values of h1e-unsym:
   -1.0000   -1.0000
************       h1e-sym  ************
 imp=  1
 real part
  -1.0000   0.0000
   0.0000  -1.0000
   orbital splitting:
   0.00000   0.00000
 imp=  1 eigen values of   h1e-sym:
   -1.0000   -1.0000
 max error due to symm in h1e =     0.000000
 min/max(this%ne(1,:,:))=       2       2
 min/max(this%ne(2,:,:))=       1       1
 min/max(this%ne(3,:,:))=       2       2
 this%nmax=   2
 valence electrons: total=     0.0
         correlated block=     0.0
 no double counting.
************          r-in  ************
 imp=  1
 real part
   0.0000   0.0000
   0.0000   0.0000
************        la1-in  ************
 imp=  1
 real part
  30.0000   0.0000
   0.0000  30.0000
 calc_band_all takes    0 h  0 m  0.01 s(cpu).
                        0 h  0 m  0.00 s(wall).
 gutz fermi level=      0.00000000
************     nks-unsym  ************
 imp=  1
 real part
   0.5000   0.0000
   0.0000   0.5000
   sub_tot=  1.000000
 imp=  1 eigen values of nks-unsym:
    0.5000    0.5000
************       nks-sym  ************
 imp=  1
 real part
   0.5000   0.0000
   0.0000   0.5000
   sub_tot=  1.000000
 max error due to symm in nks =     0.000000
 imp=  1 eigen values of   nks-sym:
    0.5000    0.5000
 nele_loc total:
       0.50000   0.50000
************    isimix-var  ************
 imp=  1
 real part
   2.0000   0.0000
   0.0000   2.0000
************      d0-unsym  ************
 imp=  1
 real part
   0.0000   0.0000
   0.0000   0.0000
************        d0-sym  ************
 imp=  1
 real part
   0.0000   0.0000
   0.0000   0.0000
 max error due to symm in d0 =     0.000000
************         d-sym  ************
 imp=  1
 real part
   0.0000   0.0000
   0.0000   0.0000
************           la2  ************
 imp=  1
 real part
   0.0000   0.0000
   0.0000   0.0000
 CyGBand takes    0 h  0 m  0.04 s(cpu).
                  0 h  0 m  0.24 s(wall).
 total number of impurities =    1
 impurity imap indices:
       1
 impurity num_spin_orbitals:
       2
 transformation db_to_sab read in.
 imp =  1 v2e(1,1,1,1) = 2.00
 mott localized orbital info:
 i=  1 nsorb= 2 nelect= 1
    idx_orb=  1  2
 e_mol = -.9698745 e_tot = -.9698745
************     nks-unsym  ************
 imp=  1
 real part
   0.5000   0.0000
   0.0000   0.5000
   sub_tot=  1.000000
 imp=  1 eigen values of nks-unsym:
    0.5000    0.5000
************       nks-sym  ************
 imp=  1
 real part
   0.5000   0.0000
   0.0000   0.5000
   sub_tot=  1.000000
 max error due to symm in nks =     0.000000
 imp=  1 eigen values of   nks-sym:
    0.5000    0.5000
 nele_loc total:
       0.50000   0.50000
************     ncv-unsym  ************
 imp=  1
 real part
  -0.0164  -0.0000
  -0.0000  -0.0164
   sub_tot= -0.032777
************       ncv-sym  ************
 imp=  1
 real part
  -0.0164   0.0000
   0.0000  -0.0164
   sub_tot= -0.032777
 max error due to symm in ncv =     0.000000
************    isimix-var  ************
 imp=  1
 real part
   2.0000   0.0000
   0.0000   2.0000
************        r0-out  ************
 imp=  1
 real part
  -0.0038   0.0000
   0.0000  -0.0038
************         r-out  ************
 imp=  1
 real part
  -0.0076   0.0000
   0.0000  -0.0076
************     r-out-sym  ************
 imp=  1
 real part
  -0.0076   0.0000
   0.0000  -0.0076
 max error due to symm in r-out =     0.000000
************     z-out-sym  ************
 imp=  1
 real part
   0.0001   0.0000
   0.0000   0.0001
 imp=  1 eigen values of         z:
    0.0001    0.0001
 maxerr =     0.000000
 CyGErr takes    0 h  0 m  0.03 s(cpu).
                 0 h  0 m  0.22 s(wall).
 total number of impurities =    1
 impurity imap indices:
       1
 impurity num_spin_orbitals:
       2
 transformation db_to_sab read in.
 imp =  1 v2e(1,1,1,1) = 2.00
 mott localized orbital info:
 i=  1 nsorb= 2 nelect= 1
    idx_orb=  1  2
 ispin_in= 1 iso= 1 ispin= 1 ispo= 1
************     h1e-unsym  ************
 imp=  1
 real part
  -1.0000   0.0000
   0.0000  -1.0000
   orbital splitting:
   0.00000   0.00000
 imp=  1 eigen values of h1e-unsym:
   -1.0000   -1.0000
************       h1e-sym  ************
 imp=  1
 real part
  -1.0000   0.0000
   0.0000  -1.0000
   orbital splitting:
   0.00000   0.00000
 imp=  1 eigen values of   h1e-sym:
   -1.0000   -1.0000
 max error due to symm in h1e =     0.000000
 min/max(this%ne(1,:,:))=       2       2
 min/max(this%ne(2,:,:))=       1       1
 min/max(this%ne(3,:,:))=       2       2
 this%nmax=   2
 valence electrons: total=     0.0
         correlated block=     0.0
 no double counting.
************          r-in  ************
 imp=  1
 real part
   0.0000   0.0000
   0.0000   0.0000
************        la1-in  ************
 imp=  1
 real part
  30.0000   0.0000
   0.0000  30.0000
 calc_band_all takes    0 h  0 m  0.01 s(cpu).
                        0 h  0 m  0.01 s(wall).
 gutz fermi level=      0.00000000
************     nks-unsym  ************
 imp=  1
 real part
   0.5000   0.0000
   0.0000   0.5000
   sub_tot=  1.000000
 imp=  1 eigen values of nks-unsym:
    0.5000    0.5000
************       nks-sym  ************
 imp=  1
 real part
   0.5000   0.0000
   0.0000   0.5000
   sub_tot=  1.000000
 max error due to symm in nks =     0.000000
 imp=  1 eigen values of   nks-sym:
    0.5000    0.5000
 nele_loc total:
       0.50000   0.50000
************    isimix-var  ************
 imp=  1
 real part
   2.0000   0.0000
   0.0000   2.0000
************      d0-unsym  ************
 imp=  1
 real part
   0.0000   0.0000
   0.0000   0.0000
************        d0-sym  ************
 imp=  1
 real part
   0.0000   0.0000
   0.0000   0.0000
 max error due to symm in d0 =     0.000000
************         d-sym  ************
 imp=  1
 real part
   0.0000   0.0000
   0.0000   0.0000
************           la2  ************
 imp=  1
 real part
   0.0000   0.0000
   0.0000   0.0000
 e_mol = -.9698745 e_tot = -.9698745
************     ncv-unsym  ************
 imp=  1
 real part
  -0.0164  -0.0000
  -0.0000  -0.0164
   sub_tot= -0.032777
************       ncv-sym  ************
 imp=  1
 real part
  -0.0164   0.0000
   0.0000  -0.0164
   sub_tot= -0.032777
 max error due to symm in ncv =     0.000000
************     ncp-unsym  ************
 imp=  1
 real part
  -0.0164   0.0000
   0.0000  -0.0164
   sub_tot= -0.032777
************       ncp-sym  ************
 imp=  1
 real part
  -0.0164   0.0000
   0.0000  -0.0164
   sub_tot= -0.032777
 max error due to symm in ncp =     0.000000
 imp=  1 sum_phy-sum_var=     -0.00000000
        sum_phy-sum_ks =     -1.03277729 would be renormalized!
************    ncp-renorm  ************
 imp=  1
 real part
   0.0000   0.0000
   0.0000   0.0000
   sub_tot=  0.000000
************    isimix-var  ************
 imp=  1
 real part
   2.0000   0.0000
   0.0000   2.0000
************        r0-out  ************
 imp=  1
 real part
  -0.0038   0.0000
   0.0000  -0.0038
************         r-out  ************
 imp=  1
 real part
  -0.0076   0.0000
   0.0000  -0.0076
************     r-out-sym  ************
 imp=  1
 real part
  -0.0076   0.0000
   0.0000  -0.0076
 max error due to symm in r-out =     0.000000
************     z-out-sym  ************
 imp=  1
 real part
   0.0001   0.0000
   0.0000   0.0001
 imp=  1 eigen values of         z:
    0.0001    0.0001
 e_total_model = -1.0082937
 total number of electrons in simulation: 1.00000
 maximal local symmetrization error =    0.00000
 CyGFinal takes    0 h  0 m  0.04 s(cpu).
                   0 h  0 m  0.24 s(wall).
 total number of impurities =    1
 impurity imap indices:
       1
 impurity num_spin_orbitals:
       2
 transformation db_to_sab read in.
 imp =  1 v2e(1,1,1,1) = 2.00
 mott localized orbital info:
 i=  1 nsorb= 2 nelect= 1
    idx_orb=  1  2
 ispin_in= 1 iso= 1 ispin= 1 ispo= 1
************     h1e-unsym  ************
 imp=  1
 real part
  -1.0000   0.0000
   0.0000  -1.0000
   orbital splitting:
   0.00000   0.00000
 imp=  1 eigen values of h1e-unsym:
   -1.0000   -1.0000
************       h1e-sym  ************
 imp=  1
 real part
  -1.0000   0.0000
   0.0000  -1.0000
   orbital splitting:
   0.00000   0.00000
 imp=  1 eigen values of   h1e-sym:
   -1.0000   -1.0000
 max error due to symm in h1e =     0.000000
 min/max(this%ne(1,:,:))=       2       2
 min/max(this%ne(2,:,:))=       1       1
 min/max(this%ne(3,:,:))=       2       2
 this%nmax=   2
 valence electrons: total=     0.0
         correlated block=     0.0
 no double counting.
************          r-in  ************
 imp=  1
 real part
   0.0000   0.0000
   0.0000   0.0000
************        la1-in  ************
 imp=  1
 real part
  30.0000   0.0000
   0.0000  30.0000
 calc_band_all takes    0 h  0 m  0.01 s(cpu).
                        0 h  0 m  0.01 s(wall).
 gutz fermi level=      0.00000000
************     nks-unsym  ************
 imp=  1
 real part
   0.5000   0.0000
   0.0000   0.5000
   sub_tot=  1.000000
 imp=  1 eigen values of nks-unsym:
    0.5000    0.5000
************       nks-sym  ************
 imp=  1
 real part
   0.5000   0.0000
   0.0000   0.5000
   sub_tot=  1.000000
 max error due to symm in nks =     0.000000
 imp=  1 eigen values of   nks-sym:
    0.5000    0.5000
 nele_loc total:
       0.50000   0.50000
************    isimix-var  ************
 imp=  1
 real part
   2.0000   0.0000
   0.0000   2.0000
************      d0-unsym  ************
 imp=  1
 real part
   0.0000   0.0000
   0.0000   0.0000
************        d0-sym  ************
 imp=  1
 real part
   0.0000   0.0000
   0.0000   0.0000
 max error due to symm in d0 =     0.000000
************         d-sym  ************
 imp=  1
 real part
   0.0000   0.0000
   0.0000   0.0000
************           la2  ************
 imp=  1
 real part
   0.0000   0.0000
   0.0000   0.0000
 CyGBand takes    0 h  0 m  0.04 s(cpu).
                  0 h  0 m  0.24 s(wall).
 total number of impurities =    1
 impurity imap indices:
       1
 impurity num_spin_orbitals:
       2
 transformation db_to_sab read in.
 imp =  1 v2e(1,1,1,1) = 2.00
 mott localized orbital info:
 i=  1 nsorb= 2 nelect= 1
    idx_orb=  1  2
 e_mol = -.9744770 e_tot = -.9744770
************     nks-unsym  ************
 imp=  1
 real part
   0.5000   0.0000
   0.0000   0.5000
   sub_tot=  1.000000
 imp=  1 eigen values of nks-unsym:
    0.5000    0.5000
************       nks-sym  ************
 imp=  1
 real part
   0.5000   0.0000
   0.0000   0.5000
   sub_tot=  1.000000
 max error due to symm in nks =     0.000000
 imp=  1 eigen values of   nks-sym:
    0.5000    0.5000
 nele_loc total:
       0.50000   0.50000
************     ncv-unsym  ************
 imp=  1
 real part
  -0.0034  -0.0000
  -0.0000  -0.0034
   sub_tot= -0.006731
************       ncv-sym  ************
 imp=  1
 real part
  -0.0034   0.0000
   0.0000  -0.0034
   sub_tot= -0.006731
 max error due to symm in ncv =     0.000000
************    isimix-var  ************
 imp=  1
 real part
   2.0000   0.0000
   0.0000   2.0000
************        r0-out  ************
 imp=  1
 real part
   0.0023   0.0000
   0.0000   0.0023
************         r-out  ************
 imp=  1
 real part
   0.0046   0.0000
   0.0000   0.0046
************     r-out-sym  ************
 imp=  1
 real part
   0.0046   0.0000
   0.0000   0.0046
 max error due to symm in r-out =     0.000000
************     z-out-sym  ************
 imp=  1
 real part
   0.0000   0.0000
   0.0000   0.0000
 imp=  1 eigen values of         z:
    0.0000    0.0000
 maxerr =     0.000000
 CyGErr takes    0 h  0 m  0.03 s(cpu).
                 0 h  0 m  0.22 s(wall).
 total number of impurities =    1
 impurity imap indices:
       1
 impurity num_spin_orbitals:
       2
 transformation db_to_sab read in.
 imp =  1 v2e(1,1,1,1) = 2.00
 mott localized orbital info:
 i=  1 nsorb= 2 nelect= 1
    idx_orb=  1  2
 ispin_in= 1 iso= 1 ispin= 1 ispo= 1
************     h1e-unsym  ************
 imp=  1
 real part
  -1.0000   0.0000
   0.0000  -1.0000
   orbital splitting:
   0.00000   0.00000
 imp=  1 eigen values of h1e-unsym:
   -1.0000   -1.0000
************       h1e-sym  ************
 imp=  1
 real part
  -1.0000   0.0000
   0.0000  -1.0000
   orbital splitting:
   0.00000   0.00000
 imp=  1 eigen values of   h1e-sym:
   -1.0000   -1.0000
 max error due to symm in h1e =     0.000000
 min/max(this%ne(1,:,:))=       2       2
 min/max(this%ne(2,:,:))=       1       1
 min/max(this%ne(3,:,:))=       2       2
 this%nmax=   2
 valence electrons: total=     0.0
         correlated block=     0.0
 no double counting.
************          r-in  ************
 imp=  1
 real part
   0.0000   0.0000
   0.0000   0.0000
************        la1-in  ************
 imp=  1
 real part
  30.0000   0.0000
   0.0000  30.0000
 calc_band_all takes    0 h  0 m  0.01 s(cpu).
                        0 h  0 m  0.01 s(wall).
 gutz fermi level=      0.00000000
************     nks-unsym  ************
 imp=  1
 real part
   0.5000   0.0000
   0.0000   0.5000
   sub_tot=  1.000000
 imp=  1 eigen values of nks-unsym:
    0.5000    0.5000
************       nks-sym  ************
 imp=  1
 real part
   0.5000   0.0000
   0.0000   0.5000
   sub_tot=  1.000000
 max error due to symm in nks =     0.000000
 imp=  1 eigen values of   nks-sym:
    0.5000    0.5000
 nele_loc total:
       0.50000   0.50000
************    isimix-var  ************
 imp=  1
 real part
   2.0000   0.0000
   0.0000   2.0000
************      d0-unsym  ************
 imp=  1
 real part
   0.0000   0.0000
   0.0000   0.0000
************        d0-sym  ************
 imp=  1
 real part
   0.0000   0.0000
   0.0000   0.0000
 max error due to symm in d0 =     0.000000
************         d-sym  ************
 imp=  1
 real part
   0.0000   0.0000
   0.0000   0.0000
************           la2  ************
 imp=  1
 real part
   0.0000   0.0000
   0.0000   0.0000
 e_mol = -.9744770 e_tot = -.9744770
************     ncv-unsym  ************
 imp=  1
 real part
  -0.0034  -0.0000
  -0.0000  -0.0034
   sub_tot= -0.006731
************       ncv-sym  ************
 imp=  1
 real part
  -0.0034   0.0000
   0.0000  -0.0034
   sub_tot= -0.006731
 max error due to symm in ncv =     0.000000
************     ncp-unsym  ************
 imp=  1
 real part
  -0.0034   0.0000
   0.0000  -0.0034
   sub_tot= -0.006731
************       ncp-sym  ************
 imp=  1
 real part
  -0.0034   0.0000
   0.0000  -0.0034
   sub_tot= -0.006731
 max error due to symm in ncp =     0.000000
 imp=  1 sum_phy-sum_var=     -0.00000000
        sum_phy-sum_ks =     -1.00673105 would be renormalized!
************    ncp-renorm  ************
 imp=  1
 real part
   0.0000   0.0000
   0.0000   0.0000
   sub_tot=  0.000000
************    isimix-var  ************
 imp=  1
 real part
   2.0000   0.0000
   0.0000   2.0000
************        r0-out  ************
 imp=  1
 real part
   0.0023   0.0000
   0.0000   0.0023
************         r-out  ************
 imp=  1
 real part
   0.0046   0.0000
   0.0000   0.0046
************     r-out-sym  ************
 imp=  1
 real part
   0.0046   0.0000
   0.0000   0.0046
 max error due to symm in r-out =     0.000000
************     z-out-sym  ************
 imp=  1
 real part
   0.0000   0.0000
   0.0000   0.0000
 imp=  1 eigen values of         z:
    0.0000    0.0000
 e_total_model = -.9868499
 total number of electrons in simulation: 1.00000
 maximal local symmetrization error =    0.00000
 CyGFinal takes    0 h  0 m  0.04 s(cpu).
                   0 h  0 m  0.24 s(wall).
 total number of impurities =    1
 impurity imap indices:
       1
 impurity num_spin_orbitals:
       2
 transformation db_to_sab read in.
 imp =  1 v2e(1,1,1,1) = 2.00
 mott localized orbital info:
 i=  1 nsorb= 2 nelect= 1
    idx_orb=  1  2
 ispin_in= 1 iso= 1 ispin= 1 ispo= 1
************     h1e-unsym  ************
 imp=  1
 real part
  -1.0000   0.0000
   0.0000  -1.0000
   orbital splitting:
   0.00000   0.00000
 imp=  1 eigen values of h1e-unsym:
   -1.0000   -1.0000
************       h1e-sym  ************
 imp=  1
 real part
  -1.0000   0.0000
   0.0000  -1.0000
   orbital splitting:
   0.00000   0.00000
 imp=  1 eigen values of   h1e-sym:
   -1.0000   -1.0000
 max error due to symm in h1e =     0.000000
 min/max(this%ne(1,:,:))=       2       2
 min/max(this%ne(2,:,:))=       1       1
 min/max(this%ne(3,:,:))=       2       2
 this%nmax=   2
 valence electrons: total=     0.0
         correlated block=     0.0
 no double counting.
************          r-in  ************
 imp=  1
 real part
   0.0000   0.0000
   0.0000   0.0000
************        la1-in  ************
 imp=  1
 real part
  30.0000   0.0000
   0.0000  30.0000
 calc_band_all takes    0 h  0 m  0.01 s(cpu).
                        0 h  0 m  0.01 s(wall).
 gutz fermi level=      0.00000000
************     nks-unsym  ************
 imp=  1
 real part
   0.5000   0.0000
   0.0000   0.5000
   sub_tot=  1.000000
 imp=  1 eigen values of nks-unsym:
    0.5000    0.5000
************       nks-sym  ************
 imp=  1
 real part
   0.5000   0.0000
   0.0000   0.5000
   sub_tot=  1.000000
 max error due to symm in nks =     0.000000
 imp=  1 eigen values of   nks-sym:
    0.5000    0.5000
 nele_loc total:
       0.50000   0.50000
************    isimix-var  ************
 imp=  1
 real part
   2.0000   0.0000
   0.0000   2.0000
************      d0-unsym  ************
 imp=  1
 real part
   0.0000   0.0000
   0.0000   0.0000
************        d0-sym  ************
 imp=  1
 real part
   0.0000   0.0000
   0.0000   0.0000
 max error due to symm in d0 =     0.000000
************         d-sym  ************
 imp=  1
 real part
   0.0000   0.0000
   0.0000   0.0000
************           la2  ************
 imp=  1
 real part
   0.0000   0.0000
   0.0000   0.0000
 CyGBand takes    0 h  0 m  0.04 s(cpu).
                  0 h  0 m  0.24 s(wall).
 total number of impurities =    1
 impurity imap indices:
       1
 impurity num_spin_orbitals:
       2
 transformation db_to_sab read in.
 imp =  1 v2e(1,1,1,1) = 2.00
 mott localized orbital info:
 i=  1 nsorb= 2 nelect= 1
    idx_orb=  1  2
 e_mol = -.9866109 e_tot = -.9866109
************     nks-unsym  ************
 imp=  1
 real part
   0.5000   0.0000
   0.0000   0.5000
   sub_tot=  1.000000
 imp=  1 eigen values of nks-unsym:
    0.5000    0.5000
************       nks-sym  ************
 imp=  1
 real part
   0.5000   0.0000
   0.0000   0.5000
   sub_tot=  1.000000
 max error due to symm in nks =     0.000000
 imp=  1 eigen values of   nks-sym:
    0.5000    0.5000
 nele_loc total:
       0.50000   0.50000
************     ncv-unsym  ************
 imp=  1
 real part
  -0.0075  -0.0000
  -0.0000  -0.0075
   sub_tot= -0.014925
************       ncv-sym  ************
 imp=  1
 real part
  -0.0075   0.0000
   0.0000  -0.0075
   sub_tot= -0.014925
 max error due to symm in ncv =     0.000000
************    isimix-var  ************
 imp=  1
 real part
   2.0000   0.0000
   0.0000   2.0000
************        r0-out  ************
 imp=  1
 real part
   0.0015   0.0000
   0.0000   0.0015
************         r-out  ************
 imp=  1
 real part
   0.0030   0.0000
   0.0000   0.0030
************     r-out-sym  ************
 imp=  1
 real part
   0.0030   0.0000
   0.0000   0.0030
 max error due to symm in r-out =     0.000000
************     z-out-sym  ************
 imp=  1
 real part
   0.0000   0.0000
   0.0000   0.0000
 imp=  1 eigen values of         z:
    0.0000    0.0000
 maxerr =     0.000000
 CyGErr takes    0 h  0 m  0.03 s(cpu).
                 0 h  0 m  0.22 s(wall).
 total number of impurities =    1
 impurity imap indices:
       1
 impurity num_spin_orbitals:
       2
 transformation db_to_sab read in.
 imp =  1 v2e(1,1,1,1) = 2.00
 mott localized orbital info:
 i=  1 nsorb= 2 nelect= 1
    idx_orb=  1  2
 ispin_in= 1 iso= 1 ispin= 1 ispo= 1
************     h1e-unsym  ************
 imp=  1
 real part
  -1.0000   0.0000
   0.0000  -1.0000
   orbital splitting:
   0.00000   0.00000
 imp=  1 eigen values of h1e-unsym:
   -1.0000   -1.0000
************       h1e-sym  ************
 imp=  1
 real part
  -1.0000   0.0000
   0.0000  -1.0000
   orbital splitting:
   0.00000   0.00000
 imp=  1 eigen values of   h1e-sym:
   -1.0000   -1.0000
 max error due to symm in h1e =     0.000000
 min/max(this%ne(1,:,:))=       2       2
 min/max(this%ne(2,:,:))=       1       1
 min/max(this%ne(3,:,:))=       2       2
 this%nmax=   2
 valence electrons: total=     0.0
         correlated block=     0.0
 no double counting.
************          r-in  ************
 imp=  1
 real part
   0.0000   0.0000
   0.0000   0.0000
************        la1-in  ************
 imp=  1
 real part
  30.0000   0.0000
   0.0000  30.0000
 calc_band_all takes    0 h  0 m  0.01 s(cpu).
                        0 h  0 m  0.00 s(wall).
 gutz fermi level=      0.00000000
************     nks-unsym  ************
 imp=  1
 real part
   0.5000   0.0000
   0.0000   0.5000
   sub_tot=  1.000000
 imp=  1 eigen values of nks-unsym:
    0.5000    0.5000
************       nks-sym  ************
 imp=  1
 real part
   0.5000   0.0000
   0.0000   0.5000
   sub_tot=  1.000000
 max error due to symm in nks =     0.000000
 imp=  1 eigen values of   nks-sym:
    0.5000    0.5000
 nele_loc total:
       0.50000   0.50000
************    isimix-var  ************
 imp=  1
 real part
   2.0000   0.0000
   0.0000   2.0000
************      d0-unsym  ************
 imp=  1
 real part
   0.0000   0.0000
   0.0000   0.0000
************        d0-sym  ************
 imp=  1
 real part
   0.0000   0.0000
   0.0000   0.0000
 max error due to symm in d0 =     0.000000
************         d-sym  ************
 imp=  1
 real part
   0.0000   0.0000
   0.0000   0.0000
************           la2  ************
 imp=  1
 real part
   0.0000   0.0000
   0.0000   0.0000
 e_mol = -.9866109 e_tot = -.9866109
************     ncv-unsym  ************
 imp=  1
 real part
  -0.0075  -0.0000
  -0.0000  -0.0075
   sub_tot= -0.014925
************       ncv-sym  ************
 imp=  1
 real part
  -0.0075   0.0000
   0.0000  -0.0075
   sub_tot= -0.014925
 max error due to symm in ncv =     0.000000
************     ncp-unsym  ************
 imp=  1
 real part
  -0.0075   0.0000
   0.0000  -0.0075
   sub_tot= -0.014925
************       ncp-sym  ************
 imp=  1
 real part
  -0.0075   0.0000
   0.0000  -0.0075
   sub_tot= -0.014925
 max error due to symm in ncp =     0.000000
 imp=  1 sum_phy-sum_var=     -0.00000000
        sum_phy-sum_ks =     -1.01492537 would be renormalized!
************    ncp-renorm  ************
 imp=  1
 real part
   0.0000   0.0000
   0.0000   0.0000
   sub_tot=  0.000000
************    isimix-var  ************
 imp=  1
 real part
   2.0000   0.0000
   0.0000   2.0000
************        r0-out  ************
 imp=  1
 real part
   0.0015   0.0000
   0.0000   0.0015
************         r-out  ************
 imp=  1
 real part
   0.0030   0.0000
   0.0000   0.0030
************     r-out-sym  ************
 imp=  1
 real part
   0.0030   0.0000
   0.0000   0.0030
 max error due to symm in r-out =     0.000000
************     z-out-sym  ************
 imp=  1
 real part
   0.0000   0.0000
   0.0000   0.0000
 imp=  1 eigen values of         z:
    0.0000    0.0000
 e_total_model = -1.0071781
 total number of electrons in simulation: 1.00000
 maximal local symmetrization error =    0.00000
 CyGFinal takes    0 h  0 m  0.04 s(cpu).
                   0 h  0 m  0.24 s(wall).
 total number of impurities =    1
 impurity imap indices:
       1
 impurity num_spin_orbitals:
       2
 transformation db_to_sab read in.
 imp =  1 v2e(1,1,1,1) = 2.00
 mott localized orbital info:
 i=  1 nsorb= 2 nelect= 1
    idx_orb=  1  2
 ispin_in= 1 iso= 1 ispin= 1 ispo= 1
************     h1e-unsym  ************
 imp=  1
 real part
  -1.0000   0.0000
   0.0000  -1.0000
   orbital splitting:
   0.00000   0.00000
 imp=  1 eigen values of h1e-unsym:
   -1.0000   -1.0000
************       h1e-sym  ************
 imp=  1
 real part
  -1.0000   0.0000
   0.0000  -1.0000
   orbital splitting:
   0.00000   0.00000
 imp=  1 eigen values of   h1e-sym:
   -1.0000   -1.0000
 max error due to symm in h1e =     0.000000
 min/max(this%ne(1,:,:))=       2       2
 min/max(this%ne(2,:,:))=       1       1
 min/max(this%ne(3,:,:))=       2       2
 this%nmax=   2
 valence electrons: total=     0.0
         correlated block=     0.0
 no double counting.
************          r-in  ************
 imp=  1
 real part
   0.0000   0.0000
   0.0000   0.0000
************        la1-in  ************
 imp=  1
 real part
  30.0000   0.0000
   0.0000  30.0000
 calc_band_all takes    0 h  0 m  0.01 s(cpu).
                        0 h  0 m  0.01 s(wall).
 gutz fermi level=      0.00000000
************     nks-unsym  ************
 imp=  1
 real part
   0.5000   0.0000
   0.0000   0.5000
   sub_tot=  1.000000
 imp=  1 eigen values of nks-unsym:
    0.5000    0.5000
************       nks-sym  ************
 imp=  1
 real part
   0.5000   0.0000
   0.0000   0.5000
   sub_tot=  1.000000
 max error due to symm in nks =     0.000000
 imp=  1 eigen values of   nks-sym:
    0.5000    0.5000
 nele_loc total:
       0.50000   0.50000
************    isimix-var  ************
 imp=  1
 real part
   2.0000   0.0000
   0.0000   2.0000
************      d0-unsym  ************
 imp=  1
 real part
   0.0000   0.0000
   0.0000   0.0000
************        d0-sym  ************
 imp=  1
 real part
   0.0000   0.0000
   0.0000   0.0000
 max error due to symm in d0 =     0.000000
************         d-sym  ************
 imp=  1
 real part
   0.0000   0.0000
   0.0000   0.0000
************           la2  ************
 imp=  1
 real part
   0.0000   0.0000
   0.0000   0.0000
 CyGBand takes    0 h  0 m  0.04 s(cpu).
                  0 h  0 m  0.24 s(wall).
 total number of impurities =    1
 impurity imap indices:
       1
 impurity num_spin_orbitals:
       2
 transformation db_to_sab read in.
 imp =  1 v2e(1,1,1,1) = 2.00
 mott localized orbital info:
 i=  1 nsorb= 2 nelect= 1
    idx_orb=  1  2
 e_mol = -.9463040 e_tot = -.9463040
************     nks-unsym  ************
 imp=  1
 real part
   0.5000   0.0000
   0.0000   0.5000
   sub_tot=  1.000000
 imp=  1 eigen values of nks-unsym:
    0.5000    0.5000
************       nks-sym  ************
 imp=  1
 real part
   0.5000   0.0000
   0.0000   0.5000
   sub_tot=  1.000000
 max error due to symm in nks =     0.000000
 imp=  1 eigen values of   nks-sym:
    0.5000    0.5000
 nele_loc total:
       0.50000   0.50000
************     ncv-unsym  ************
 imp=  1
 real part
  -0.0101  -0.0000
  -0.0000  -0.0101
   sub_tot= -0.020193
************       ncv-sym  ************
 imp=  1
 real part
  -0.0101   0.0000
   0.0000  -0.0101
   sub_tot= -0.020193
 max error due to symm in ncv =     0.000000
************    isimix-var  ************
 imp=  1
 real part
   2.0000   0.0000
   0.0000   2.0000
************        r0-out  ************
 imp=  1
 real part
  -0.0124   0.0000
   0.0000  -0.0124
************         r-out  ************
 imp=  1
 real part
  -0.0247   0.0000
   0.0000  -0.0247
************     r-out-sym  ************
 imp=  1
 real part
  -0.0247   0.0000
   0.0000  -0.0247
 max error due to symm in r-out =     0.000000
************     z-out-sym  ************
 imp=  1
 real part
   0.0006   0.0000
   0.0000   0.0006
 imp=  1 eigen values of         z:
    0.0006    0.0006
 maxerr =     0.000000
 CyGErr takes    0 h  0 m  0.03 s(cpu).
                 0 h  0 m  0.23 s(wall).
 total number of impurities =    1
 impurity imap indices:
       1
 impurity num_spin_orbitals:
       2
 transformation db_to_sab read in.
 imp =  1 v2e(1,1,1,1) = 2.00
 mott localized orbital info:
 i=  1 nsorb= 2 nelect= 1
    idx_orb=  1  2
 ispin_in= 1 iso= 1 ispin= 1 ispo= 1
************     h1e-unsym  ************
 imp=  1
 real part
  -1.0000   0.0000
   0.0000  -1.0000
   orbital splitting:
   0.00000   0.00000
 imp=  1 eigen values of h1e-unsym:
   -1.0000   -1.0000
************       h1e-sym  ************
 imp=  1
 real part
  -1.0000   0.0000
   0.0000  -1.0000
   orbital splitting:
   0.00000   0.00000
 imp=  1 eigen values of   h1e-sym:
   -1.0000   -1.0000
 max error due to symm in h1e =     0.000000
 min/max(this%ne(1,:,:))=       2       2
 min/max(this%ne(2,:,:))=       1       1
 min/max(this%ne(3,:,:))=       2       2
 this%nmax=   2
 valence electrons: total=     0.0
         correlated block=     0.0
 no double counting.
************          r-in  ************
 imp=  1
 real part
   0.0000   0.0000
   0.0000   0.0000
************        la1-in  ************
 imp=  1
 real part
  30.0000   0.0000
   0.0000  30.0000
 calc_band_all takes    0 h  0 m  0.01 s(cpu).
                        0 h  0 m  0.00 s(wall).
 gutz fermi level=      0.00000000
************     nks-unsym  ************
 imp=  1
 real part
   0.5000   0.0000
   0.0000   0.5000
   sub_tot=  1.000000
 imp=  1 eigen values of nks-unsym:
    0.5000    0.5000
************       nks-sym  ************
 imp=  1
 real part
   0.5000   0.0000
   0.0000   0.5000
   sub_tot=  1.000000
 max error due to symm in nks =     0.000000
 imp=  1 eigen values of   nks-sym:
    0.5000    0.5000
 nele_loc total:
       0.50000   0.50000
************    isimix-var  ************
 imp=  1
 real part
   2.0000   0.0000
   0.0000   2.0000
************      d0-unsym  ************
 imp=  1
 real part
   0.0000   0.0000
   0.0000   0.0000
************        d0-sym  ************
 imp=  1
 real part
   0.0000   0.0000
   0.0000   0.0000
 max error due to symm in d0 =     0.000000
************         d-sym  ************
 imp=  1
 real part
   0.0000   0.0000
   0.0000   0.0000
************           la2  ************
 imp=  1
 real part
   0.0000   0.0000
   0.0000   0.0000
 e_mol = -.9463040 e_tot = -.9463040
************     ncv-unsym  ************
 imp=  1
 real part
  -0.0101  -0.0000
  -0.0000  -0.0101
   sub_tot= -0.020193
************       ncv-sym  ************
 imp=  1
 real part
  -0.0101   0.0000
   0.0000  -0.0101
   sub_tot= -0.020193
 max error due to symm in ncv =     0.000000
************     ncp-unsym  ************
 imp=  1
 real part
  -0.0101   0.0000
   0.0000  -0.0101
   sub_tot= -0.020193
************       ncp-sym  ************
 imp=  1
 real part
  -0.0101   0.0000
   0.0000  -0.0101
   sub_tot= -0.020193
 max error due to symm in ncp =     0.000000
 imp=  1 sum_phy-sum_var=     -0.00000000
        sum_phy-sum_ks =     -1.02019315 would be renormalized!
************    ncp-renorm  ************
 imp=  1
 real part
   0.0000   0.0000
   0.0000   0.0000
   sub_tot=  0.000000
************    isimix-var  ************
 imp=  1
 real part
   2.0000   0.0000
   0.0000   2.0000
************        r0-out  ************
 imp=  1
 real part
  -0.0124   0.0000
   0.0000  -0.0124
************         r-out  ************
 imp=  1
 real part
  -0.0247   0.0000
   0.0000  -0.0247
************     r-out-sym  ************
 imp=  1
 real part
  -0.0247   0.0000
   0.0000  -0.0247
 max error due to symm in r-out =     0.000000
************     z-out-sym  ************
 imp=  1
 real part
   0.0006   0.0000
   0.0000   0.0006
 imp=  1 eigen values of         z:
    0.0006    0.0006
 e_total_model = -.9721391
 total number of electrons in simulation: 1.00000
 maximal local symmetrization error =    0.00000
 CyGFinal takes    0 h  0 m  0.05 s(cpu).
                   0 h  0 m  0.24 s(wall).
 total number of impurities =    1
 impurity imap indices:
       1
 impurity num_spin_orbitals:
       2
 transformation db_to_sab read in.
 imp =  1 v2e(1,1,1,1) = 2.00
 mott localized orbital info:
 i=  1 nsorb= 2 nelect= 1
    idx_orb=  1  2
 ispin_in= 1 iso= 1 ispin= 1 ispo= 1
************     h1e-unsym  ************
 imp=  1
 real part
  -1.0000   0.0000
   0.0000  -1.0000
   orbital splitting:
   0.00000   0.00000
 imp=  1 eigen values of h1e-unsym:
   -1.0000   -1.0000
************       h1e-sym  ************
 imp=  1
 real part
  -1.0000   0.0000
   0.0000  -1.0000
   orbital splitting:
   0.00000   0.00000
 imp=  1 eigen values of   h1e-sym:
   -1.0000   -1.0000
 max error due to symm in h1e =     0.000000
 min/max(this%ne(1,:,:))=       2       2
 min/max(this%ne(2,:,:))=       1       1
 min/max(this%ne(3,:,:))=       2       2
 this%nmax=   2
 valence electrons: total=     0.0
         correlated block=     0.0
 no double counting.
************          r-in  ************
 imp=  1
 real part
   0.0000   0.0000
   0.0000   0.0000
************        la1-in  ************
 imp=  1
 real part
  30.0000   0.0000
   0.0000  30.0000
 calc_band_all takes    0 h  0 m  0.01 s(cpu).
                        0 h  0 m  0.01 s(wall).
 gutz fermi level=      0.00000000
************     nks-unsym  ************
 imp=  1
 real part
   0.5000   0.0000
   0.0000   0.5000
   sub_tot=  1.000000
 imp=  1 eigen values of nks-unsym:
    0.5000    0.5000
************       nks-sym  ************
 imp=  1
 real part
   0.5000   0.0000
   0.0000   0.5000
   sub_tot=  1.000000
 max error due to symm in nks =     0.000000
 imp=  1 eigen values of   nks-sym:
    0.5000    0.5000
 nele_loc total:
       0.50000   0.50000
************    isimix-var  ************
 imp=  1
 real part
   2.0000   0.0000
   0.0000   2.0000
************      d0-unsym  ************
 imp=  1
 real part
   0.0000   0.0000
   0.0000   0.0000
************        d0-sym  ************
 imp=  1
 real part
   0.0000   0.0000
   0.0000   0.0000
 max error due to symm in d0 =     0.000000
************         d-sym  ************
 imp=  1
 real part
   0.0000   0.0000
   0.0000   0.0000
************           la2  ************
 imp=  1
 real part
   0.0000   0.0000
   0.0000   0.0000
 CyGBand takes    0 h  0 m  0.04 s(cpu).
                  0 h  0 m  0.24 s(wall).
 total number of impurities =    1
 impurity imap indices:
       1
 impurity num_spin_orbitals:
       2
 transformation db_to_sab read in.
 imp =  1 v2e(1,1,1,1) = 2.00
 mott localized orbital info:
 i=  1 nsorb= 2 nelect= 1
    idx_orb=  1  2
 e_mol = -.9736402 e_tot = -.9736402
************     nks-unsym  ************
 imp=  1
 real part
   0.5000   0.0000
   0.0000   0.5000
   sub_tot=  1.000000
 imp=  1 eigen values of nks-unsym:
    0.5000    0.5000
************       nks-sym  ************
 imp=  1
 real part
   0.5000   0.0000
   0.0000   0.5000
   sub_tot=  1.000000
 max error due to symm in nks =     0.000000
 imp=  1 eigen values of   nks-sym:
    0.5000    0.5000
 nele_loc total:
       0.50000   0.50000
************     ncv-unsym  ************
 imp=  1
 real part
  -0.0094  -0.0000
  -0.0000  -0.0094
   sub_tot= -0.018730
************       ncv-sym  ************
 imp=  1
 real part
  -0.0094   0.0000
   0.0000  -0.0094
   sub_tot= -0.018730
 max error due to symm in ncv =     0.000000
************    isimix-var  ************
 imp=  1
 real part
   2.0000   0.0000
   0.0000   2.0000
************        r0-out  ************
 imp=  1
 real part
  -0.0088   0.0000
   0.0000  -0.0088
************         r-out  ************
 imp=  1
 real part
  -0.0177   0.0000
   0.0000  -0.0177
************     r-out-sym  ************
 imp=  1
 real part
  -0.0177   0.0000
   0.0000  -0.0177
 max error due to symm in r-out =     0.000000
************     z-out-sym  ************
 imp=  1
 real part
   0.0003   0.0000
   0.0000   0.0003
 imp=  1 eigen values of         z:
    0.0003    0.0003
 maxerr =     0.000000
 CyGErr takes    0 h  0 m  0.03 s(cpu).
                 0 h  0 m  0.22 s(wall).
 total number of impurities =    1
 impurity imap indices:
       1
 impurity num_spin_orbitals:
       2
 transformation db_to_sab read in.
 imp =  1 v2e(1,1,1,1) = 2.00
 mott localized orbital info:
 i=  1 nsorb= 2 nelect= 1
    idx_orb=  1  2
 ispin_in= 1 iso= 1 ispin= 1 ispo= 1
************     h1e-unsym  ************
 imp=  1
 real part
  -1.0000   0.0000
   0.0000  -1.0000
   orbital splitting:
   0.00000   0.00000
 imp=  1 eigen values of h1e-unsym:
   -1.0000   -1.0000
************       h1e-sym  ************
 imp=  1
 real part
  -1.0000   0.0000
   0.0000  -1.0000
   orbital splitting:
   0.00000   0.00000
 imp=  1 eigen values of   h1e-sym:
   -1.0000   -1.0000
 max error due to symm in h1e =     0.000000
 min/max(this%ne(1,:,:))=       2       2
 min/max(this%ne(2,:,:))=       1       1
 min/max(this%ne(3,:,:))=       2       2
 this%nmax=   2
 valence electrons: total=     0.0
         correlated block=     0.0
 no double counting.
************          r-in  ************
 imp=  1
 real part
   0.0000   0.0000
   0.0000   0.0000
************        la1-in  ************
 imp=  1
 real part
  30.0000   0.0000
   0.0000  30.0000
 calc_band_all takes    0 h  0 m  0.01 s(cpu).
                        0 h  0 m  0.01 s(wall).
 gutz fermi level=      0.00000000
************     nks-unsym  ************
 imp=  1
 real part
   0.5000   0.0000
   0.0000   0.5000
   sub_tot=  1.000000
 imp=  1 eigen values of nks-unsym:
    0.5000    0.5000
************       nks-sym  ************
 imp=  1
 real part
   0.5000   0.0000
   0.0000   0.5000
   sub_tot=  1.000000
 max error due to symm in nks =     0.000000
 imp=  1 eigen values of   nks-sym:
    0.5000    0.5000
 nele_loc total:
       0.50000   0.50000
************    isimix-var  ************
 imp=  1
 real part
   2.0000   0.0000
   0.0000   2.0000
************      d0-unsym  ************
 imp=  1
 real part
   0.0000   0.0000
   0.0000   0.0000
************        d0-sym  ************
 imp=  1
 real part
   0.0000   0.0000
   0.0000   0.0000
 max error due to symm in d0 =     0.000000
************         d-sym  ************
 imp=  1
 real part
   0.0000   0.0000
   0.0000   0.0000
************           la2  ************
 imp=  1
 real part
   0.0000   0.0000
   0.0000   0.0000
 e_mol = -.9736402 e_tot = -.9736402
************     ncv-unsym  ************
 imp=  1
 real part
  -0.0094  -0.0000
  -0.0000  -0.0094
   sub_tot= -0.018730
************       ncv-sym  ************
 imp=  1
 real part
  -0.0094   0.0000
   0.0000  -0.0094
   sub_tot= -0.018730
 max error due to symm in ncv =     0.000000
************     ncp-unsym  ************
 imp=  1
 real part
  -0.0094   0.0000
   0.0000  -0.0094
   sub_tot= -0.018730
************       ncp-sym  ************
 imp=  1
 real part
  -0.0094   0.0000
   0.0000  -0.0094
   sub_tot= -0.018730
 max error due to symm in ncp =     0.000000
 imp=  1 sum_phy-sum_var=     -0.00000000
        sum_phy-sum_ks =     -1.01872988 would be renormalized!
************    ncp-renorm  ************
 imp=  1
 real part
   0.0000   0.0000
   0.0000   0.0000
   sub_tot=  0.000000
************    isimix-var  ************
 imp=  1
 real part
   2.0000   0.0000
   0.0000   2.0000
************        r0-out  ************
 imp=  1
 real part
  -0.0088   0.0000
   0.0000  -0.0088
************         r-out  ************
 imp=  1
 real part
  -0.0177   0.0000
   0.0000  -0.0177
************     r-out-sym  ************
 imp=  1
 real part
  -0.0177   0.0000
   0.0000  -0.0177
 max error due to symm in r-out =     0.000000
************     z-out-sym  ************
 imp=  1
 real part
   0.0003   0.0000
   0.0000   0.0003
 imp=  1 eigen values of         z:
    0.0003    0.0003
 e_total_model = -.9980119
 total number of electrons in simulation: 1.00000
 maximal local symmetrization error =    0.00000
 CyGFinal takes    0 h  0 m  0.04 s(cpu).
                   0 h  0 m  0.24 s(wall).
 total number of impurities =    1
 impurity imap indices:
       1
 impurity num_spin_orbitals:
       2
 transformation db_to_sab read in.
 imp =  1 v2e(1,1,1,1) = 2.00
 mott localized orbital info:
 i=  1 nsorb= 2 nelect= 1
    idx_orb=  1  2
 ispin_in= 1 iso= 1 ispin= 1 ispo= 1
************     h1e-unsym  ************
 imp=  1
 real part
  -1.0000   0.0000
   0.0000  -1.0000
   orbital splitting:
   0.00000   0.00000
 imp=  1 eigen values of h1e-unsym:
   -1.0000   -1.0000
************       h1e-sym  ************
 imp=  1
 real part
  -1.0000   0.0000
   0.0000  -1.0000
   orbital splitting:
   0.00000   0.00000
 imp=  1 eigen values of   h1e-sym:
   -1.0000   -1.0000
 max error due to symm in h1e =     0.000000
 min/max(this%ne(1,:,:))=       2       2
 min/max(this%ne(2,:,:))=       1       1
 min/max(this%ne(3,:,:))=       2       2
 this%nmax=   2
 valence electrons: total=     0.0
         correlated block=     0.0
 no double counting.
************          r-in  ************
 imp=  1
 real part
   0.0000   0.0000
   0.0000   0.0000
************        la1-in  ************
 imp=  1
 real part
  30.0000   0.0000
   0.0000  30.0000
 calc_band_all takes    0 h  0 m  0.01 s(cpu).
                        0 h  0 m  0.01 s(wall).
 gutz fermi level=      0.00000000
************     nks-unsym  ************
 imp=  1
 real part
   0.5000   0.0000
   0.0000   0.5000
   sub_tot=  1.000000
 imp=  1 eigen values of nks-unsym:
    0.5000    0.5000
************       nks-sym  ************
 imp=  1
 real part
   0.5000   0.0000
   0.0000   0.5000
   sub_tot=  1.000000
 max error due to symm in nks =     0.000000
 imp=  1 eigen values of   nks-sym:
    0.5000    0.5000
 nele_loc total:
       0.50000   0.50000
************    isimix-var  ************
 imp=  1
 real part
   2.0000   0.0000
   0.0000   2.0000
************      d0-unsym  ************
 imp=  1
 real part
   0.0000   0.0000
   0.0000   0.0000
************        d0-sym  ************
 imp=  1
 real part
   0.0000   0.0000
   0.0000   0.0000
 max error due to symm in d0 =     0.000000
************         d-sym  ************
 imp=  1
 real part
   0.0000   0.0000
   0.0000   0.0000
************           la2  ************
 imp=  1
 real part
   0.0000   0.0000
   0.0000   0.0000
 CyGBand takes    0 h  0 m  0.04 s(cpu).
                  0 h  0 m  0.24 s(wall).
 total number of impurities =    1
 impurity imap indices:
       1
 impurity num_spin_orbitals:
       2
 transformation db_to_sab read in.
 imp =  1 v2e(1,1,1,1) = 2.00
 mott localized orbital info:
 i=  1 nsorb= 2 nelect= 1
    idx_orb=  1  2
 e_mol = -.9482566 e_tot = -.9482566
************     nks-unsym  ************
 imp=  1
 real part
   0.5000   0.0000
   0.0000   0.5000
   sub_tot=  1.000000
 imp=  1 eigen values of nks-unsym:
    0.5000    0.5000
************       nks-sym  ************
 imp=  1
 real part
   0.5000   0.0000
   0.0000   0.5000
   sub_tot=  1.000000
 max error due to symm in nks =     0.000000
 imp=  1 eigen values of   nks-sym:
    0.5000    0.5000
 nele_loc total:
       0.50000   0.50000
************     ncv-unsym  ************
 imp=  1
 real part
  -0.0467  -0.0000
  -0.0000  -0.0467
   sub_tot= -0.093357
************       ncv-sym  ************
 imp=  1
 real part
  -0.0467   0.0000
   0.0000  -0.0467
   sub_tot= -0.093357
 max error due to symm in ncv =     0.000000
************    isimix-var  ************
 imp=  1
 real part
   2.0000   0.0000
   0.0000   2.0000
************        r0-out  ************
 imp=  1
 real part
  -0.0060   0.0000
   0.0000  -0.0060
************         r-out  ************
 imp=  1
 real part
  -0.0120   0.0000
   0.0000  -0.0120
************     r-out-sym  ************
 imp=  1
 real part
  -0.0120   0.0000
   0.0000  -0.0120
 max error due to symm in r-out =     0.000000
************     z-out-sym  ************
 imp=  1
 real part
   0.0001   0.0000
   0.0000   0.0001
 imp=  1 eigen values of         z:
    0.0001    0.0001
 maxerr =     0.000000
 CyGErr takes    0 h  0 m  0.03 s(cpu).
                 0 h  0 m  0.22 s(wall).
 total number of impurities =    1
 impurity imap indices:
       1
 impurity num_spin_orbitals:
       2
 transformation db_to_sab read in.
 imp =  1 v2e(1,1,1,1) = 2.00
 mott localized orbital info:
 i=  1 nsorb= 2 nelect= 1
    idx_orb=  1  2
 ispin_in= 1 iso= 1 ispin= 1 ispo= 1
************     h1e-unsym  ************
 imp=  1
 real part
  -1.0000   0.0000
   0.0000  -1.0000
   orbital splitting:
   0.00000   0.00000
 imp=  1 eigen values of h1e-unsym:
   -1.0000   -1.0000
************       h1e-sym  ************
 imp=  1
 real part
  -1.0000   0.0000
   0.0000  -1.0000
   orbital splitting:
   0.00000   0.00000
 imp=  1 eigen values of   h1e-sym:
   -1.0000   -1.0000
 max error due to symm in h1e =     0.000000
 min/max(this%ne(1,:,:))=       2       2
 min/max(this%ne(2,:,:))=       1       1
 min/max(this%ne(3,:,:))=       2       2
 this%nmax=   2
 valence electrons: total=     0.0
         correlated block=     0.0
 no double counting.
************          r-in  ************
 imp=  1
 real part
   0.0000   0.0000
   0.0000   0.0000
************        la1-in  ************
 imp=  1
 real part
  30.0000   0.0000
   0.0000  30.0000
 calc_band_all takes    0 h  0 m  0.01 s(cpu).
                        0 h  0 m  0.00 s(wall).
 gutz fermi level=      0.00000000
************     nks-unsym  ************
 imp=  1
 real part
   0.5000   0.0000
   0.0000   0.5000
   sub_tot=  1.000000
 imp=  1 eigen values of nks-unsym:
    0.5000    0.5000
************       nks-sym  ************
 imp=  1
 real part
   0.5000   0.0000
   0.0000   0.5000
   sub_tot=  1.000000
 max error due to symm in nks =     0.000000
 imp=  1 eigen values of   nks-sym:
    0.5000    0.5000
 nele_loc total:
       0.50000   0.50000
************    isimix-var  ************
 imp=  1
 real part
   2.0000   0.0000
   0.0000   2.0000
************      d0-unsym  ************
 imp=  1
 real part
   0.0000   0.0000
   0.0000   0.0000
************        d0-sym  ************
 imp=  1
 real part
   0.0000   0.0000
   0.0000   0.0000
 max error due to symm in d0 =     0.000000
************         d-sym  ************
 imp=  1
 real part
   0.0000   0.0000
   0.0000   0.0000
************           la2  ************
 imp=  1
 real part
   0.0000   0.0000
   0.0000   0.0000
 e_mol = -.9482566 e_tot = -.9482566
************     ncv-unsym  ************
 imp=  1
 real part
  -0.0467  -0.0000
  -0.0000  -0.0467
   sub_tot= -0.093357
************       ncv-sym  ************
 imp=  1
 real part
  -0.0467   0.0000
   0.0000  -0.0467
   sub_tot= -0.093357
 max error due to symm in ncv =     0.000000
************     ncp-unsym  ************
 imp=  1
 real part
  -0.0467   0.0000
   0.0000  -0.0467
   sub_tot= -0.093357
************       ncp-sym  ************
 imp=  1
 real part
  -0.0467   0.0000
   0.0000  -0.0467
   sub_tot= -0.093357
 max error due to symm in ncp =     0.000000
 imp=  1 sum_phy-sum_var=     -0.00000000
        sum_phy-sum_ks =     -1.09335675 would be renormalized!
************    ncp-renorm  ************
 imp=  1
 real part
   0.0000   0.0000
   0.0000   0.0000
   sub_tot=  0.000000
************    isimix-var  ************
 imp=  1
 real part
   2.0000   0.0000
   0.0000   2.0000
************        r0-out  ************
 imp=  1
 real part
  -0.0060   0.0000
   0.0000  -0.0060
************         r-out  ************
 imp=  1
 real part
  -0.0120   0.0000
   0.0000  -0.0120
************     r-out-sym  ************
 imp=  1
 real part
  -0.0120   0.0000
   0.0000  -0.0120
 max error due to symm in r-out =     0.000000
************     z-out-sym  ************
 imp=  1
 real part
   0.0001   0.0000
   0.0000   0.0001
 imp=  1 eigen values of         z:
    0.0001    0.0001
 e_total_model = -1.0472553
 total number of electrons in simulation: 1.00000
 maximal local symmetrization error =    0.00000
 CyGFinal takes    0 h  0 m  0.04 s(cpu).
                   0 h  0 m  0.24 s(wall).
 total number of impurities =    1
 impurity imap indices:
       1
 impurity num_spin_orbitals:
       2
 transformation db_to_sab read in.
 imp =  1 v2e(1,1,1,1) = 2.00
 mott localized orbital info:
 i=  1 nsorb= 2 nelect= 1
    idx_orb=  1  2
 ispin_in= 1 iso= 1 ispin= 1 ispo= 1
************     h1e-unsym  ************
 imp=  1
 real part
  -1.0000   0.0000
   0.0000  -1.0000
   orbital splitting:
   0.00000   0.00000
 imp=  1 eigen values of h1e-unsym:
   -1.0000   -1.0000
************       h1e-sym  ************
 imp=  1
 real part
  -1.0000   0.0000
   0.0000  -1.0000
   orbital splitting:
   0.00000   0.00000
 imp=  1 eigen values of   h1e-sym:
   -1.0000   -1.0000
 max error due to symm in h1e =     0.000000
 min/max(this%ne(1,:,:))=       2       2
 min/max(this%ne(2,:,:))=       1       1
 min/max(this%ne(3,:,:))=       2       2
 this%nmax=   2
 valence electrons: total=     0.0
         correlated block=     0.0
 no double counting.
************          r-in  ************
 imp=  1
 real part
   0.0000   0.0000
   0.0000   0.0000
************        la1-in  ************
 imp=  1
 real part
  30.0000   0.0000
   0.0000  30.0000
 calc_band_all takes    0 h  0 m  0.01 s(cpu).
                        0 h  0 m  0.01 s(wall).
 gutz fermi level=      0.00000000
************     nks-unsym  ************
 imp=  1
 real part
   0.5000   0.0000
   0.0000   0.5000
   sub_tot=  1.000000
 imp=  1 eigen values of nks-unsym:
    0.5000    0.5000
************       nks-sym  ************
 imp=  1
 real part
   0.5000   0.0000
   0.0000   0.5000
   sub_tot=  1.000000
 max error due to symm in nks =     0.000000
 imp=  1 eigen values of   nks-sym:
    0.5000    0.5000
 nele_loc total:
       0.50000   0.50000
************    isimix-var  ************
 imp=  1
 real part
   2.0000   0.0000
   0.0000   2.0000
************      d0-unsym  ************
 imp=  1
 real part
   0.0000   0.0000
   0.0000   0.0000
************        d0-sym  ************
 imp=  1
 real part
   0.0000   0.0000
   0.0000   0.0000
 max error due to symm in d0 =     0.000000
************         d-sym  ************
 imp=  1
 real part
   0.0000   0.0000
   0.0000   0.0000
************           la2  ************
 imp=  1
 real part
   0.0000   0.0000
   0.0000   0.0000
 CyGBand takes    0 h  0 m  0.04 s(cpu).
                  0 h  0 m  0.24 s(wall).
 total number of impurities =    1
 impurity imap indices:
       1
 impurity num_spin_orbitals:
       2
 transformation db_to_sab read in.
 imp =  1 v2e(1,1,1,1) = 2.00
 mott localized orbital info:
 i=  1 nsorb= 2 nelect= 1
    idx_orb=  1  2
 e_mol = -.9587169 e_tot = -.9587169
************     nks-unsym  ************
 imp=  1
 real part
   0.5000   0.0000
   0.0000   0.5000
   sub_tot=  1.000000
 imp=  1 eigen values of nks-unsym:
    0.5000    0.5000
************       nks-sym  ************
 imp=  1
 real part
   0.5000   0.0000
   0.0000   0.5000
   sub_tot=  1.000000
 max error due to symm in nks =     0.000000
 imp=  1 eigen values of   nks-sym:
    0.5000    0.5000
 nele_loc total:
       0.50000   0.50000
************     ncv-unsym  ************
 imp=  1
 real part
   0.0214  -0.0000
  -0.0000   0.0214
   sub_tot=  0.042728
************       ncv-sym  ************
 imp=  1
 real part
   0.0214   0.0000
   0.0000   0.0214
   sub_tot=  0.042728
 max error due to symm in ncv =     0.000000
************    isimix-var  ************
 imp=  1
 real part
   2.0000   0.0000
   0.0000   2.0000
************        r0-out  ************
 imp=  1
 real part
  -0.0219   0.0000
   0.0000  -0.0219
************         r-out  ************
 imp=  1
 real part
  -0.0438   0.0000
   0.0000  -0.0438
************     r-out-sym  ************
 imp=  1
 real part
  -0.0438   0.0000
   0.0000  -0.0438
 max error due to symm in r-out =     0.000000
************     z-out-sym  ************
 imp=  1
 real part
   0.0019   0.0000
   0.0000   0.0019
 imp=  1 eigen values of         z:
    0.0019    0.0019
 maxerr =     0.000000
 CyGErr takes    0 h  0 m  0.03 s(cpu).
                 0 h  0 m  0.23 s(wall).
 total number of impurities =    1
 impurity imap indices:
       1
 impurity num_spin_orbitals:
       2
 transformation db_to_sab read in.
 imp =  1 v2e(1,1,1,1) = 2.00
 mott localized orbital info:
 i=  1 nsorb= 2 nelect= 1
    idx_orb=  1  2
 ispin_in= 1 iso= 1 ispin= 1 ispo= 1
************     h1e-unsym  ************
 imp=  1
 real part
  -1.0000   0.0000
   0.0000  -1.0000
   orbital splitting:
   0.00000   0.00000
 imp=  1 eigen values of h1e-unsym:
   -1.0000   -1.0000
************       h1e-sym  ************
 imp=  1
 real part
  -1.0000   0.0000
   0.0000  -1.0000
   orbital splitting:
   0.00000   0.00000
 imp=  1 eigen values of   h1e-sym:
   -1.0000   -1.0000
 max error due to symm in h1e =     0.000000
 min/max(this%ne(1,:,:))=       2       2
 min/max(this%ne(2,:,:))=       1       1
 min/max(this%ne(3,:,:))=       2       2
 this%nmax=   2
 valence electrons: total=     0.0
         correlated block=     0.0
 no double counting.
************          r-in  ************
 imp=  1
 real part
   0.0000   0.0000
   0.0000   0.0000
************        la1-in  ************
 imp=  1
 real part
  30.0000   0.0000
   0.0000  30.0000
 calc_band_all takes    0 h  0 m  0.01 s(cpu).
                        0 h  0 m  0.01 s(wall).
 gutz fermi level=      0.00000000
************     nks-unsym  ************
 imp=  1
 real part
   0.5000   0.0000
   0.0000   0.5000
   sub_tot=  1.000000
 imp=  1 eigen values of nks-unsym:
    0.5000    0.5000
************       nks-sym  ************
 imp=  1
 real part
   0.5000   0.0000
   0.0000   0.5000
   sub_tot=  1.000000
 max error due to symm in nks =     0.000000
 imp=  1 eigen values of   nks-sym:
    0.5000    0.5000
 nele_loc total:
       0.50000   0.50000
************    isimix-var  ************
 imp=  1
 real part
   2.0000   0.0000
   0.0000   2.0000
************      d0-unsym  ************
 imp=  1
 real part
   0.0000   0.0000
   0.0000   0.0000
************        d0-sym  ************
 imp=  1
 real part
   0.0000   0.0000
   0.0000   0.0000
 max error due to symm in d0 =     0.000000
************         d-sym  ************
 imp=  1
 real part
   0.0000   0.0000
   0.0000   0.0000
************           la2  ************
 imp=  1
 real part
   0.0000   0.0000
   0.0000   0.0000
 e_mol = -.9587169 e_tot = -.9587169
************     ncv-unsym  ************
 imp=  1
 real part
   0.0214  -0.0000
  -0.0000   0.0214
   sub_tot=  0.042728
************       ncv-sym  ************
 imp=  1
 real part
   0.0214   0.0000
   0.0000   0.0214
   sub_tot=  0.042728
 max error due to symm in ncv =     0.000000
************     ncp-unsym  ************
 imp=  1
 real part
   0.0214   0.0000
   0.0000   0.0214
   sub_tot=  0.042728
************       ncp-sym  ************
 imp=  1
 real part
   0.0214   0.0000
   0.0000   0.0214
   sub_tot=  0.042728
 max error due to symm in ncp =     0.000000
 imp=  1 sum_phy-sum_var=     -0.00000000
        sum_phy-sum_ks =     -0.95727246 would be renormalized!
************    ncp-renorm  ************
 imp=  1
 real part
   0.5000   0.0000
   0.0000   0.5000
   sub_tot=  1.000000
************    isimix-var  ************
 imp=  1
 real part
   2.0000   0.0000
   0.0000   2.0000
************        r0-out  ************
 imp=  1
 real part
  -0.0219   0.0000
   0.0000  -0.0219
************         r-out  ************
 imp=  1
 real part
  -0.0438   0.0000
   0.0000  -0.0438
************     r-out-sym  ************
 imp=  1
 real part
  -0.0438   0.0000
   0.0000  -0.0438
 max error due to symm in r-out =     0.000000
************     z-out-sym  ************
 imp=  1
 real part
   0.0019   0.0000
   0.0000   0.0019
 imp=  1 eigen values of         z:
    0.0019    0.0019
 e_total_model = -1.9216312
 total number of electrons in simulation: 1.00000
 maximal local symmetrization error =    0.00000
 CyGFinal takes    0 h  0 m  0.05 s(cpu).
                   0 h  0 m  0.24 s(wall).
 total number of impurities =    1
 impurity imap indices:
       1
 impurity num_spin_orbitals:
       2
 transformation db_to_sab read in.
 imp =  1 v2e(1,1,1,1) = 2.00
 mott localized orbital info:
 i=  1 nsorb= 2 nelect= 1
    idx_orb=  1  2
 ispin_in= 1 iso= 1 ispin= 1 ispo= 1
************     h1e-unsym  ************
 imp=  1
 real part
  -1.0000   0.0000
   0.0000  -1.0000
   orbital splitting:
   0.00000   0.00000
 imp=  1 eigen values of h1e-unsym:
   -1.0000   -1.0000
************       h1e-sym  ************
 imp=  1
 real part
  -1.0000   0.0000
   0.0000  -1.0000
   orbital splitting:
   0.00000   0.00000
 imp=  1 eigen values of   h1e-sym:
   -1.0000   -1.0000
 max error due to symm in h1e =     0.000000
 min/max(this%ne(1,:,:))=       2       2
 min/max(this%ne(2,:,:))=       1       1
 min/max(this%ne(3,:,:))=       2       2
 this%nmax=   2
 valence electrons: total=     0.0
         correlated block=     0.0
 no double counting.
************          r-in  ************
 imp=  1
 real part
   0.0000   0.0000
   0.0000   0.0000
************        la1-in  ************
 imp=  1
 real part
  30.0000   0.0000
   0.0000  30.0000
 calc_band_all takes    0 h  0 m  0.01 s(cpu).
                        0 h  0 m  0.00 s(wall).
 gutz fermi level=      0.00000000
************     nks-unsym  ************
 imp=  1
 real part
   0.5000   0.0000
   0.0000   0.5000
   sub_tot=  1.000000
 imp=  1 eigen values of nks-unsym:
    0.5000    0.5000
************       nks-sym  ************
 imp=  1
 real part
   0.5000   0.0000
   0.0000   0.5000
   sub_tot=  1.000000
 max error due to symm in nks =     0.000000
 imp=  1 eigen values of   nks-sym:
    0.5000    0.5000
 nele_loc total:
       0.50000   0.50000
************    isimix-var  ************
 imp=  1
 real part
   2.0000   0.0000
   0.0000   2.0000
************      d0-unsym  ************
 imp=  1
 real part
   0.0000   0.0000
   0.0000   0.0000
************        d0-sym  ************
 imp=  1
 real part
   0.0000   0.0000
   0.0000   0.0000
 max error due to symm in d0 =     0.000000
************         d-sym  ************
 imp=  1
 real part
   0.0000   0.0000
   0.0000   0.0000
************           la2  ************
 imp=  1
 real part
   0.0000   0.0000
   0.0000   0.0000
 CyGBand takes    0 h  0 m  0.04 s(cpu).
                  0 h  0 m  0.24 s(wall).
 total number of impurities =    1
 impurity imap indices:
       1
 impurity num_spin_orbitals:
       2
 transformation db_to_sab read in.
 imp =  1 v2e(1,1,1,1) = 2.00
 mott localized orbital info:
 i=  1 nsorb= 2 nelect= 1
    idx_orb=  1  2
 e_mol = -.9969317 e_tot = -.9969317
************     nks-unsym  ************
 imp=  1
 real part
   0.5000   0.0000
   0.0000   0.5000
   sub_tot=  1.000000
 imp=  1 eigen values of nks-unsym:
    0.5000    0.5000
************       nks-sym  ************
 imp=  1
 real part
   0.5000   0.0000
   0.0000   0.5000
   sub_tot=  1.000000
 max error due to symm in nks =     0.000000
 imp=  1 eigen values of   nks-sym:
    0.5000    0.5000
 nele_loc total:
       0.50000   0.50000
************     ncv-unsym  ************
 imp=  1
 real part
  -0.0113  -0.0000
  -0.0000  -0.0113
   sub_tot= -0.022534
************       ncv-sym  ************
 imp=  1
 real part
  -0.0113   0.0000
   0.0000  -0.0113
   sub_tot= -0.022534
 max error due to symm in ncv =     0.000000
************    isimix-var  ************
 imp=  1
 real part
   2.0000   0.0000
   0.0000   2.0000
************        r0-out  ************
 imp=  1
 real part
  -0.0212   0.0000
   0.0000  -0.0212
************         r-out  ************
 imp=  1
 real part
  -0.0424   0.0000
   0.0000  -0.0424
************     r-out-sym  ************
 imp=  1
 real part
  -0.0424   0.0000
   0.0000  -0.0424
 max error due to symm in r-out =     0.000000
************     z-out-sym  ************
 imp=  1
 real part
   0.0018   0.0000
   0.0000   0.0018
 imp=  1 eigen values of         z:
    0.0018    0.0018
 maxerr =     0.000000
 CyGErr takes    0 h  0 m  0.03 s(cpu).
                 0 h  0 m  0.22 s(wall).
 total number of impurities =    1
 impurity imap indices:
       1
 impurity num_spin_orbitals:
       2
 transformation db_to_sab read in.
 imp =  1 v2e(1,1,1,1) = 2.00
 mott localized orbital info:
 i=  1 nsorb= 2 nelect= 1
    idx_orb=  1  2
 ispin_in= 1 iso= 1 ispin= 1 ispo= 1
************     h1e-unsym  ************
 imp=  1
 real part
  -1.0000   0.0000
   0.0000  -1.0000
   orbital splitting:
   0.00000   0.00000
 imp=  1 eigen values of h1e-unsym:
   -1.0000   -1.0000
************       h1e-sym  ************
 imp=  1
 real part
  -1.0000   0.0000
   0.0000  -1.0000
   orbital splitting:
   0.00000   0.00000
 imp=  1 eigen values of   h1e-sym:
   -1.0000   -1.0000
 max error due to symm in h1e =     0.000000
 min/max(this%ne(1,:,:))=       2       2
 min/max(this%ne(2,:,:))=       1       1
 min/max(this%ne(3,:,:))=       2       2
 this%nmax=   2
 valence electrons: total=     0.0
         correlated block=     0.0
 no double counting.
************          r-in  ************
 imp=  1
 real part
   0.0000   0.0000
   0.0000   0.0000
************        la1-in  ************
 imp=  1
 real part
  30.0000   0.0000
   0.0000  30.0000
 calc_band_all takes    0 h  0 m  0.01 s(cpu).
                        0 h  0 m  0.01 s(wall).
 gutz fermi level=      0.00000000
************     nks-unsym  ************
 imp=  1
 real part
   0.5000   0.0000
   0.0000   0.5000
   sub_tot=  1.000000
 imp=  1 eigen values of nks-unsym:
    0.5000    0.5000
************       nks-sym  ************
 imp=  1
 real part
   0.5000   0.0000
   0.0000   0.5000
   sub_tot=  1.000000
 max error due to symm in nks =     0.000000
 imp=  1 eigen values of   nks-sym:
    0.5000    0.5000
 nele_loc total:
       0.50000   0.50000
************    isimix-var  ************
 imp=  1
 real part
   2.0000   0.0000
   0.0000   2.0000
************      d0-unsym  ************
 imp=  1
 real part
   0.0000   0.0000
   0.0000   0.0000
************        d0-sym  ************
 imp=  1
 real part
   0.0000   0.0000
   0.0000   0.0000
 max error due to symm in d0 =     0.000000
************         d-sym  ************
 imp=  1
 real part
   0.0000   0.0000
   0.0000   0.0000
************           la2  ************
 imp=  1
 real part
   0.0000   0.0000
   0.0000   0.0000
 e_mol = -.9969317 e_tot = -.9969317
************     ncv-unsym  ************
 imp=  1
 real part
  -0.0113  -0.0000
  -0.0000  -0.0113
   sub_tot= -0.022534
************       ncv-sym  ************
 imp=  1
 real part
  -0.0113   0.0000
   0.0000  -0.0113
   sub_tot= -0.022534
 max error due to symm in ncv =     0.000000
************     ncp-unsym  ************
 imp=  1
 real part
  -0.0113   0.0000
   0.0000  -0.0113
   sub_tot= -0.022534
************       ncp-sym  ************
 imp=  1
 real part
  -0.0113   0.0000
   0.0000  -0.0113
   sub_tot= -0.022534
 max error due to symm in ncp =     0.000000
 imp=  1 sum_phy-sum_var=     -0.00000000
        sum_phy-sum_ks =     -1.02253439 would be renormalized!
************    ncp-renorm  ************
 imp=  1
 real part
   0.0000   0.0000
   0.0000   0.0000
   sub_tot=  0.000000
************    isimix-var  ************
 imp=  1
 real part
   2.0000   0.0000
   0.0000   2.0000
************        r0-out  ************
 imp=  1
 real part
  -0.0212   0.0000
   0.0000  -0.0212
************         r-out  ************
 imp=  1
 real part
  -0.0424   0.0000
   0.0000  -0.0424
************     r-out-sym  ************
 imp=  1
 real part
  -0.0424   0.0000
   0.0000  -0.0424
 max error due to symm in r-out =     0.000000
************     z-out-sym  ************
 imp=  1
 real part
   0.0018   0.0000
   0.0000   0.0018
 imp=  1 eigen values of         z:
    0.0018    0.0018
 e_total_model = -1.0251079
 total number of electrons in simulation: 1.00000
 maximal local symmetrization error =    0.00000
 CyGFinal takes    0 h  0 m  0.05 s(cpu).
                   0 h  0 m  0.24 s(wall).
 total number of impurities =    1
 impurity imap indices:
       1
 impurity num_spin_orbitals:
       2
 transformation db_to_sab read in.
 imp =  1 v2e(1,1,1,1) = 2.00
 mott localized orbital info:
 i=  1 nsorb= 2 nelect= 1
    idx_orb=  1  2
 ispin_in= 1 iso= 1 ispin= 1 ispo= 1
************     h1e-unsym  ************
 imp=  1
 real part
  -1.0000   0.0000
   0.0000  -1.0000
   orbital splitting:
   0.00000   0.00000
 imp=  1 eigen values of h1e-unsym:
   -1.0000   -1.0000
************       h1e-sym  ************
 imp=  1
 real part
  -1.0000   0.0000
   0.0000  -1.0000
   orbital splitting:
   0.00000   0.00000
 imp=  1 eigen values of   h1e-sym:
   -1.0000   -1.0000
 max error due to symm in h1e =     0.000000
 min/max(this%ne(1,:,:))=       2       2
 min/max(this%ne(2,:,:))=       1       1
 min/max(this%ne(3,:,:))=       2       2
 this%nmax=   2
 valence electrons: total=     0.0
         correlated block=     0.0
 no double counting.
************          r-in  ************
 imp=  1
 real part
   0.0000   0.0000
   0.0000   0.0000
************        la1-in  ************
 imp=  1
 real part
  30.0000   0.0000
   0.0000  30.0000
 calc_band_all takes    0 h  0 m  0.01 s(cpu).
                        0 h  0 m  0.01 s(wall).
 gutz fermi level=      0.00000000
************     nks-unsym  ************
 imp=  1
 real part
   0.5000   0.0000
   0.0000   0.5000
   sub_tot=  1.000000
 imp=  1 eigen values of nks-unsym:
    0.5000    0.5000
************       nks-sym  ************
 imp=  1
 real part
   0.5000   0.0000
   0.0000   0.5000
   sub_tot=  1.000000
 max error due to symm in nks =     0.000000
 imp=  1 eigen values of   nks-sym:
    0.5000    0.5000
 nele_loc total:
       0.50000   0.50000
************    isimix-var  ************
 imp=  1
 real part
   2.0000   0.0000
   0.0000   2.0000
************      d0-unsym  ************
 imp=  1
 real part
   0.0000   0.0000
   0.0000   0.0000
************        d0-sym  ************
 imp=  1
 real part
   0.0000   0.0000
   0.0000   0.0000
 max error due to symm in d0 =     0.000000
************         d-sym  ************
 imp=  1
 real part
   0.0000   0.0000
   0.0000   0.0000
************           la2  ************
 imp=  1
 real part
   0.0000   0.0000
   0.0000   0.0000
 e_mol = -.9969317 e_tot = -.9969317
************     ncv-unsym  ************
 imp=  1
 real part
  -0.0113  -0.0000
  -0.0000  -0.0113
   sub_tot= -0.022534
************       ncv-sym  ************
 imp=  1
 real part
  -0.0113   0.0000
   0.0000  -0.0113
   sub_tot= -0.022534
 max error due to symm in ncv =     0.000000
************     ncp-unsym  ************
 imp=  1
 real part
  -0.0113   0.0000
   0.0000  -0.0113
   sub_tot= -0.022534
************       ncp-sym  ************
 imp=  1
 real part
  -0.0113   0.0000
   0.0000  -0.0113
   sub_tot= -0.022534
 max error due to symm in ncp =     0.000000
 imp=  1 sum_phy-sum_var=     -0.00000000
        sum_phy-sum_ks =     -1.02253439 would be renormalized!
************    ncp-renorm  ************
 imp=  1
 real part
   0.0000   0.0000
   0.0000   0.0000
   sub_tot=  0.000000
************    isimix-var  ************
 imp=  1
 real part
   2.0000   0.0000
   0.0000   2.0000
************        r0-out  ************
 imp=  1
 real part
  -0.0212   0.0000
   0.0000  -0.0212
************         r-out  ************
 imp=  1
 real part
  -0.0424   0.0000
   0.0000  -0.0424
************     r-out-sym  ************
 imp=  1
 real part
  -0.0424   0.0000
   0.0000  -0.0424
 max error due to symm in r-out =     0.000000
************     z-out-sym  ************
 imp=  1
 real part
   0.0018   0.0000
   0.0000   0.0018
 imp=  1 eigen values of         z:
    0.0018    0.0018
 e_total_model = -1.0251079
 total number of electrons in simulation: 1.00000
 maximal local symmetrization error =    0.00000
 CyGFinal takes    0 h  0 m  0.04 s(cpu).
                   0 h  0 m  0.24 s(wall).
