 total number of impurities =    1
 impurity imap indices:
       1
 impurity num_spin_orbitals:
       2
 transformation db_to_sab read in.
 imp =  1 v2e(1,1,1,1) = 2.00
 mott localized orbital info:
 i=  1 nsorb= 0 nelect= 0
 ispin_in= 1 iso= 1 ispin= 1 ispo= 1
************     h1e-unsym  ************
 imp=  1
 real part
  -1.0000   0.0000
   0.0000  -1.0000
   orbital splitting:
   0.00000   0.00000
 imp=  1 eigen values of h1e-unsym:
   -1.0000   -1.0000
************       h1e-sym  ************
 imp=  1
 real part
  -1.0000   0.0000
   0.0000  -1.0000
   orbital splitting:
   0.00000   0.00000
 imp=  1 eigen values of   h1e-sym:
   -1.0000   -1.0000
 max error due to symm in h1e =     0.000000
 min/max(this%ne(1,:,:))=       2       2
 min/max(this%ne(2,:,:))=       1       1
 min/max(this%ne(3,:,:))=       2       2
 this%nmax=   2
 valence electrons: total=     0.0
         correlated block=     0.0
 correlated block: emin/emix=   -1.2211    1.5601
 calc_band_all takes    0 h  0 m  0.01 s(cpu).
                        0 h  0 m  0.01 s(wall).
 gutz fermi level=      0.00000000
************     nks-unsym  ************
 imp=  1
 real part
   0.9455   0.0000
   0.0000   0.9455
   sub_tot=  1.890992
 imp=  1 eigen values of nks-unsym:
    0.9455    0.9455
************       nks-sym  ************
 imp=  1
 real part
   0.9455   0.0000
   0.0000   0.9455
   sub_tot=  1.890992
 max error due to symm in nks =     0.000000
 imp=  1 eigen values of   nks-sym:
    0.9455    0.9455
 nele_loc total:
       0.94550   0.94550
 no double counting.
************         r-inp  ************
 imp=  1
 real part
   0.7547   0.0000
   0.0000   0.7547
************     r-inp-sym  ************
 imp=  1
 real part
   0.7547   0.0000
   0.0000   0.7547
 max error due to symm in r-inp =     0.000000
************       la1-inp  ************
 imp=  1
 real part
   0.0913   0.0000
   0.0000   0.0913
************   la1-inp-sym  ************
 imp=  1
 real part
   0.0913   0.0000
   0.0000   0.0913
 max error due to symm in la1-inp =     0.000000
 maximal local symmetrization error =    0.00000
 CyGInit takes    0 h  0 m  0.05 s(cpu).
                  0 h  0 m  0.24 s(wall).
 total number of impurities =    1
 impurity imap indices:
       1
 impurity num_spin_orbitals:
       2
 transformation db_to_sab read in.
 imp =  1 v2e(1,1,1,1) = 2.00
 mott localized orbital info:
 i=  1 nsorb= 0 nelect= 0
 ispin_in= 1 iso= 1 ispin= 1 ispo= 1
************     h1e-unsym  ************
 imp=  1
 real part
  -1.0000   0.0000
   0.0000  -1.0000
   orbital splitting:
   0.00000   0.00000
 imp=  1 eigen values of h1e-unsym:
   -1.0000   -1.0000
************       h1e-sym  ************
 imp=  1
 real part
  -1.0000   0.0000
   0.0000  -1.0000
   orbital splitting:
   0.00000   0.00000
 imp=  1 eigen values of   h1e-sym:
   -1.0000   -1.0000
 max error due to symm in h1e =     0.000000
 min/max(this%ne(1,:,:))=       2       2
 min/max(this%ne(2,:,:))=       1       1
 min/max(this%ne(3,:,:))=       2       2
 this%nmax=   2
 valence electrons: total=     0.0
         correlated block=     0.0
 no double counting.
************          r-in  ************
 imp=  1
 real part
   0.7547   0.0000
   0.0000   0.7547
************        la1-in  ************
 imp=  1
 real part
   0.0913   0.0000
   0.0000   0.0913
 calc_band_all takes    0 h  0 m  0.01 s(cpu).
                        0 h  0 m  0.01 s(wall).
 gutz fermi level=      0.00000000
************     nks-unsym  ************
 imp=  1
 real part
   0.5090   0.0000
   0.0000   0.5090
   sub_tot=  1.017941
 imp=  1 eigen values of nks-unsym:
    0.5090    0.5090
************       nks-sym  ************
 imp=  1
 real part
   0.5090   0.0000
   0.0000   0.5090
   sub_tot=  1.017941
 max error due to symm in nks =     0.000000
 imp=  1 eigen values of   nks-sym:
    0.5090    0.5090
 nele_loc total:
       0.50897   0.50897
************    isimix-var  ************
 imp=  1
 real part
   2.0003   0.0000
   0.0000   2.0003
************      d0-unsym  ************
 imp=  1
 real part
  -0.1340   0.0000
   0.0000  -0.1340
************        d0-sym  ************
 imp=  1
 real part
  -0.1340   0.0000
   0.0000  -0.1340
 max error due to symm in d0 =     0.000000
************         d-sym  ************
 imp=  1
 real part
  -0.2680   0.0000
   0.0000  -0.2680
************           la2  ************
 imp=  1
 real part
  -0.0986   0.0000
   0.0000  -0.0986
 CyGBand takes    0 h  0 m  0.04 s(cpu).
                  0 h  0 m  0.24 s(wall).
 total number of impurities =    1
 impurity imap indices:
       1
 impurity num_spin_orbitals:
       2
 transformation db_to_sab read in.
 imp =  1 v2e(1,1,1,1) = 2.00
 mott localized orbital info:
 i=  1 nsorb= 0 nelect= 0
 e_mol = -1.1355935 e_tot = -1.3328067
************     nks-unsym  ************
 imp=  1
 real part
   0.5090   0.0000
   0.0000   0.5090
   sub_tot=  1.017941
 imp=  1 eigen values of nks-unsym:
    0.5090    0.5090
************       nks-sym  ************
 imp=  1
 real part
   0.5090   0.0000
   0.0000   0.5090
   sub_tot=  1.017941
 max error due to symm in nks =     0.000000
 imp=  1 eigen values of   nks-sym:
    0.5090    0.5090
 nele_loc total:
       0.50897   0.50897
************     ncv-unsym  ************
 imp=  1
 real part
   0.5128   0.0000
   0.0000   0.5128
   sub_tot=  1.025597
************       ncv-sym  ************
 imp=  1
 real part
   0.5128   0.0000
   0.0000   0.5128
   sub_tot=  1.025597
 max error due to symm in ncv =     0.000000
************    isimix-var  ************
 imp=  1
 real part
   2.0003   0.0000
   0.0000   2.0003
************        r0-out  ************
 imp=  1
 real part
   0.3666   0.0000
   0.0000   0.3666
************         r-out  ************
 imp=  1
 real part
   0.7332   0.0000
   0.0000   0.7332
************     r-out-sym  ************
 imp=  1
 real part
   0.7332   0.0000
   0.0000   0.7332
 max error due to symm in r-out =     0.000000
************     z-out-sym  ************
 imp=  1
 real part
   0.5376   0.0000
   0.0000   0.5376
 imp=  1 eigen values of         z:
    0.5376    0.5376
 maxerr =     0.030318
 CyGErr takes    0 h  0 m  0.03 s(cpu).
                 0 h  0 m  0.22 s(wall).
 total number of impurities =    1
 impurity imap indices:
       1
 impurity num_spin_orbitals:
       2
 transformation db_to_sab read in.
 imp =  1 v2e(1,1,1,1) = 2.00
 mott localized orbital info:
 i=  1 nsorb= 0 nelect= 0
 ispin_in= 1 iso= 1 ispin= 1 ispo= 1
************     h1e-unsym  ************
 imp=  1
 real part
  -1.0000   0.0000
   0.0000  -1.0000
   orbital splitting:
   0.00000   0.00000
 imp=  1 eigen values of h1e-unsym:
   -1.0000   -1.0000
************       h1e-sym  ************
 imp=  1
 real part
  -1.0000   0.0000
   0.0000  -1.0000
   orbital splitting:
   0.00000   0.00000
 imp=  1 eigen values of   h1e-sym:
   -1.0000   -1.0000
 max error due to symm in h1e =     0.000000
 min/max(this%ne(1,:,:))=       2       2
 min/max(this%ne(2,:,:))=       1       1
 min/max(this%ne(3,:,:))=       2       2
 this%nmax=   2
 valence electrons: total=     0.0
         correlated block=     0.0
 no double counting.
************          r-in  ************
 imp=  1
 real part
   0.7547   0.0000
   0.0000   0.7547
************        la1-in  ************
 imp=  1
 real part
   0.0913   0.0000
   0.0000   0.0913
 calc_band_all takes    0 h  0 m  0.01 s(cpu).
                        0 h  0 m  0.01 s(wall).
 gutz fermi level=      0.00000000
************     nks-unsym  ************
 imp=  1
 real part
   0.5090   0.0000
   0.0000   0.5090
   sub_tot=  1.017941
 imp=  1 eigen values of nks-unsym:
    0.5090    0.5090
************       nks-sym  ************
 imp=  1
 real part
   0.5090   0.0000
   0.0000   0.5090
   sub_tot=  1.017941
 max error due to symm in nks =     0.000000
 imp=  1 eigen values of   nks-sym:
    0.5090    0.5090
 nele_loc total:
       0.50897   0.50897
************    isimix-var  ************
 imp=  1
 real part
   2.0003   0.0000
   0.0000   2.0003
************      d0-unsym  ************
 imp=  1
 real part
  -0.1340   0.0000
   0.0000  -0.1340
************        d0-sym  ************
 imp=  1
 real part
  -0.1340   0.0000
   0.0000  -0.1340
 max error due to symm in d0 =     0.000000
************         d-sym  ************
 imp=  1
 real part
  -0.2680   0.0000
   0.0000  -0.2680
************           la2  ************
 imp=  1
 real part
  -0.0986   0.0000
   0.0000  -0.0986
 e_mol = -1.1355935 e_tot = -1.3328067
************     ncv-unsym  ************
 imp=  1
 real part
   0.5128   0.0000
   0.0000   0.5128
   sub_tot=  1.025597
************       ncv-sym  ************
 imp=  1
 real part
   0.5128   0.0000
   0.0000   0.5128
   sub_tot=  1.025597
 max error due to symm in ncv =     0.000000
************     ncp-unsym  ************
 imp=  1
 real part
   0.5128   0.0000
   0.0000   0.5128
   sub_tot=  1.025597
************       ncp-sym  ************
 imp=  1
 real part
   0.5128   0.0000
   0.0000   0.5128
   sub_tot=  1.025597
 max error due to symm in ncp =     0.000000
 imp=  1 sum_phy-sum_var=      0.00000000
        sum_phy-sum_ks =      0.00765596 would be renormalized!
************    ncp-renorm  ************
 imp=  1
 real part
   0.5090   0.0000
   0.0000   0.5090
   sub_tot=  1.017941
************    isimix-var  ************
 imp=  1
 real part
   2.0003   0.0000
   0.0000   2.0003
************        r0-out  ************
 imp=  1
 real part
   0.3666   0.0000
   0.0000   0.3666
************         r-out  ************
 imp=  1
 real part
   0.7332   0.0000
   0.0000   0.7332
************     r-out-sym  ************
 imp=  1
 real part
   0.7332   0.0000
   0.0000   0.7332
 max error due to symm in r-out =     0.000000
************     z-out-sym  ************
 imp=  1
 real part
   0.5376   0.0000
   0.0000   0.5376
 imp=  1 eigen values of         z:
    0.5376    0.5376
 e_total_model = -1.1875699
 total number of electrons in simulation: 1.61011
 maximal local symmetrization error =    0.00000
 CyGFinal takes    0 h  0 m  0.05 s(cpu).
                   0 h  0 m  0.24 s(wall).
 total number of impurities =    1
 impurity imap indices:
       1
 impurity num_spin_orbitals:
       2
 transformation db_to_sab read in.
 imp =  1 v2e(1,1,1,1) = 2.00
 mott localized orbital info:
 i=  1 nsorb= 0 nelect= 0
 ispin_in= 1 iso= 1 ispin= 1 ispo= 1
************     h1e-unsym  ************
 imp=  1
 real part
  -1.0000   0.0000
   0.0000  -1.0000
   orbital splitting:
   0.00000   0.00000
 imp=  1 eigen values of h1e-unsym:
   -1.0000   -1.0000
************       h1e-sym  ************
 imp=  1
 real part
  -1.0000   0.0000
   0.0000  -1.0000
   orbital splitting:
   0.00000   0.00000
 imp=  1 eigen values of   h1e-sym:
   -1.0000   -1.0000
 max error due to symm in h1e =     0.000000
 min/max(this%ne(1,:,:))=       2       2
 min/max(this%ne(2,:,:))=       1       1
 min/max(this%ne(3,:,:))=       2       2
 this%nmax=   2
 valence electrons: total=     0.0
         correlated block=     0.0
 no double counting.
************          r-in  ************
 imp=  1
 real part
   0.7547   0.0000
   0.0000   0.7547
************        la1-in  ************
 imp=  1
 real part
   0.0913   0.0000
   0.0000   0.0913
 calc_band_all takes    0 h  0 m  0.01 s(cpu).
                        0 h  0 m  0.01 s(wall).
 gutz fermi level=      0.00000000
************     nks-unsym  ************
 imp=  1
 real part
   0.5090   0.0000
   0.0000   0.5090
   sub_tot=  1.017941
 imp=  1 eigen values of nks-unsym:
    0.5090    0.5090
************       nks-sym  ************
 imp=  1
 real part
   0.5090   0.0000
   0.0000   0.5090
   sub_tot=  1.017941
 max error due to symm in nks =     0.000000
 imp=  1 eigen values of   nks-sym:
    0.5090    0.5090
 nele_loc total:
       0.50897   0.50897
************    isimix-var  ************
 imp=  1
 real part
   2.0003   0.0000
   0.0000   2.0003
************      d0-unsym  ************
 imp=  1
 real part
  -0.1340   0.0000
   0.0000  -0.1340
************        d0-sym  ************
 imp=  1
 real part
  -0.1340   0.0000
   0.0000  -0.1340
 max error due to symm in d0 =     0.000000
************         d-sym  ************
 imp=  1
 real part
  -0.2680   0.0000
   0.0000  -0.2680
************           la2  ************
 imp=  1
 real part
  -0.0986   0.0000
   0.0000  -0.0986
 CyGBand takes    0 h  0 m  0.04 s(cpu).
                  0 h  0 m  0.24 s(wall).
 total number of impurities =    1
 impurity imap indices:
       1
 impurity num_spin_orbitals:
       2
 transformation db_to_sab read in.
 imp =  1 v2e(1,1,1,1) = 2.00
 mott localized orbital info:
 i=  1 nsorb= 0 nelect= 0
 e_mol = -1.1355935 e_tot = -1.3328067
************     nks-unsym  ************
 imp=  1
 real part
   0.5090   0.0000
   0.0000   0.5090
   sub_tot=  1.017941
 imp=  1 eigen values of nks-unsym:
    0.5090    0.5090
************       nks-sym  ************
 imp=  1
 real part
   0.5090   0.0000
   0.0000   0.5090
   sub_tot=  1.017941
 max error due to symm in nks =     0.000000
 imp=  1 eigen values of   nks-sym:
    0.5090    0.5090
 nele_loc total:
       0.50897   0.50897
************     ncv-unsym  ************
 imp=  1
 real part
   0.5128   0.0000
   0.0000   0.5128
   sub_tot=  1.025597
************       ncv-sym  ************
 imp=  1
 real part
   0.5128   0.0000
   0.0000   0.5128
   sub_tot=  1.025597
 max error due to symm in ncv =     0.000000
************    isimix-var  ************
 imp=  1
 real part
   2.0003   0.0000
   0.0000   2.0003
************        r0-out  ************
 imp=  1
 real part
   0.3666   0.0000
   0.0000   0.3666
************         r-out  ************
 imp=  1
 real part
   0.7332   0.0000
   0.0000   0.7332
************     r-out-sym  ************
 imp=  1
 real part
   0.7332   0.0000
   0.0000   0.7332
 max error due to symm in r-out =     0.000000
************     z-out-sym  ************
 imp=  1
 real part
   0.5376   0.0000
   0.0000   0.5376
 imp=  1 eigen values of         z:
    0.5376    0.5376
 maxerr =     0.030318
 CyGErr takes    0 h  0 m  0.03 s(cpu).
                 0 h  0 m  0.22 s(wall).
 total number of impurities =    1
 impurity imap indices:
       1
 impurity num_spin_orbitals:
       2
 transformation db_to_sab read in.
 imp =  1 v2e(1,1,1,1) = 2.00
 mott localized orbital info:
 i=  1 nsorb= 0 nelect= 0
 ispin_in= 1 iso= 1 ispin= 1 ispo= 1
************     h1e-unsym  ************
 imp=  1
 real part
  -1.0000   0.0000
   0.0000  -1.0000
   orbital splitting:
   0.00000   0.00000
 imp=  1 eigen values of h1e-unsym:
   -1.0000   -1.0000
************       h1e-sym  ************
 imp=  1
 real part
  -1.0000   0.0000
   0.0000  -1.0000
   orbital splitting:
   0.00000   0.00000
 imp=  1 eigen values of   h1e-sym:
   -1.0000   -1.0000
 max error due to symm in h1e =     0.000000
 min/max(this%ne(1,:,:))=       2       2
 min/max(this%ne(2,:,:))=       1       1
 min/max(this%ne(3,:,:))=       2       2
 this%nmax=   2
 valence electrons: total=     0.0
         correlated block=     0.0
 no double counting.
************          r-in  ************
 imp=  1
 real part
   0.7547   0.0000
   0.0000   0.7547
************        la1-in  ************
 imp=  1
 real part
   0.0913   0.0000
   0.0000   0.0913
 calc_band_all takes    0 h  0 m  0.01 s(cpu).
                        0 h  0 m  0.01 s(wall).
 gutz fermi level=      0.00000000
************     nks-unsym  ************
 imp=  1
 real part
   0.5090   0.0000
   0.0000   0.5090
   sub_tot=  1.017941
 imp=  1 eigen values of nks-unsym:
    0.5090    0.5090
************       nks-sym  ************
 imp=  1
 real part
   0.5090   0.0000
   0.0000   0.5090
   sub_tot=  1.017941
 max error due to symm in nks =     0.000000
 imp=  1 eigen values of   nks-sym:
    0.5090    0.5090
 nele_loc total:
       0.50897   0.50897
************    isimix-var  ************
 imp=  1
 real part
   2.0003   0.0000
   0.0000   2.0003
************      d0-unsym  ************
 imp=  1
 real part
  -0.1340   0.0000
   0.0000  -0.1340
************        d0-sym  ************
 imp=  1
 real part
  -0.1340   0.0000
   0.0000  -0.1340
 max error due to symm in d0 =     0.000000
************         d-sym  ************
 imp=  1
 real part
  -0.2680   0.0000
   0.0000  -0.2680
************           la2  ************
 imp=  1
 real part
  -0.0986   0.0000
   0.0000  -0.0986
 e_mol = -1.1355935 e_tot = -1.3328067
************     ncv-unsym  ************
 imp=  1
 real part
   0.5128   0.0000
   0.0000   0.5128
   sub_tot=  1.025597
************       ncv-sym  ************
 imp=  1
 real part
   0.5128   0.0000
   0.0000   0.5128
   sub_tot=  1.025597
 max error due to symm in ncv =     0.000000
************     ncp-unsym  ************
 imp=  1
 real part
   0.5128   0.0000
   0.0000   0.5128
   sub_tot=  1.025597
************       ncp-sym  ************
 imp=  1
 real part
   0.5128   0.0000
   0.0000   0.5128
   sub_tot=  1.025597
 max error due to symm in ncp =     0.000000
 imp=  1 sum_phy-sum_var=      0.00000000
        sum_phy-sum_ks =      0.00765596 would be renormalized!
************    ncp-renorm  ************
 imp=  1
 real part
   0.5090   0.0000
   0.0000   0.5090
   sub_tot=  1.017941
************    isimix-var  ************
 imp=  1
 real part
   2.0003   0.0000
   0.0000   2.0003
************        r0-out  ************
 imp=  1
 real part
   0.3666   0.0000
   0.0000   0.3666
************         r-out  ************
 imp=  1
 real part
   0.7332   0.0000
   0.0000   0.7332
************     r-out-sym  ************
 imp=  1
 real part
   0.7332   0.0000
   0.0000   0.7332
 max error due to symm in r-out =     0.000000
************     z-out-sym  ************
 imp=  1
 real part
   0.5376   0.0000
   0.0000   0.5376
 imp=  1 eigen values of         z:
    0.5376    0.5376
 e_total_model = -1.1875699
 total number of electrons in simulation: 1.61011
 maximal local symmetrization error =    0.00000
 CyGFinal takes    0 h  0 m  0.05 s(cpu).
                   0 h  0 m  0.24 s(wall).
 total number of impurities =    1
 impurity imap indices:
       1
 impurity num_spin_orbitals:
       2
 transformation db_to_sab read in.
 imp =  1 v2e(1,1,1,1) = 2.00
 mott localized orbital info:
 i=  1 nsorb= 0 nelect= 0
 ispin_in= 1 iso= 1 ispin= 1 ispo= 1
************     h1e-unsym  ************
 imp=  1
 real part
  -1.0000   0.0000
   0.0000  -1.0000
   orbital splitting:
   0.00000   0.00000
 imp=  1 eigen values of h1e-unsym:
   -1.0000   -1.0000
************       h1e-sym  ************
 imp=  1
 real part
  -1.0000   0.0000
   0.0000  -1.0000
   orbital splitting:
   0.00000   0.00000
 imp=  1 eigen values of   h1e-sym:
   -1.0000   -1.0000
 max error due to symm in h1e =     0.000000
 min/max(this%ne(1,:,:))=       2       2
 min/max(this%ne(2,:,:))=       1       1
 min/max(this%ne(3,:,:))=       2       2
 this%nmax=   2
 valence electrons: total=     0.0
         correlated block=     0.0
 no double counting.
************          r-in  ************
 imp=  1
 real part
   0.7547   0.0000
   0.0000   0.7547
************        la1-in  ************
 imp=  1
 real part
   0.0913   0.0000
   0.0000   0.0913
 calc_band_all takes    0 h  0 m  0.01 s(cpu).
                        0 h  0 m  0.01 s(wall).
 gutz fermi level=      0.00000000
************     nks-unsym  ************
 imp=  1
 real part
   0.5090   0.0000
   0.0000   0.5090
   sub_tot=  1.017941
 imp=  1 eigen values of nks-unsym:
    0.5090    0.5090
************       nks-sym  ************
 imp=  1
 real part
   0.5090   0.0000
   0.0000   0.5090
   sub_tot=  1.017941
 max error due to symm in nks =     0.000000
 imp=  1 eigen values of   nks-sym:
    0.5090    0.5090
 nele_loc total:
       0.50897   0.50897
************    isimix-var  ************
 imp=  1
 real part
   2.0003   0.0000
   0.0000   2.0003
************      d0-unsym  ************
 imp=  1
 real part
  -0.1340   0.0000
   0.0000  -0.1340
************        d0-sym  ************
 imp=  1
 real part
  -0.1340   0.0000
   0.0000  -0.1340
 max error due to symm in d0 =     0.000000
************         d-sym  ************
 imp=  1
 real part
  -0.2680   0.0000
   0.0000  -0.2680
************           la2  ************
 imp=  1
 real part
  -0.0986   0.0000
   0.0000  -0.0986
 CyGBand takes    0 h  0 m  0.05 s(cpu).
                  0 h  0 m  0.24 s(wall).
 total number of impurities =    1
 impurity imap indices:
       1
 impurity num_spin_orbitals:
       2
 transformation db_to_sab read in.
 imp =  1 v2e(1,1,1,1) = 2.00
 mott localized orbital info:
 i=  1 nsorb= 0 nelect= 0
 e_mol = -1.1355935 e_tot = -1.3328067
************     nks-unsym  ************
 imp=  1
 real part
   0.5090   0.0000
   0.0000   0.5090
   sub_tot=  1.017941
 imp=  1 eigen values of nks-unsym:
    0.5090    0.5090
************       nks-sym  ************
 imp=  1
 real part
   0.5090   0.0000
   0.0000   0.5090
   sub_tot=  1.017941
 max error due to symm in nks =     0.000000
 imp=  1 eigen values of   nks-sym:
    0.5090    0.5090
 nele_loc total:
       0.50897   0.50897
************     ncv-unsym  ************
 imp=  1
 real part
   0.5128   0.0000
   0.0000   0.5128
   sub_tot=  1.025597
************       ncv-sym  ************
 imp=  1
 real part
   0.5128   0.0000
   0.0000   0.5128
   sub_tot=  1.025597
 max error due to symm in ncv =     0.000000
************    isimix-var  ************
 imp=  1
 real part
   2.0003   0.0000
   0.0000   2.0003
************        r0-out  ************
 imp=  1
 real part
   0.3666   0.0000
   0.0000   0.3666
************         r-out  ************
 imp=  1
 real part
   0.7332   0.0000
   0.0000   0.7332
************     r-out-sym  ************
 imp=  1
 real part
   0.7332   0.0000
   0.0000   0.7332
 max error due to symm in r-out =     0.000000
************     z-out-sym  ************
 imp=  1
 real part
   0.5376   0.0000
   0.0000   0.5376
 imp=  1 eigen values of         z:
    0.5376    0.5376
 maxerr =     0.030318
 CyGErr takes    0 h  0 m  0.03 s(cpu).
                 0 h  0 m  0.22 s(wall).
 total number of impurities =    1
 impurity imap indices:
       1
 impurity num_spin_orbitals:
       2
 transformation db_to_sab read in.
 imp =  1 v2e(1,1,1,1) = 2.00
 mott localized orbital info:
 i=  1 nsorb= 0 nelect= 0
 ispin_in= 1 iso= 1 ispin= 1 ispo= 1
************     h1e-unsym  ************
 imp=  1
 real part
  -1.0000   0.0000
   0.0000  -1.0000
   orbital splitting:
   0.00000   0.00000
 imp=  1 eigen values of h1e-unsym:
   -1.0000   -1.0000
************       h1e-sym  ************
 imp=  1
 real part
  -1.0000   0.0000
   0.0000  -1.0000
   orbital splitting:
   0.00000   0.00000
 imp=  1 eigen values of   h1e-sym:
   -1.0000   -1.0000
 max error due to symm in h1e =     0.000000
 min/max(this%ne(1,:,:))=       2       2
 min/max(this%ne(2,:,:))=       1       1
 min/max(this%ne(3,:,:))=       2       2
 this%nmax=   2
 valence electrons: total=     0.0
         correlated block=     0.0
 no double counting.
************          r-in  ************
 imp=  1
 real part
   0.7547   0.0000
   0.0000   0.7547
************        la1-in  ************
 imp=  1
 real part
   0.0913   0.0000
   0.0000   0.0913
 calc_band_all takes    0 h  0 m  0.01 s(cpu).
                        0 h  0 m  0.01 s(wall).
 gutz fermi level=      0.00000000
************     nks-unsym  ************
 imp=  1
 real part
   0.5090   0.0000
   0.0000   0.5090
   sub_tot=  1.017941
 imp=  1 eigen values of nks-unsym:
    0.5090    0.5090
************       nks-sym  ************
 imp=  1
 real part
   0.5090   0.0000
   0.0000   0.5090
   sub_tot=  1.017941
 max error due to symm in nks =     0.000000
 imp=  1 eigen values of   nks-sym:
    0.5090    0.5090
 nele_loc total:
       0.50897   0.50897
************    isimix-var  ************
 imp=  1
 real part
   2.0003   0.0000
   0.0000   2.0003
************      d0-unsym  ************
 imp=  1
 real part
  -0.1340   0.0000
   0.0000  -0.1340
************        d0-sym  ************
 imp=  1
 real part
  -0.1340   0.0000
   0.0000  -0.1340
 max error due to symm in d0 =     0.000000
************         d-sym  ************
 imp=  1
 real part
  -0.2680   0.0000
   0.0000  -0.2680
************           la2  ************
 imp=  1
 real part
  -0.0986   0.0000
   0.0000  -0.0986
 e_mol = -1.1355935 e_tot = -1.3328067
************     ncv-unsym  ************
 imp=  1
 real part
   0.5128   0.0000
   0.0000   0.5128
   sub_tot=  1.025597
************       ncv-sym  ************
 imp=  1
 real part
   0.5128   0.0000
   0.0000   0.5128
   sub_tot=  1.025597
 max error due to symm in ncv =     0.000000
************     ncp-unsym  ************
 imp=  1
 real part
   0.5128   0.0000
   0.0000   0.5128
   sub_tot=  1.025597
************       ncp-sym  ************
 imp=  1
 real part
   0.5128   0.0000
   0.0000   0.5128
   sub_tot=  1.025597
 max error due to symm in ncp =     0.000000
 imp=  1 sum_phy-sum_var=      0.00000000
        sum_phy-sum_ks =      0.00765596 would be renormalized!
************    ncp-renorm  ************
 imp=  1
 real part
   0.5090   0.0000
   0.0000   0.5090
   sub_tot=  1.017941
************    isimix-var  ************
 imp=  1
 real part
   2.0003   0.0000
   0.0000   2.0003
************        r0-out  ************
 imp=  1
 real part
   0.3666   0.0000
   0.0000   0.3666
************         r-out  ************
 imp=  1
 real part
   0.7332   0.0000
   0.0000   0.7332
************     r-out-sym  ************
 imp=  1
 real part
   0.7332   0.0000
   0.0000   0.7332
 max error due to symm in r-out =     0.000000
************     z-out-sym  ************
 imp=  1
 real part
   0.5376   0.0000
   0.0000   0.5376
 imp=  1 eigen values of         z:
    0.5376    0.5376
 e_total_model = -1.1875699
 total number of electrons in simulation: 1.61011
 maximal local symmetrization error =    0.00000
 CyGFinal takes    0 h  0 m  0.04 s(cpu).
                   0 h  0 m  0.24 s(wall).
 total number of impurities =    1
 impurity imap indices:
       1
 impurity num_spin_orbitals:
       2
 transformation db_to_sab read in.
 imp =  1 v2e(1,1,1,1) = 2.00
 mott localized orbital info:
 i=  1 nsorb= 0 nelect= 0
 ispin_in= 1 iso= 1 ispin= 1 ispo= 1
************     h1e-unsym  ************
 imp=  1
 real part
  -1.0000   0.0000
   0.0000  -1.0000
   orbital splitting:
   0.00000   0.00000
 imp=  1 eigen values of h1e-unsym:
   -1.0000   -1.0000
************       h1e-sym  ************
 imp=  1
 real part
  -1.0000   0.0000
   0.0000  -1.0000
   orbital splitting:
   0.00000   0.00000
 imp=  1 eigen values of   h1e-sym:
   -1.0000   -1.0000
 max error due to symm in h1e =     0.000000
 min/max(this%ne(1,:,:))=       2       2
 min/max(this%ne(2,:,:))=       1       1
 min/max(this%ne(3,:,:))=       2       2
 this%nmax=   2
 valence electrons: total=     0.0
         correlated block=     0.0
 no double counting.
************          r-in  ************
 imp=  1
 real part
   0.7547   0.0000
   0.0000   0.7547
************        la1-in  ************
 imp=  1
 real part
   0.0913   0.0000
   0.0000   0.0913
 calc_band_all takes    0 h  0 m  0.01 s(cpu).
                        0 h  0 m  0.01 s(wall).
 gutz fermi level=      0.00000000
************     nks-unsym  ************
 imp=  1
 real part
   0.5090   0.0000
   0.0000   0.5090
   sub_tot=  1.017941
 imp=  1 eigen values of nks-unsym:
    0.5090    0.5090
************       nks-sym  ************
 imp=  1
 real part
   0.5090   0.0000
   0.0000   0.5090
   sub_tot=  1.017941
 max error due to symm in nks =     0.000000
 imp=  1 eigen values of   nks-sym:
    0.5090    0.5090
 nele_loc total:
       0.50897   0.50897
************    isimix-var  ************
 imp=  1
 real part
   2.0003   0.0000
   0.0000   2.0003
************      d0-unsym  ************
 imp=  1
 real part
  -0.1340   0.0000
   0.0000  -0.1340
************        d0-sym  ************
 imp=  1
 real part
  -0.1340   0.0000
   0.0000  -0.1340
 max error due to symm in d0 =     0.000000
************         d-sym  ************
 imp=  1
 real part
  -0.2680   0.0000
   0.0000  -0.2680
************           la2  ************
 imp=  1
 real part
  -0.0986   0.0000
   0.0000  -0.0986
 CyGBand takes    0 h  0 m  0.04 s(cpu).
                  0 h  0 m  0.24 s(wall).
 total number of impurities =    1
 impurity imap indices:
       1
 impurity num_spin_orbitals:
       2
 transformation db_to_sab read in.
 imp =  1 v2e(1,1,1,1) = 2.00
 mott localized orbital info:
 i=  1 nsorb= 0 nelect= 0
 e_mol = -1.1355935 e_tot = -1.3328067
************     nks-unsym  ************
 imp=  1
 real part
   0.5090   0.0000
   0.0000   0.5090
   sub_tot=  1.017941
 imp=  1 eigen values of nks-unsym:
    0.5090    0.5090
************       nks-sym  ************
 imp=  1
 real part
   0.5090   0.0000
   0.0000   0.5090
   sub_tot=  1.017941
 max error due to symm in nks =     0.000000
 imp=  1 eigen values of   nks-sym:
    0.5090    0.5090
 nele_loc total:
       0.50897   0.50897
************     ncv-unsym  ************
 imp=  1
 real part
   0.5128   0.0000
   0.0000   0.5128
   sub_tot=  1.025597
************       ncv-sym  ************
 imp=  1
 real part
   0.5128   0.0000
   0.0000   0.5128
   sub_tot=  1.025597
 max error due to symm in ncv =     0.000000
************    isimix-var  ************
 imp=  1
 real part
   2.0003   0.0000
   0.0000   2.0003
************        r0-out  ************
 imp=  1
 real part
   0.3666   0.0000
   0.0000   0.3666
************         r-out  ************
 imp=  1
 real part
   0.7332   0.0000
   0.0000   0.7332
************     r-out-sym  ************
 imp=  1
 real part
   0.7332   0.0000
   0.0000   0.7332
 max error due to symm in r-out =     0.000000
************     z-out-sym  ************
 imp=  1
 real part
   0.5376   0.0000
   0.0000   0.5376
 imp=  1 eigen values of         z:
    0.5376    0.5376
 maxerr =     0.030318
 CyGErr takes    0 h  0 m  0.03 s(cpu).
                 0 h  0 m  0.22 s(wall).
 total number of impurities =    1
 impurity imap indices:
       1
 impurity num_spin_orbitals:
       2
 transformation db_to_sab read in.
 imp =  1 v2e(1,1,1,1) = 2.00
 mott localized orbital info:
 i=  1 nsorb= 0 nelect= 0
 ispin_in= 1 iso= 1 ispin= 1 ispo= 1
************     h1e-unsym  ************
 imp=  1
 real part
  -1.0000   0.0000
   0.0000  -1.0000
   orbital splitting:
   0.00000   0.00000
 imp=  1 eigen values of h1e-unsym:
   -1.0000   -1.0000
************       h1e-sym  ************
 imp=  1
 real part
  -1.0000   0.0000
   0.0000  -1.0000
   orbital splitting:
   0.00000   0.00000
 imp=  1 eigen values of   h1e-sym:
   -1.0000   -1.0000
 max error due to symm in h1e =     0.000000
 min/max(this%ne(1,:,:))=       2       2
 min/max(this%ne(2,:,:))=       1       1
 min/max(this%ne(3,:,:))=       2       2
 this%nmax=   2
 valence electrons: total=     0.0
         correlated block=     0.0
 no double counting.
************          r-in  ************
 imp=  1
 real part
   0.7547   0.0000
   0.0000   0.7547
************        la1-in  ************
 imp=  1
 real part
   0.0913   0.0000
   0.0000   0.0913
 calc_band_all takes    0 h  0 m  0.01 s(cpu).
                        0 h  0 m  0.01 s(wall).
 gutz fermi level=      0.00000000
************     nks-unsym  ************
 imp=  1
 real part
   0.5090   0.0000
   0.0000   0.5090
   sub_tot=  1.017941
 imp=  1 eigen values of nks-unsym:
    0.5090    0.5090
************       nks-sym  ************
 imp=  1
 real part
   0.5090   0.0000
   0.0000   0.5090
   sub_tot=  1.017941
 max error due to symm in nks =     0.000000
 imp=  1 eigen values of   nks-sym:
    0.5090    0.5090
 nele_loc total:
       0.50897   0.50897
************    isimix-var  ************
 imp=  1
 real part
   2.0003   0.0000
   0.0000   2.0003
************      d0-unsym  ************
 imp=  1
 real part
  -0.1340   0.0000
   0.0000  -0.1340
************        d0-sym  ************
 imp=  1
 real part
  -0.1340   0.0000
   0.0000  -0.1340
 max error due to symm in d0 =     0.000000
************         d-sym  ************
 imp=  1
 real part
  -0.2680   0.0000
   0.0000  -0.2680
************           la2  ************
 imp=  1
 real part
  -0.0986   0.0000
   0.0000  -0.0986
 e_mol = -1.1355935 e_tot = -1.3328067
************     ncv-unsym  ************
 imp=  1
 real part
   0.5128   0.0000
   0.0000   0.5128
   sub_tot=  1.025597
************       ncv-sym  ************
 imp=  1
 real part
   0.5128   0.0000
   0.0000   0.5128
   sub_tot=  1.025597
 max error due to symm in ncv =     0.000000
************     ncp-unsym  ************
 imp=  1
 real part
   0.5128   0.0000
   0.0000   0.5128
   sub_tot=  1.025597
************       ncp-sym  ************
 imp=  1
 real part
   0.5128   0.0000
   0.0000   0.5128
   sub_tot=  1.025597
 max error due to symm in ncp =     0.000000
 imp=  1 sum_phy-sum_var=      0.00000000
        sum_phy-sum_ks =      0.00765596 would be renormalized!
************    ncp-renorm  ************
 imp=  1
 real part
   0.5090   0.0000
   0.0000   0.5090
   sub_tot=  1.017941
************    isimix-var  ************
 imp=  1
 real part
   2.0003   0.0000
   0.0000   2.0003
************        r0-out  ************
 imp=  1
 real part
   0.3666   0.0000
   0.0000   0.3666
************         r-out  ************
 imp=  1
 real part
   0.7332   0.0000
   0.0000   0.7332
************     r-out-sym  ************
 imp=  1
 real part
   0.7332   0.0000
   0.0000   0.7332
 max error due to symm in r-out =     0.000000
************     z-out-sym  ************
 imp=  1
 real part
   0.5376   0.0000
   0.0000   0.5376
 imp=  1 eigen values of         z:
    0.5376    0.5376
 e_total_model = -1.1875699
 total number of electrons in simulation: 1.61011
 maximal local symmetrization error =    0.00000
 CyGFinal takes    0 h  0 m  0.05 s(cpu).
                   0 h  0 m  0.24 s(wall).
 total number of impurities =    1
 impurity imap indices:
       1
 impurity num_spin_orbitals:
       2
 transformation db_to_sab read in.
 imp =  1 v2e(1,1,1,1) = 2.00
 mott localized orbital info:
 i=  1 nsorb= 0 nelect= 0
 ispin_in= 1 iso= 1 ispin= 1 ispo= 1
************     h1e-unsym  ************
 imp=  1
 real part
  -1.0000   0.0000
   0.0000  -1.0000
   orbital splitting:
   0.00000   0.00000
 imp=  1 eigen values of h1e-unsym:
   -1.0000   -1.0000
************       h1e-sym  ************
 imp=  1
 real part
  -1.0000   0.0000
   0.0000  -1.0000
   orbital splitting:
   0.00000   0.00000
 imp=  1 eigen values of   h1e-sym:
   -1.0000   -1.0000
 max error due to symm in h1e =     0.000000
 min/max(this%ne(1,:,:))=       2       2
 min/max(this%ne(2,:,:))=       1       1
 min/max(this%ne(3,:,:))=       2       2
 this%nmax=   2
 valence electrons: total=     0.0
         correlated block=     0.0
 no double counting.
************          r-in  ************
 imp=  1
 real part
   0.7554   0.0000
   0.0000   0.7554
************        la1-in  ************
 imp=  1
 real part
   0.0913   0.0000
   0.0000   0.0913
 calc_band_all takes    0 h  0 m  0.01 s(cpu).
                        0 h  0 m  0.01 s(wall).
 gutz fermi level=      0.00000000
************     nks-unsym  ************
 imp=  1
 real part
   0.5099   0.0000
   0.0000   0.5099
   sub_tot=  1.019838
 imp=  1 eigen values of nks-unsym:
    0.5099    0.5099
************       nks-sym  ************
 imp=  1
 real part
   0.5099   0.0000
   0.0000   0.5099
   sub_tot=  1.019838
 max error due to symm in nks =     0.000000
 imp=  1 eigen values of   nks-sym:
    0.5099    0.5099
 nele_loc total:
       0.50992   0.50992
************    isimix-var  ************
 imp=  1
 real part
   2.0004   0.0000
   0.0000   2.0004
************      d0-unsym  ************
 imp=  1
 real part
  -0.1341   0.0000
   0.0000  -0.1341
************        d0-sym  ************
 imp=  1
 real part
  -0.1341   0.0000
   0.0000  -0.1341
 max error due to symm in d0 =     0.000000
************         d-sym  ************
 imp=  1
 real part
  -0.2683   0.0000
   0.0000  -0.2683
************           la2  ************
 imp=  1
 real part
  -0.0994   0.0000
   0.0000  -0.0994
 CyGBand takes    0 h  0 m  0.05 s(cpu).
                  0 h  0 m  0.24 s(wall).
 total number of impurities =    1
 impurity imap indices:
       1
 impurity num_spin_orbitals:
       2
 transformation db_to_sab read in.
 imp =  1 v2e(1,1,1,1) = 2.00
 mott localized orbital info:
 i=  1 nsorb= 0 nelect= 0
 e_mol = -1.1352950 e_tot = -1.3340790
************     nks-unsym  ************
 imp=  1
 real part
   0.5099   0.0000
   0.0000   0.5099
   sub_tot=  1.019838
 imp=  1 eigen values of nks-unsym:
    0.5099    0.5099
************       nks-sym  ************
 imp=  1
 real part
   0.5099   0.0000
   0.0000   0.5099
   sub_tot=  1.019838
 max error due to symm in nks =     0.000000
 imp=  1 eigen values of   nks-sym:
    0.5099    0.5099
 nele_loc total:
       0.50992   0.50992
************     ncv-unsym  ************
 imp=  1
 real part
   0.5129   0.0000
   0.0000   0.5129
   sub_tot=  1.025829
************       ncv-sym  ************
 imp=  1
 real part
   0.5129   0.0000
   0.0000   0.5129
   sub_tot=  1.025829
 max error due to symm in ncv =     0.000000
************    isimix-var  ************
 imp=  1
 real part
   2.0004   0.0000
   0.0000   2.0004
************        r0-out  ************
 imp=  1
 real part
   0.3668   0.0000
   0.0000   0.3668
************         r-out  ************
 imp=  1
 real part
   0.7337   0.0000
   0.0000   0.7337
************     r-out-sym  ************
 imp=  1
 real part
   0.7337   0.0000
   0.0000   0.7337
 max error due to symm in r-out =     0.000000
************     z-out-sym  ************
 imp=  1
 real part
   0.5383   0.0000
   0.0000   0.5383
 imp=  1 eigen values of         z:
    0.5383    0.5383
 maxerr =     0.030739
 CyGErr takes    0 h  0 m  0.03 s(cpu).
                 0 h  0 m  0.22 s(wall).
 total number of impurities =    1
 impurity imap indices:
       1
 impurity num_spin_orbitals:
       2
 transformation db_to_sab read in.
 imp =  1 v2e(1,1,1,1) = 2.00
 mott localized orbital info:
 i=  1 nsorb= 0 nelect= 0
 ispin_in= 1 iso= 1 ispin= 1 ispo= 1
************     h1e-unsym  ************
 imp=  1
 real part
  -1.0000   0.0000
   0.0000  -1.0000
   orbital splitting:
   0.00000   0.00000
 imp=  1 eigen values of h1e-unsym:
   -1.0000   -1.0000
************       h1e-sym  ************
 imp=  1
 real part
  -1.0000   0.0000
   0.0000  -1.0000
   orbital splitting:
   0.00000   0.00000
 imp=  1 eigen values of   h1e-sym:
   -1.0000   -1.0000
 max error due to symm in h1e =     0.000000
 min/max(this%ne(1,:,:))=       2       2
 min/max(this%ne(2,:,:))=       1       1
 min/max(this%ne(3,:,:))=       2       2
 this%nmax=   2
 valence electrons: total=     0.0
         correlated block=     0.0
 no double counting.
************          r-in  ************
 imp=  1
 real part
   0.7554   0.0000
   0.0000   0.7554
************        la1-in  ************
 imp=  1
 real part
   0.0913   0.0000
   0.0000   0.0913
 calc_band_all takes    0 h  0 m  0.01 s(cpu).
                        0 h  0 m  0.01 s(wall).
 gutz fermi level=      0.00000000
************     nks-unsym  ************
 imp=  1
 real part
   0.5099   0.0000
   0.0000   0.5099
   sub_tot=  1.019838
 imp=  1 eigen values of nks-unsym:
    0.5099    0.5099
************       nks-sym  ************
 imp=  1
 real part
   0.5099   0.0000
   0.0000   0.5099
   sub_tot=  1.019838
 max error due to symm in nks =     0.000000
 imp=  1 eigen values of   nks-sym:
    0.5099    0.5099
 nele_loc total:
       0.50992   0.50992
************    isimix-var  ************
 imp=  1
 real part
   2.0004   0.0000
   0.0000   2.0004
************      d0-unsym  ************
 imp=  1
 real part
  -0.1341   0.0000
   0.0000  -0.1341
************        d0-sym  ************
 imp=  1
 real part
  -0.1341   0.0000
   0.0000  -0.1341
 max error due to symm in d0 =     0.000000
************         d-sym  ************
 imp=  1
 real part
  -0.2683   0.0000
   0.0000  -0.2683
************           la2  ************
 imp=  1
 real part
  -0.0994   0.0000
   0.0000  -0.0994
 e_mol = -1.1352950 e_tot = -1.3340790
************     ncv-unsym  ************
 imp=  1
 real part
   0.5129   0.0000
   0.0000   0.5129
   sub_tot=  1.025829
************       ncv-sym  ************
 imp=  1
 real part
   0.5129   0.0000
   0.0000   0.5129
   sub_tot=  1.025829
 max error due to symm in ncv =     0.000000
************     ncp-unsym  ************
 imp=  1
 real part
   0.5129   0.0000
   0.0000   0.5129
   sub_tot=  1.025829
************       ncp-sym  ************
 imp=  1
 real part
   0.5129   0.0000
   0.0000   0.5129
   sub_tot=  1.025829
 max error due to symm in ncp =     0.000000
 imp=  1 sum_phy-sum_var=      0.00000000
        sum_phy-sum_ks =      0.00599034 would be renormalized!
************    ncp-renorm  ************
 imp=  1
 real part
   0.5099   0.0000
   0.0000   0.5099
   sub_tot=  1.019838
************    isimix-var  ************
 imp=  1
 real part
   2.0004   0.0000
   0.0000   2.0004
************        r0-out  ************
 imp=  1
 real part
   0.3668   0.0000
   0.0000   0.3668
************         r-out  ************
 imp=  1
 real part
   0.7337   0.0000
   0.0000   0.7337
************     r-out-sym  ************
 imp=  1
 real part
   0.7337   0.0000
   0.0000   0.7337
 max error due to symm in r-out =     0.000000
************     z-out-sym  ************
 imp=  1
 real part
   0.5383   0.0000
   0.0000   0.5383
 imp=  1 eigen values of         z:
    0.5383    0.5383
 e_total_model = -1.1895596
 total number of electrons in simulation: 1.61229
 maximal local symmetrization error =    0.00000
 CyGFinal takes    0 h  0 m  0.04 s(cpu).
                   0 h  0 m  0.24 s(wall).
 total number of impurities =    1
 impurity imap indices:
       1
 impurity num_spin_orbitals:
       2
 transformation db_to_sab read in.
 imp =  1 v2e(1,1,1,1) = 2.00
 mott localized orbital info:
 i=  1 nsorb= 0 nelect= 0
 ispin_in= 1 iso= 1 ispin= 1 ispo= 1
************     h1e-unsym  ************
 imp=  1
 real part
  -1.0000   0.0000
   0.0000  -1.0000
   orbital splitting:
   0.00000   0.00000
 imp=  1 eigen values of h1e-unsym:
   -1.0000   -1.0000
************       h1e-sym  ************
 imp=  1
 real part
  -1.0000   0.0000
   0.0000  -1.0000
   orbital splitting:
   0.00000   0.00000
 imp=  1 eigen values of   h1e-sym:
   -1.0000   -1.0000
 max error due to symm in h1e =     0.000000
 min/max(this%ne(1,:,:))=       2       2
 min/max(this%ne(2,:,:))=       1       1
 min/max(this%ne(3,:,:))=       2       2
 this%nmax=   2
 valence electrons: total=     0.0
         correlated block=     0.0
 no double counting.
************          r-in  ************
 imp=  1
 real part
   0.7547   0.0000
   0.0000   0.7547
************        la1-in  ************
 imp=  1
 real part
   0.0914   0.0000
   0.0000   0.0914
 calc_band_all takes    0 h  0 m  0.01 s(cpu).
                        0 h  0 m  0.01 s(wall).
 gutz fermi level=      0.00000000
************     nks-unsym  ************
 imp=  1
 real part
   0.5084   0.0000
   0.0000   0.5084
   sub_tot=  1.016859
 imp=  1 eigen values of nks-unsym:
    0.5084    0.5084
************       nks-sym  ************
 imp=  1
 real part
   0.5084   0.0000
   0.0000   0.5084
   sub_tot=  1.016859
 max error due to symm in nks =     0.000000
 imp=  1 eigen values of   nks-sym:
    0.5084    0.5084
 nele_loc total:
       0.50843   0.50843
************    isimix-var  ************
 imp=  1
 real part
   2.0003   0.0000
   0.0000   2.0003
************      d0-unsym  ************
 imp=  1
 real part
  -0.1339   0.0000
   0.0000  -0.1339
************        d0-sym  ************
 imp=  1
 real part
  -0.1339   0.0000
   0.0000  -0.1339
 max error due to symm in d0 =     0.000000
************         d-sym  ************
 imp=  1
 real part
  -0.2678   0.0000
   0.0000  -0.2678
************           la2  ************
 imp=  1
 real part
  -0.0983   0.0000
   0.0000  -0.0983
 CyGBand takes    0 h  0 m  0.04 s(cpu).
                  0 h  0 m  0.24 s(wall).
 total number of impurities =    1
 impurity imap indices:
       1
 impurity num_spin_orbitals:
       2
 transformation db_to_sab read in.
 imp =  1 v2e(1,1,1,1) = 2.00
 mott localized orbital info:
 i=  1 nsorb= 0 nelect= 0
 e_mol = -1.1357584 e_tot = -1.3322724
************     nks-unsym  ************
 imp=  1
 real part
   0.5084   0.0000
   0.0000   0.5084
   sub_tot=  1.016859
 imp=  1 eigen values of nks-unsym:
    0.5084    0.5084
************       nks-sym  ************
 imp=  1
 real part
   0.5084   0.0000
   0.0000   0.5084
   sub_tot=  1.016859
 max error due to symm in nks =     0.000000
 imp=  1 eigen values of   nks-sym:
    0.5084    0.5084
 nele_loc total:
       0.50843   0.50843
************     ncv-unsym  ************
 imp=  1
 real part
   0.5127   0.0000
   0.0000   0.5127
   sub_tot=  1.025495
************       ncv-sym  ************
 imp=  1
 real part
   0.5127   0.0000
   0.0000   0.5127
   sub_tot=  1.025495
 max error due to symm in ncv =     0.000000
************    isimix-var  ************
 imp=  1
 real part
   2.0003   0.0000
   0.0000   2.0003
************        r0-out  ************
 imp=  1
 real part
   0.3665   0.0000
   0.0000   0.3665
************         r-out  ************
 imp=  1
 real part
   0.7331   0.0000
   0.0000   0.7331
************     r-out-sym  ************
 imp=  1
 real part
   0.7331   0.0000
   0.0000   0.7331
 max error due to symm in r-out =     0.000000
************     z-out-sym  ************
 imp=  1
 real part
   0.5374   0.0000
   0.0000   0.5374
 imp=  1 eigen values of         z:
    0.5374    0.5374
 maxerr =     0.030571
 CyGErr takes    0 h  0 m  0.03 s(cpu).
                 0 h  0 m  0.22 s(wall).
 total number of impurities =    1
 impurity imap indices:
       1
 impurity num_spin_orbitals:
       2
 transformation db_to_sab read in.
 imp =  1 v2e(1,1,1,1) = 2.00
 mott localized orbital info:
 i=  1 nsorb= 0 nelect= 0
 ispin_in= 1 iso= 1 ispin= 1 ispo= 1
************     h1e-unsym  ************
 imp=  1
 real part
  -1.0000   0.0000
   0.0000  -1.0000
   orbital splitting:
   0.00000   0.00000
 imp=  1 eigen values of h1e-unsym:
   -1.0000   -1.0000
************       h1e-sym  ************
 imp=  1
 real part
  -1.0000   0.0000
   0.0000  -1.0000
   orbital splitting:
   0.00000   0.00000
 imp=  1 eigen values of   h1e-sym:
   -1.0000   -1.0000
 max error due to symm in h1e =     0.000000
 min/max(this%ne(1,:,:))=       2       2
 min/max(this%ne(2,:,:))=       1       1
 min/max(this%ne(3,:,:))=       2       2
 this%nmax=   2
 valence electrons: total=     0.0
         correlated block=     0.0
 no double counting.
************          r-in  ************
 imp=  1
 real part
   0.7547   0.0000
   0.0000   0.7547
************        la1-in  ************
 imp=  1
 real part
   0.0914   0.0000
   0.0000   0.0914
 calc_band_all takes    0 h  0 m  0.01 s(cpu).
                        0 h  0 m  0.01 s(wall).
 gutz fermi level=      0.00000000
************     nks-unsym  ************
 imp=  1
 real part
   0.5084   0.0000
   0.0000   0.5084
   sub_tot=  1.016859
 imp=  1 eigen values of nks-unsym:
    0.5084    0.5084
************       nks-sym  ************
 imp=  1
 real part
   0.5084   0.0000
   0.0000   0.5084
   sub_tot=  1.016859
 max error due to symm in nks =     0.000000
 imp=  1 eigen values of   nks-sym:
    0.5084    0.5084
 nele_loc total:
       0.50843   0.50843
************    isimix-var  ************
 imp=  1
 real part
   2.0003   0.0000
   0.0000   2.0003
************      d0-unsym  ************
 imp=  1
 real part
  -0.1339   0.0000
   0.0000  -0.1339
************        d0-sym  ************
 imp=  1
 real part
  -0.1339   0.0000
   0.0000  -0.1339
 max error due to symm in d0 =     0.000000
************         d-sym  ************
 imp=  1
 real part
  -0.2678   0.0000
   0.0000  -0.2678
************           la2  ************
 imp=  1
 real part
  -0.0983   0.0000
   0.0000  -0.0983
 e_mol = -1.1357584 e_tot = -1.3322724
************     ncv-unsym  ************
 imp=  1
 real part
   0.5127   0.0000
   0.0000   0.5127
   sub_tot=  1.025495
************       ncv-sym  ************
 imp=  1
 real part
   0.5127   0.0000
   0.0000   0.5127
   sub_tot=  1.025495
 max error due to symm in ncv =     0.000000
************     ncp-unsym  ************
 imp=  1
 real part
   0.5127   0.0000
   0.0000   0.5127
   sub_tot=  1.025495
************       ncp-sym  ************
 imp=  1
 real part
   0.5127   0.0000
   0.0000   0.5127
   sub_tot=  1.025495
 max error due to symm in ncp =     0.000000
 imp=  1 sum_phy-sum_var=      0.00000000
        sum_phy-sum_ks =      0.00863683 would be renormalized!
************    ncp-renorm  ************
 imp=  1
 real part
   0.5084   0.0000
   0.0000   0.5084
   sub_tot=  1.016859
************    isimix-var  ************
 imp=  1
 real part
   2.0003   0.0000
   0.0000   2.0003
************        r0-out  ************
 imp=  1
 real part
   0.3665   0.0000
   0.0000   0.3665
************         r-out  ************
 imp=  1
 real part
   0.7331   0.0000
   0.0000   0.7331
************     r-out-sym  ************
 imp=  1
 real part
   0.7331   0.0000
   0.0000   0.7331
 max error due to symm in r-out =     0.000000
************     z-out-sym  ************
 imp=  1
 real part
   0.5374   0.0000
   0.0000   0.5374
 imp=  1 eigen values of         z:
    0.5374    0.5374
 e_total_model = -1.1865883
 total number of electrons in simulation: 1.60901
 maximal local symmetrization error =    0.00000
 CyGFinal takes    0 h  0 m  0.04 s(cpu).
                   0 h  0 m  0.24 s(wall).
 total number of impurities =    1
 impurity imap indices:
       1
 impurity num_spin_orbitals:
       2
 transformation db_to_sab read in.
 imp =  1 v2e(1,1,1,1) = 2.00
 mott localized orbital info:
 i=  1 nsorb= 0 nelect= 0
 ispin_in= 1 iso= 1 ispin= 1 ispo= 1
************     h1e-unsym  ************
 imp=  1
 real part
  -1.0000   0.0000
   0.0000  -1.0000
   orbital splitting:
   0.00000   0.00000
 imp=  1 eigen values of h1e-unsym:
   -1.0000   -1.0000
************       h1e-sym  ************
 imp=  1
 real part
  -1.0000   0.0000
   0.0000  -1.0000
   orbital splitting:
   0.00000   0.00000
 imp=  1 eigen values of   h1e-sym:
   -1.0000   -1.0000
 max error due to symm in h1e =     0.000000
 min/max(this%ne(1,:,:))=       2       2
 min/max(this%ne(2,:,:))=       1       1
 min/max(this%ne(3,:,:))=       2       2
 this%nmax=   2
 valence electrons: total=     0.0
         correlated block=     0.0
 no double counting.
************          r-in  ************
 imp=  1
 real part
   0.7295   0.0000
   0.0000   0.7295
************        la1-in  ************
 imp=  1
 real part
   0.0855   0.0000
   0.0000   0.0855
 calc_band_all takes    0 h  0 m  0.01 s(cpu).
                        0 h  0 m  0.01 s(wall).
 gutz fermi level=      0.00000000
************     nks-unsym  ************
 imp=  1
 real part
   0.5128   0.0000
   0.0000   0.5128
   sub_tot=  1.025597
 imp=  1 eigen values of nks-unsym:
    0.5128    0.5128
************       nks-sym  ************
 imp=  1
 real part
   0.5128   0.0000
   0.0000   0.5128
   sub_tot=  1.025597
 max error due to symm in nks =     0.000000
 imp=  1 eigen values of   nks-sym:
    0.5128    0.5128
 nele_loc total:
       0.51280   0.51280
************    isimix-var  ************
 imp=  1
 real part
   2.0007   0.0000
   0.0000   2.0007
************      d0-unsym  ************
 imp=  1
 real part
  -0.1325   0.0000
   0.0000  -0.1325
************        d0-sym  ************
 imp=  1
 real part
  -0.1325   0.0000
   0.0000  -0.1325
 max error due to symm in d0 =     0.000000
************         d-sym  ************
 imp=  1
 real part
  -0.2652   0.0000
   0.0000  -0.2652
************           la2  ************
 imp=  1
 real part
  -0.0954   0.0000
   0.0000  -0.0954
 CyGBand takes    0 h  0 m  0.04 s(cpu).
                  0 h  0 m  0.24 s(wall).
 total number of impurities =    1
 impurity imap indices:
       1
 impurity num_spin_orbitals:
       2
 transformation db_to_sab read in.
 imp =  1 v2e(1,1,1,1) = 2.00
 mott localized orbital info:
 i=  1 nsorb= 0 nelect= 0
 e_mol = -1.1346597 e_tot = -1.3253881
************     nks-unsym  ************
 imp=  1
 real part
   0.5128   0.0000
   0.0000   0.5128
   sub_tot=  1.025597
 imp=  1 eigen values of nks-unsym:
    0.5128    0.5128
************       nks-sym  ************
 imp=  1
 real part
   0.5128   0.0000
   0.0000   0.5128
   sub_tot=  1.025597
 max error due to symm in nks =     0.000000
 imp=  1 eigen values of   nks-sym:
    0.5128    0.5128
 nele_loc total:
       0.51280   0.51280
************     ncv-unsym  ************
 imp=  1
 real part
   0.5123   0.0000
   0.0000   0.5123
   sub_tot=  1.024530
************       ncv-sym  ************
 imp=  1
 real part
   0.5123   0.0000
   0.0000   0.5123
   sub_tot=  1.024530
 max error due to symm in ncv =     0.000000
************    isimix-var  ************
 imp=  1
 real part
   2.0007   0.0000
   0.0000   2.0007
************        r0-out  ************
 imp=  1
 real part
   0.3647   0.0000
   0.0000   0.3647
************         r-out  ************
 imp=  1
 real part
   0.7297   0.0000
   0.0000   0.7297
************     r-out-sym  ************
 imp=  1
 real part
   0.7297   0.0000
   0.0000   0.7297
 max error due to symm in r-out =     0.000000
************     z-out-sym  ************
 imp=  1
 real part
   0.5324   0.0000
   0.0000   0.5324
 imp=  1 eigen values of         z:
    0.5324    0.5324
 maxerr =     0.000755
 CyGErr takes    0 h  0 m  0.03 s(cpu).
                 0 h  0 m  0.22 s(wall).
 total number of impurities =    1
 impurity imap indices:
       1
 impurity num_spin_orbitals:
       2
 transformation db_to_sab read in.
 imp =  1 v2e(1,1,1,1) = 2.00
 mott localized orbital info:
 i=  1 nsorb= 0 nelect= 0
 ispin_in= 1 iso= 1 ispin= 1 ispo= 1
************     h1e-unsym  ************
 imp=  1
 real part
  -1.0000   0.0000
   0.0000  -1.0000
   orbital splitting:
   0.00000   0.00000
 imp=  1 eigen values of h1e-unsym:
   -1.0000   -1.0000
************       h1e-sym  ************
 imp=  1
 real part
  -1.0000   0.0000
   0.0000  -1.0000
   orbital splitting:
   0.00000   0.00000
 imp=  1 eigen values of   h1e-sym:
   -1.0000   -1.0000
 max error due to symm in h1e =     0.000000
 min/max(this%ne(1,:,:))=       2       2
 min/max(this%ne(2,:,:))=       1       1
 min/max(this%ne(3,:,:))=       2       2
 this%nmax=   2
 valence electrons: total=     0.0
         correlated block=     0.0
 no double counting.
************          r-in  ************
 imp=  1
 real part
   0.7295   0.0000
   0.0000   0.7295
************        la1-in  ************
 imp=  1
 real part
   0.0855   0.0000
   0.0000   0.0855
 calc_band_all takes    0 h  0 m  0.01 s(cpu).
                        0 h  0 m  0.01 s(wall).
 gutz fermi level=      0.00000000
************     nks-unsym  ************
 imp=  1
 real part
   0.5128   0.0000
   0.0000   0.5128
   sub_tot=  1.025597
 imp=  1 eigen values of nks-unsym:
    0.5128    0.5128
************       nks-sym  ************
 imp=  1
 real part
   0.5128   0.0000
   0.0000   0.5128
   sub_tot=  1.025597
 max error due to symm in nks =     0.000000
 imp=  1 eigen values of   nks-sym:
    0.5128    0.5128
 nele_loc total:
       0.51280   0.51280
************    isimix-var  ************
 imp=  1
 real part
   2.0007   0.0000
   0.0000   2.0007
************      d0-unsym  ************
 imp=  1
 real part
  -0.1325   0.0000
   0.0000  -0.1325
************        d0-sym  ************
 imp=  1
 real part
  -0.1325   0.0000
   0.0000  -0.1325
 max error due to symm in d0 =     0.000000
************         d-sym  ************
 imp=  1
 real part
  -0.2652   0.0000
   0.0000  -0.2652
************           la2  ************
 imp=  1
 real part
  -0.0954   0.0000
   0.0000  -0.0954
 e_mol = -1.1346597 e_tot = -1.3253881
************     ncv-unsym  ************
 imp=  1
 real part
   0.5123   0.0000
   0.0000   0.5123
   sub_tot=  1.024530
************       ncv-sym  ************
 imp=  1
 real part
   0.5123   0.0000
   0.0000   0.5123
   sub_tot=  1.024530
 max error due to symm in ncv =     0.000000
************     ncp-unsym  ************
 imp=  1
 real part
   0.5123   0.0000
   0.0000   0.5123
   sub_tot=  1.024530
************       ncp-sym  ************
 imp=  1
 real part
   0.5123   0.0000
   0.0000   0.5123
   sub_tot=  1.024530
 max error due to symm in ncp =     0.000000
 imp=  1 sum_phy-sum_var=      0.00000000
        sum_phy-sum_ks =     -0.00106733 would be renormalized!
************    ncp-renorm  ************
 imp=  1
 real part
   0.5128   0.0000
   0.0000   0.5128
   sub_tot=  1.025597
************    isimix-var  ************
 imp=  1
 real part
   2.0007   0.0000
   0.0000   2.0007
************        r0-out  ************
 imp=  1
 real part
   0.3647   0.0000
   0.0000   0.3647
************         r-out  ************
 imp=  1
 real part
   0.7297   0.0000
   0.0000   0.7297
************     r-out-sym  ************
 imp=  1
 real part
   0.7297   0.0000
   0.0000   0.7297
 max error due to symm in r-out =     0.000000
************     z-out-sym  ************
 imp=  1
 real part
   0.5324   0.0000
   0.0000   0.5324
 imp=  1 eigen values of         z:
    0.5324    0.5324
 e_total_model = -1.1856075
 total number of electrons in simulation: 1.60930
 maximal local symmetrization error =    0.00000
 CyGFinal takes    0 h  0 m  0.04 s(cpu).
                   0 h  0 m  0.24 s(wall).
 total number of impurities =    1
 impurity imap indices:
       1
 impurity num_spin_orbitals:
       2
 transformation db_to_sab read in.
 imp =  1 v2e(1,1,1,1) = 2.00
 mott localized orbital info:
 i=  1 nsorb= 0 nelect= 0
 ispin_in= 1 iso= 1 ispin= 1 ispo= 1
************     h1e-unsym  ************
 imp=  1
 real part
  -1.0000   0.0000
   0.0000  -1.0000
   orbital splitting:
   0.00000   0.00000
 imp=  1 eigen values of h1e-unsym:
   -1.0000   -1.0000
************       h1e-sym  ************
 imp=  1
 real part
  -1.0000   0.0000
   0.0000  -1.0000
   orbital splitting:
   0.00000   0.00000
 imp=  1 eigen values of   h1e-sym:
   -1.0000   -1.0000
 max error due to symm in h1e =     0.000000
 min/max(this%ne(1,:,:))=       2       2
 min/max(this%ne(2,:,:))=       1       1
 min/max(this%ne(3,:,:))=       2       2
 this%nmax=   2
 valence electrons: total=     0.0
         correlated block=     0.0
 no double counting.
************          r-in  ************
 imp=  1
 real part
   0.7295   0.0000
   0.0000   0.7295
************        la1-in  ************
 imp=  1
 real part
   0.0856   0.0000
   0.0000   0.0856
 calc_band_all takes    0 h  0 m  0.01 s(cpu).
                        0 h  0 m  0.01 s(wall).
 gutz fermi level=      0.00000000
************     nks-unsym  ************
 imp=  1
 real part
   0.5122   0.0000
   0.0000   0.5122
   sub_tot=  1.024350
 imp=  1 eigen values of nks-unsym:
    0.5122    0.5122
************       nks-sym  ************
 imp=  1
 real part
   0.5122   0.0000
   0.0000   0.5122
   sub_tot=  1.024350
 max error due to symm in nks =     0.000000
 imp=  1 eigen values of   nks-sym:
    0.5122    0.5122
 nele_loc total:
       0.51218   0.51218
************    isimix-var  ************
 imp=  1
 real part
   2.0006   0.0000
   0.0000   2.0006
************      d0-unsym  ************
 imp=  1
 real part
  -0.1325   0.0000
   0.0000  -0.1325
************        d0-sym  ************
 imp=  1
 real part
  -0.1325   0.0000
   0.0000  -0.1325
 max error due to symm in d0 =     0.000000
************         d-sym  ************
 imp=  1
 real part
  -0.2650   0.0000
   0.0000  -0.2650
************           la2  ************
 imp=  1
 real part
  -0.0950   0.0000
   0.0000  -0.0950
 CyGBand takes    0 h  0 m  0.04 s(cpu).
                  0 h  0 m  0.24 s(wall).
 total number of impurities =    1
 impurity imap indices:
       1
 impurity num_spin_orbitals:
       2
 transformation db_to_sab read in.
 imp =  1 v2e(1,1,1,1) = 2.00
 mott localized orbital info:
 i=  1 nsorb= 0 nelect= 0
 e_mol = -1.1348399 e_tot = -1.3247904
************     nks-unsym  ************
 imp=  1
 real part
   0.5122   0.0000
   0.0000   0.5122
   sub_tot=  1.024350
 imp=  1 eigen values of nks-unsym:
    0.5122    0.5122
************       nks-sym  ************
 imp=  1
 real part
   0.5122   0.0000
   0.0000   0.5122
   sub_tot=  1.024350
 max error due to symm in nks =     0.000000
 imp=  1 eigen values of   nks-sym:
    0.5122    0.5122
 nele_loc total:
       0.51218   0.51218
************     ncv-unsym  ************
 imp=  1
 real part
   0.5122   0.0000
   0.0000   0.5122
   sub_tot=  1.024418
************       ncv-sym  ************
 imp=  1
 real part
   0.5122   0.0000
   0.0000   0.5122
   sub_tot=  1.024418
 max error due to symm in ncv =     0.000000
************    isimix-var  ************
 imp=  1
 real part
   2.0006   0.0000
   0.0000   2.0006
************        r0-out  ************
 imp=  1
 real part
   0.3646   0.0000
   0.0000   0.3646
************         r-out  ************
 imp=  1
 real part
   0.7295   0.0000
   0.0000   0.7295
************     r-out-sym  ************
 imp=  1
 real part
   0.7295   0.0000
   0.0000   0.7295
 max error due to symm in r-out =     0.000000
************     z-out-sym  ************
 imp=  1
 real part
   0.5321   0.0000
   0.0000   0.5321
 imp=  1 eigen values of         z:
    0.5321    0.5321
 maxerr =     0.000048
 CyGErr takes    0 h  0 m  0.03 s(cpu).
                 0 h  0 m  0.22 s(wall).
 total number of impurities =    1
 impurity imap indices:
       1
 impurity num_spin_orbitals:
       2
 transformation db_to_sab read in.
 imp =  1 v2e(1,1,1,1) = 2.00
 mott localized orbital info:
 i=  1 nsorb= 0 nelect= 0
 ispin_in= 1 iso= 1 ispin= 1 ispo= 1
************     h1e-unsym  ************
 imp=  1
 real part
  -1.0000   0.0000
   0.0000  -1.0000
   orbital splitting:
   0.00000   0.00000
 imp=  1 eigen values of h1e-unsym:
   -1.0000   -1.0000
************       h1e-sym  ************
 imp=  1
 real part
  -1.0000   0.0000
   0.0000  -1.0000
   orbital splitting:
   0.00000   0.00000
 imp=  1 eigen values of   h1e-sym:
   -1.0000   -1.0000
 max error due to symm in h1e =     0.000000
 min/max(this%ne(1,:,:))=       2       2
 min/max(this%ne(2,:,:))=       1       1
 min/max(this%ne(3,:,:))=       2       2
 this%nmax=   2
 valence electrons: total=     0.0
         correlated block=     0.0
 no double counting.
************          r-in  ************
 imp=  1
 real part
   0.7295   0.0000
   0.0000   0.7295
************        la1-in  ************
 imp=  1
 real part
   0.0856   0.0000
   0.0000   0.0856
 calc_band_all takes    0 h  0 m  0.01 s(cpu).
                        0 h  0 m  0.01 s(wall).
 gutz fermi level=      0.00000000
************     nks-unsym  ************
 imp=  1
 real part
   0.5122   0.0000
   0.0000   0.5122
   sub_tot=  1.024350
 imp=  1 eigen values of nks-unsym:
    0.5122    0.5122
************       nks-sym  ************
 imp=  1
 real part
   0.5122   0.0000
   0.0000   0.5122
   sub_tot=  1.024350
 max error due to symm in nks =     0.000000
 imp=  1 eigen values of   nks-sym:
    0.5122    0.5122
 nele_loc total:
       0.51218   0.51218
************    isimix-var  ************
 imp=  1
 real part
   2.0006   0.0000
   0.0000   2.0006
************      d0-unsym  ************
 imp=  1
 real part
  -0.1325   0.0000
   0.0000  -0.1325
************        d0-sym  ************
 imp=  1
 real part
  -0.1325   0.0000
   0.0000  -0.1325
 max error due to symm in d0 =     0.000000
************         d-sym  ************
 imp=  1
 real part
  -0.2650   0.0000
   0.0000  -0.2650
************           la2  ************
 imp=  1
 real part
  -0.0950   0.0000
   0.0000  -0.0950
 e_mol = -1.1348399 e_tot = -1.3247904
************     ncv-unsym  ************
 imp=  1
 real part
   0.5122   0.0000
   0.0000   0.5122
   sub_tot=  1.024418
************       ncv-sym  ************
 imp=  1
 real part
   0.5122   0.0000
   0.0000   0.5122
   sub_tot=  1.024418
 max error due to symm in ncv =     0.000000
************     ncp-unsym  ************
 imp=  1
 real part
   0.5122   0.0000
   0.0000   0.5122
   sub_tot=  1.024418
************       ncp-sym  ************
 imp=  1
 real part
   0.5122   0.0000
   0.0000   0.5122
   sub_tot=  1.024418
 max error due to symm in ncp =     0.000000
 imp=  1 sum_phy-sum_var=      0.00000000
        sum_phy-sum_ks =      0.00006783 would be renormalized!
************    ncp-renorm  ************
 imp=  1
 real part
   0.5122   0.0000
   0.0000   0.5122
   sub_tot=  1.024350
************    isimix-var  ************
 imp=  1
 real part
   2.0006   0.0000
   0.0000   2.0006
************        r0-out  ************
 imp=  1
 real part
   0.3646   0.0000
   0.0000   0.3646
************         r-out  ************
 imp=  1
 real part
   0.7295   0.0000
   0.0000   0.7295
************     r-out-sym  ************
 imp=  1
 real part
   0.7295   0.0000
   0.0000   0.7295
 max error due to symm in r-out =     0.000000
************     z-out-sym  ************
 imp=  1
 real part
   0.5321   0.0000
   0.0000   0.5321
 imp=  1 eigen values of         z:
    0.5321    0.5321
 e_total_model = -1.1844777
 total number of electrons in simulation: 1.60804
 maximal local symmetrization error =    0.00000
 CyGFinal takes    0 h  0 m  0.04 s(cpu).
                   0 h  0 m  0.24 s(wall).
 total number of impurities =    1
 impurity imap indices:
       1
 impurity num_spin_orbitals:
       2
 transformation db_to_sab read in.
 imp =  1 v2e(1,1,1,1) = 2.00
 mott localized orbital info:
 i=  1 nsorb= 0 nelect= 0
 ispin_in= 1 iso= 1 ispin= 1 ispo= 1
************     h1e-unsym  ************
 imp=  1
 real part
  -1.0000   0.0000
   0.0000  -1.0000
   orbital splitting:
   0.00000   0.00000
 imp=  1 eigen values of h1e-unsym:
   -1.0000   -1.0000
************       h1e-sym  ************
 imp=  1
 real part
  -1.0000   0.0000
   0.0000  -1.0000
   orbital splitting:
   0.00000   0.00000
 imp=  1 eigen values of   h1e-sym:
   -1.0000   -1.0000
 max error due to symm in h1e =     0.000000
 min/max(this%ne(1,:,:))=       2       2
 min/max(this%ne(2,:,:))=       1       1
 min/max(this%ne(3,:,:))=       2       2
 this%nmax=   2
 valence electrons: total=     0.0
         correlated block=     0.0
 no double counting.
************          r-in  ************
 imp=  1
 real part
   0.7295   0.0000
   0.0000   0.7295
************        la1-in  ************
 imp=  1
 real part
   0.0855   0.0000
   0.0000   0.0855
 calc_band_all takes    0 h  0 m  0.01 s(cpu).
                        0 h  0 m  0.01 s(wall).
 gutz fermi level=      0.00000000
************     nks-unsym  ************
 imp=  1
 real part
   0.5122   0.0000
   0.0000   0.5122
   sub_tot=  1.024423
 imp=  1 eigen values of nks-unsym:
    0.5122    0.5122
************       nks-sym  ************
 imp=  1
 real part
   0.5122   0.0000
   0.0000   0.5122
   sub_tot=  1.024423
 max error due to symm in nks =     0.000000
 imp=  1 eigen values of   nks-sym:
    0.5122    0.5122
 nele_loc total:
       0.51221   0.51221
************    isimix-var  ************
 imp=  1
 real part
   2.0006   0.0000
   0.0000   2.0006
************      d0-unsym  ************
 imp=  1
 real part
  -0.1325   0.0000
   0.0000  -0.1325
************        d0-sym  ************
 imp=  1
 real part
  -0.1325   0.0000
   0.0000  -0.1325
 max error due to symm in d0 =     0.000000
************         d-sym  ************
 imp=  1
 real part
  -0.2650   0.0000
   0.0000  -0.2650
************           la2  ************
 imp=  1
 real part
  -0.0950   0.0000
   0.0000  -0.0950
 CyGBand takes    0 h  0 m  0.04 s(cpu).
                  0 h  0 m  0.24 s(wall).
 total number of impurities =    1
 impurity imap indices:
       1
 impurity num_spin_orbitals:
       2
 transformation db_to_sab read in.
 imp =  1 v2e(1,1,1,1) = 2.00
 mott localized orbital info:
 i=  1 nsorb= 0 nelect= 0
 e_mol = -1.1348294 e_tot = -1.3248220
************     nks-unsym  ************
 imp=  1
 real part
   0.5122   0.0000
   0.0000   0.5122
   sub_tot=  1.024423
 imp=  1 eigen values of nks-unsym:
    0.5122    0.5122
************       nks-sym  ************
 imp=  1
 real part
   0.5122   0.0000
   0.0000   0.5122
   sub_tot=  1.024423
 max error due to symm in nks =     0.000000
 imp=  1 eigen values of   nks-sym:
    0.5122    0.5122
 nele_loc total:
       0.51221   0.51221
************     ncv-unsym  ************
 imp=  1
 real part
   0.5122   0.0000
   0.0000   0.5122
   sub_tot=  1.024424
************       ncv-sym  ************
 imp=  1
 real part
   0.5122   0.0000
   0.0000   0.5122
   sub_tot=  1.024424
 max error due to symm in ncv =     0.000000
************    isimix-var  ************
 imp=  1
 real part
   2.0006   0.0000
   0.0000   2.0006
************        r0-out  ************
 imp=  1
 real part
   0.3646   0.0000
   0.0000   0.3646
************         r-out  ************
 imp=  1
 real part
   0.7295   0.0000
   0.0000   0.7295
************     r-out-sym  ************
 imp=  1
 real part
   0.7295   0.0000
   0.0000   0.7295
 max error due to symm in r-out =     0.000000
************     z-out-sym  ************
 imp=  1
 real part
   0.5321   0.0000
   0.0000   0.5321
 imp=  1 eigen values of         z:
    0.5321    0.5321
 maxerr =     0.000001
 CyGErr takes    0 h  0 m  0.03 s(cpu).
                 0 h  0 m  0.22 s(wall).
 total number of impurities =    1
 impurity imap indices:
       1
 impurity num_spin_orbitals:
       2
 transformation db_to_sab read in.
 imp =  1 v2e(1,1,1,1) = 2.00
 mott localized orbital info:
 i=  1 nsorb= 0 nelect= 0
 ispin_in= 1 iso= 1 ispin= 1 ispo= 1
************     h1e-unsym  ************
 imp=  1
 real part
  -1.0000   0.0000
   0.0000  -1.0000
   orbital splitting:
   0.00000   0.00000
 imp=  1 eigen values of h1e-unsym:
   -1.0000   -1.0000
************       h1e-sym  ************
 imp=  1
 real part
  -1.0000   0.0000
   0.0000  -1.0000
   orbital splitting:
   0.00000   0.00000
 imp=  1 eigen values of   h1e-sym:
   -1.0000   -1.0000
 max error due to symm in h1e =     0.000000
 min/max(this%ne(1,:,:))=       2       2
 min/max(this%ne(2,:,:))=       1       1
 min/max(this%ne(3,:,:))=       2       2
 this%nmax=   2
 valence electrons: total=     0.0
         correlated block=     0.0
 no double counting.
************          r-in  ************
 imp=  1
 real part
   0.7295   0.0000
   0.0000   0.7295
************        la1-in  ************
 imp=  1
 real part
   0.0855   0.0000
   0.0000   0.0855
 calc_band_all takes    0 h  0 m  0.01 s(cpu).
                        0 h  0 m  0.01 s(wall).
 gutz fermi level=      0.00000000
************     nks-unsym  ************
 imp=  1
 real part
   0.5122   0.0000
   0.0000   0.5122
   sub_tot=  1.024423
 imp=  1 eigen values of nks-unsym:
    0.5122    0.5122
************       nks-sym  ************
 imp=  1
 real part
   0.5122   0.0000
   0.0000   0.5122
   sub_tot=  1.024423
 max error due to symm in nks =     0.000000
 imp=  1 eigen values of   nks-sym:
    0.5122    0.5122
 nele_loc total:
       0.51221   0.51221
************    isimix-var  ************
 imp=  1
 real part
   2.0006   0.0000
   0.0000   2.0006
************      d0-unsym  ************
 imp=  1
 real part
  -0.1325   0.0000
   0.0000  -0.1325
************        d0-sym  ************
 imp=  1
 real part
  -0.1325   0.0000
   0.0000  -0.1325
 max error due to symm in d0 =     0.000000
************         d-sym  ************
 imp=  1
 real part
  -0.2650   0.0000
   0.0000  -0.2650
************           la2  ************
 imp=  1
 real part
  -0.0950   0.0000
   0.0000  -0.0950
 e_mol = -1.1348294 e_tot = -1.3248220
************     ncv-unsym  ************
 imp=  1
 real part
   0.5122   0.0000
   0.0000   0.5122
   sub_tot=  1.024424
************       ncv-sym  ************
 imp=  1
 real part
   0.5122   0.0000
   0.0000   0.5122
   sub_tot=  1.024424
 max error due to symm in ncv =     0.000000
************     ncp-unsym  ************
 imp=  1
 real part
   0.5122   0.0000
   0.0000   0.5122
   sub_tot=  1.024424
************       ncp-sym  ************
 imp=  1
 real part
   0.5122   0.0000
   0.0000   0.5122
   sub_tot=  1.024424
 max error due to symm in ncp =     0.000000
 imp=  1 sum_phy-sum_var=      0.00000000
        sum_phy-sum_ks =      0.00000093 would be renormalized!
************    ncp-renorm  ************
 imp=  1
 real part
   0.5122   0.0000
   0.0000   0.5122
   sub_tot=  1.024423
************    isimix-var  ************
 imp=  1
 real part
   2.0006   0.0000
   0.0000   2.0006
************        r0-out  ************
 imp=  1
 real part
   0.3646   0.0000
   0.0000   0.3646
************         r-out  ************
 imp=  1
 real part
   0.7295   0.0000
   0.0000   0.7295
************     r-out-sym  ************
 imp=  1
 real part
   0.7295   0.0000
   0.0000   0.7295
 max error due to symm in r-out =     0.000000
************     z-out-sym  ************
 imp=  1
 real part
   0.5321   0.0000
   0.0000   0.5321
 imp=  1 eigen values of         z:
    0.5321    0.5321
 e_total_model = -1.1845411
 total number of electrons in simulation: 1.60811
 maximal local symmetrization error =    0.00000
 CyGFinal takes    0 h  0 m  0.04 s(cpu).
                   0 h  0 m  0.24 s(wall).
 total number of impurities =    1
 impurity imap indices:
       1
 impurity num_spin_orbitals:
       2
 transformation db_to_sab read in.
 imp =  1 v2e(1,1,1,1) = 2.00
 mott localized orbital info:
 i=  1 nsorb= 0 nelect= 0
 ispin_in= 1 iso= 1 ispin= 1 ispo= 1
************     h1e-unsym  ************
 imp=  1
 real part
  -1.0000   0.0000
   0.0000  -1.0000
   orbital splitting:
   0.00000   0.00000
 imp=  1 eigen values of h1e-unsym:
   -1.0000   -1.0000
************       h1e-sym  ************
 imp=  1
 real part
  -1.0000   0.0000
   0.0000  -1.0000
   orbital splitting:
   0.00000   0.00000
 imp=  1 eigen values of   h1e-sym:
   -1.0000   -1.0000
 max error due to symm in h1e =     0.000000
 min/max(this%ne(1,:,:))=       2       2
 min/max(this%ne(2,:,:))=       1       1
 min/max(this%ne(3,:,:))=       2       2
 this%nmax=   2
 valence electrons: total=     0.0
         correlated block=     0.0
 no double counting.
************          r-in  ************
 imp=  1
 real part
   0.7295   0.0000
   0.0000   0.7295
************        la1-in  ************
 imp=  1
 real part
   0.0855   0.0000
   0.0000   0.0855
 calc_band_all takes    0 h  0 m  0.01 s(cpu).
                        0 h  0 m  0.01 s(wall).
 gutz fermi level=      0.00000000
************     nks-unsym  ************
 imp=  1
 real part
   0.5122   0.0000
   0.0000   0.5122
   sub_tot=  1.024423
 imp=  1 eigen values of nks-unsym:
    0.5122    0.5122
************       nks-sym  ************
 imp=  1
 real part
   0.5122   0.0000
   0.0000   0.5122
   sub_tot=  1.024423
 max error due to symm in nks =     0.000000
 imp=  1 eigen values of   nks-sym:
    0.5122    0.5122
 nele_loc total:
       0.51221   0.51221
************    isimix-var  ************
 imp=  1
 real part
   2.0006   0.0000
   0.0000   2.0006
************      d0-unsym  ************
 imp=  1
 real part
  -0.1325   0.0000
   0.0000  -0.1325
************        d0-sym  ************
 imp=  1
 real part
  -0.1325   0.0000
   0.0000  -0.1325
 max error due to symm in d0 =     0.000000
************         d-sym  ************
 imp=  1
 real part
  -0.2650   0.0000
   0.0000  -0.2650
************           la2  ************
 imp=  1
 real part
  -0.0950   0.0000
   0.0000  -0.0950
 e_mol = -1.1348294 e_tot = -1.3248220
************     ncv-unsym  ************
 imp=  1
 real part
   0.5122   0.0000
   0.0000   0.5122
   sub_tot=  1.024424
************       ncv-sym  ************
 imp=  1
 real part
   0.5122   0.0000
   0.0000   0.5122
   sub_tot=  1.024424
 max error due to symm in ncv =     0.000000
************     ncp-unsym  ************
 imp=  1
 real part
   0.5122   0.0000
   0.0000   0.5122
   sub_tot=  1.024424
************       ncp-sym  ************
 imp=  1
 real part
   0.5122   0.0000
   0.0000   0.5122
   sub_tot=  1.024424
 max error due to symm in ncp =     0.000000
 imp=  1 sum_phy-sum_var=      0.00000000
        sum_phy-sum_ks =      0.00000093 would be renormalized!
************    ncp-renorm  ************
 imp=  1
 real part
   0.5122   0.0000
   0.0000   0.5122
   sub_tot=  1.024423
************    isimix-var  ************
 imp=  1
 real part
   2.0006   0.0000
   0.0000   2.0006
************        r0-out  ************
 imp=  1
 real part
   0.3646   0.0000
   0.0000   0.3646
************         r-out  ************
 imp=  1
 real part
   0.7295   0.0000
   0.0000   0.7295
************     r-out-sym  ************
 imp=  1
 real part
   0.7295   0.0000
   0.0000   0.7295
 max error due to symm in r-out =     0.000000
************     z-out-sym  ************
 imp=  1
 real part
   0.5321   0.0000
   0.0000   0.5321
 imp=  1 eigen values of         z:
    0.5321    0.5321
 e_total_model = -1.1845411
 total number of electrons in simulation: 1.60811
 maximal local symmetrization error =    0.00000
 CyGFinal takes    0 h  0 m  0.05 s(cpu).
                   0 h  0 m  0.24 s(wall).
