 total number of impurities =    1
 impurity imap indices:
       1
 impurity num_spin_orbitals:
       2
 transformation db_to_sab read in.
 imp =  1 v2e(1,1,1,1) = 2.00
 mott localized orbital info:
 i=  1 nsorb= 0 nelect= 0
 ispin_in= 1 iso= 1 ispin= 1 ispo= 1
************     h1e-unsym  ************
 imp=  1
 real part
  -1.0000   0.0000
   0.0000  -1.0000
   orbital splitting:
   0.00000   0.00000
 imp=  1 eigen values of h1e-unsym:
   -1.0000   -1.0000
************       h1e-sym  ************
 imp=  1
 real part
  -1.0000   0.0000
   0.0000  -1.0000
   orbital splitting:
   0.00000   0.00000
 imp=  1 eigen values of   h1e-sym:
   -1.0000   -1.0000
 max error due to symm in h1e =     0.000000
 min/max(this%ne(1,:,:))=       2       2
 min/max(this%ne(2,:,:))=       1       1
 min/max(this%ne(3,:,:))=       2       2
 this%nmax=   2
 valence electrons: total=     0.0
         correlated block=     0.0
 correlated block: emin/emix=   -1.3521    1.1713
 calc_band_all takes    0 h  0 m  0.01 s(cpu).
                        0 h  0 m  0.01 s(wall).
 gutz fermi level=      0.00000000
************     nks-unsym  ************
 imp=  1
 real part
   0.9508   0.0000
   0.0000   0.9508
   sub_tot=  1.901697
 imp=  1 eigen values of nks-unsym:
    0.9508    0.9508
************       nks-sym  ************
 imp=  1
 real part
   0.9508   0.0000
   0.0000   0.9508
   sub_tot=  1.901697
 max error due to symm in nks =     0.000000
 imp=  1 eigen values of   nks-sym:
    0.9508    0.9508
 nele_loc total:
       0.95085   0.95085
 no double counting.
************         r-inp  ************
 imp=  1
 real part
   0.7971   0.0000
   0.0000   0.7971
************     r-inp-sym  ************
 imp=  1
 real part
   0.7971   0.0000
   0.0000   0.7971
 max error due to symm in r-inp =     0.000000
************       la1-inp  ************
 imp=  1
 real part
   0.0000   0.0000
   0.0000   0.0000
************   la1-inp-sym  ************
 imp=  1
 real part
   0.0000   0.0000
   0.0000   0.0000
 max error due to symm in la1-inp =     0.000000
 maximal local symmetrization error =    0.00000
 CyGInit takes    0 h  0 m  0.04 s(cpu).
                  0 h  0 m  0.24 s(wall).
 total number of impurities =    1
 impurity imap indices:
       1
 impurity num_spin_orbitals:
       2
 transformation db_to_sab read in.
 imp =  1 v2e(1,1,1,1) = 2.00
 mott localized orbital info:
 i=  1 nsorb= 0 nelect= 0
 ispin_in= 1 iso= 1 ispin= 1 ispo= 1
************     h1e-unsym  ************
 imp=  1
 real part
  -1.0000   0.0000
   0.0000  -1.0000
   orbital splitting:
   0.00000   0.00000
 imp=  1 eigen values of h1e-unsym:
   -1.0000   -1.0000
************       h1e-sym  ************
 imp=  1
 real part
  -1.0000   0.0000
   0.0000  -1.0000
   orbital splitting:
   0.00000   0.00000
 imp=  1 eigen values of   h1e-sym:
   -1.0000   -1.0000
 max error due to symm in h1e =     0.000000
 min/max(this%ne(1,:,:))=       2       2
 min/max(this%ne(2,:,:))=       1       1
 min/max(this%ne(3,:,:))=       2       2
 this%nmax=   2
 valence electrons: total=     0.0
         correlated block=     0.0
 no double counting.
************          r-in  ************
 imp=  1
 real part
   0.7971   0.0000
   0.0000   0.7971
************        la1-in  ************
 imp=  1
 real part
   0.0000   0.0000
   0.0000   0.0000
 calc_band_all takes    0 h  0 m  0.01 s(cpu).
                        0 h  0 m  0.01 s(wall).
 gutz fermi level=      0.00000000
************     nks-unsym  ************
 imp=  1
 real part
   0.5475   0.0000
   0.0000   0.5475
   sub_tot=  1.095001
 imp=  1 eigen values of nks-unsym:
    0.5475    0.5475
************       nks-sym  ************
 imp=  1
 real part
   0.5475   0.0000
   0.0000   0.5475
   sub_tot=  1.095001
 max error due to symm in nks =     0.000000
 imp=  1 eigen values of   nks-sym:
    0.5475    0.5475
 nele_loc total:
       0.54750   0.54750
************    isimix-var  ************
 imp=  1
 real part
   2.0091   0.0000
   0.0000   2.0091
************      d0-unsym  ************
 imp=  1
 real part
  -0.1644   0.0000
   0.0000  -0.1644
************        d0-sym  ************
 imp=  1
 real part
  -0.1644   0.0000
   0.0000  -0.1644
 max error due to symm in d0 =     0.000000
************         d-sym  ************
 imp=  1
 real part
  -0.3303   0.0000
   0.0000  -0.3303
************           la2  ************
 imp=  1
 real part
  -0.0502   0.0000
   0.0000  -0.0502
 CyGBand takes    0 h  0 m  0.04 s(cpu).
                  0 h  0 m  0.24 s(wall).
 total number of impurities =    1
 impurity imap indices:
       1
 impurity num_spin_orbitals:
       2
 transformation db_to_sab read in.
 imp =  1 v2e(1,1,1,1) = 2.00
 mott localized orbital info:
 i=  1 nsorb= 0 nelect= 0
 e_mol = -1.2784472 e_tot = -1.3789385
************     nks-unsym  ************
 imp=  1
 real part
   0.5475   0.0000
   0.0000   0.5475
   sub_tot=  1.095001
 imp=  1 eigen values of nks-unsym:
    0.5475    0.5475
************       nks-sym  ************
 imp=  1
 real part
   0.5475   0.0000
   0.0000   0.5475
   sub_tot=  1.095001
 max error due to symm in nks =     0.000000
 imp=  1 eigen values of   nks-sym:
    0.5475    0.5475
 nele_loc total:
       0.54750   0.54750
************     ncv-unsym  ************
 imp=  1
 real part
   0.5121  -0.0000
  -0.0000   0.5121
   sub_tot=  1.024146
************       ncv-sym  ************
 imp=  1
 real part
   0.5121   0.0000
   0.0000   0.5121
   sub_tot=  1.024146
 max error due to symm in ncv =     0.000000
************    isimix-var  ************
 imp=  1
 real part
   2.0091   0.0000
   0.0000   2.0091
************        r0-out  ************
 imp=  1
 real part
   0.3989   0.0000
   0.0000   0.3989
************         r-out  ************
 imp=  1
 real part
   0.8014   0.0000
   0.0000   0.8014
************     r-out-sym  ************
 imp=  1
 real part
   0.8014   0.0000
   0.0000   0.8014
 max error due to symm in r-out =     0.000000
************     z-out-sym  ************
 imp=  1
 real part
   0.6422   0.0000
   0.0000   0.6422
 imp=  1 eigen values of         z:
    0.6422    0.6422
 maxerr =     0.050102
 CyGErr takes    0 h  0 m  0.03 s(cpu).
                 0 h  0 m  0.22 s(wall).
 total number of impurities =    1
 impurity imap indices:
       1
 impurity num_spin_orbitals:
       2
 transformation db_to_sab read in.
 imp =  1 v2e(1,1,1,1) = 2.00
 mott localized orbital info:
 i=  1 nsorb= 0 nelect= 0
 ispin_in= 1 iso= 1 ispin= 1 ispo= 1
************     h1e-unsym  ************
 imp=  1
 real part
  -1.0000   0.0000
   0.0000  -1.0000
   orbital splitting:
   0.00000   0.00000
 imp=  1 eigen values of h1e-unsym:
   -1.0000   -1.0000
************       h1e-sym  ************
 imp=  1
 real part
  -1.0000   0.0000
   0.0000  -1.0000
   orbital splitting:
   0.00000   0.00000
 imp=  1 eigen values of   h1e-sym:
   -1.0000   -1.0000
 max error due to symm in h1e =     0.000000
 min/max(this%ne(1,:,:))=       2       2
 min/max(this%ne(2,:,:))=       1       1
 min/max(this%ne(3,:,:))=       2       2
 this%nmax=   2
 valence electrons: total=     0.0
         correlated block=     0.0
 no double counting.
************          r-in  ************
 imp=  1
 real part
   0.7971   0.0000
   0.0000   0.7971
************        la1-in  ************
 imp=  1
 real part
   0.0000   0.0000
   0.0000   0.0000
 calc_band_all takes    0 h  0 m  0.01 s(cpu).
                        0 h  0 m  0.01 s(wall).
 gutz fermi level=      0.00000000
************     nks-unsym  ************
 imp=  1
 real part
   0.5475   0.0000
   0.0000   0.5475
   sub_tot=  1.095001
 imp=  1 eigen values of nks-unsym:
    0.5475    0.5475
************       nks-sym  ************
 imp=  1
 real part
   0.5475   0.0000
   0.0000   0.5475
   sub_tot=  1.095001
 max error due to symm in nks =     0.000000
 imp=  1 eigen values of   nks-sym:
    0.5475    0.5475
 nele_loc total:
       0.54750   0.54750
************    isimix-var  ************
 imp=  1
 real part
   2.0091   0.0000
   0.0000   2.0091
************      d0-unsym  ************
 imp=  1
 real part
  -0.1644   0.0000
   0.0000  -0.1644
************        d0-sym  ************
 imp=  1
 real part
  -0.1644   0.0000
   0.0000  -0.1644
 max error due to symm in d0 =     0.000000
************         d-sym  ************
 imp=  1
 real part
  -0.3303   0.0000
   0.0000  -0.3303
************           la2  ************
 imp=  1
 real part
  -0.0502   0.0000
   0.0000  -0.0502
 e_mol = -1.2784472 e_tot = -1.3789385
************     ncv-unsym  ************
 imp=  1
 real part
   0.5121  -0.0000
  -0.0000   0.5121
   sub_tot=  1.024146
************       ncv-sym  ************
 imp=  1
 real part
   0.5121   0.0000
   0.0000   0.5121
   sub_tot=  1.024146
 max error due to symm in ncv =     0.000000
************     ncp-unsym  ************
 imp=  1
 real part
   0.5121   0.0000
   0.0000   0.5121
   sub_tot=  1.024146
************       ncp-sym  ************
 imp=  1
 real part
   0.5121   0.0000
   0.0000   0.5121
   sub_tot=  1.024146
 max error due to symm in ncp =     0.000000
 imp=  1 sum_phy-sum_var=     -0.00000000
        sum_phy-sum_ks =     -0.07085553 would be renormalized!
************    ncp-renorm  ************
 imp=  1
 real part
   0.5475   0.0000
   0.0000   0.5475
   sub_tot=  1.095001
************    isimix-var  ************
 imp=  1
 real part
   2.0091   0.0000
   0.0000   2.0091
************        r0-out  ************
 imp=  1
 real part
   0.3989   0.0000
   0.0000   0.3989
************         r-out  ************
 imp=  1
 real part
   0.8014   0.0000
   0.0000   0.8014
************     r-out-sym  ************
 imp=  1
 real part
   0.8014   0.0000
   0.0000   0.8014
 max error due to symm in r-out =     0.000000
************     z-out-sym  ************
 imp=  1
 real part
   0.6422   0.0000
   0.0000   0.6422
 imp=  1 eigen values of         z:
    0.6422    0.6422
 e_total_model = -1.5731440
 total number of electrons in simulation: 2.00000
 maximal local symmetrization error =    0.00000
 CyGFinal takes    0 h  0 m  0.04 s(cpu).
                   0 h  0 m  0.24 s(wall).
 total number of impurities =    1
 impurity imap indices:
       1
 impurity num_spin_orbitals:
       2
 transformation db_to_sab read in.
 imp =  1 v2e(1,1,1,1) = 2.00
 mott localized orbital info:
 i=  1 nsorb= 0 nelect= 0
 ispin_in= 1 iso= 1 ispin= 1 ispo= 1
************     h1e-unsym  ************
 imp=  1
 real part
  -1.0000   0.0000
   0.0000  -1.0000
   orbital splitting:
   0.00000   0.00000
 imp=  1 eigen values of h1e-unsym:
   -1.0000   -1.0000
************       h1e-sym  ************
 imp=  1
 real part
  -1.0000   0.0000
   0.0000  -1.0000
   orbital splitting:
   0.00000   0.00000
 imp=  1 eigen values of   h1e-sym:
   -1.0000   -1.0000
 max error due to symm in h1e =     0.000000
 min/max(this%ne(1,:,:))=       2       2
 min/max(this%ne(2,:,:))=       1       1
 min/max(this%ne(3,:,:))=       2       2
 this%nmax=   2
 valence electrons: total=     0.0
         correlated block=     0.0
 no double counting.
************          r-in  ************
 imp=  1
 real part
   0.7971   0.0000
   0.0000   0.7971
************        la1-in  ************
 imp=  1
 real part
   0.0000   0.0000
   0.0000   0.0000
 calc_band_all takes    0 h  0 m  0.01 s(cpu).
                        0 h  0 m  0.01 s(wall).
 gutz fermi level=      0.00000000
************     nks-unsym  ************
 imp=  1
 real part
   0.5475   0.0000
   0.0000   0.5475
   sub_tot=  1.095001
 imp=  1 eigen values of nks-unsym:
    0.5475    0.5475
************       nks-sym  ************
 imp=  1
 real part
   0.5475   0.0000
   0.0000   0.5475
   sub_tot=  1.095001
 max error due to symm in nks =     0.000000
 imp=  1 eigen values of   nks-sym:
    0.5475    0.5475
 nele_loc total:
       0.54750   0.54750
************    isimix-var  ************
 imp=  1
 real part
   2.0091   0.0000
   0.0000   2.0091
************      d0-unsym  ************
 imp=  1
 real part
  -0.1644   0.0000
   0.0000  -0.1644
************        d0-sym  ************
 imp=  1
 real part
  -0.1644   0.0000
   0.0000  -0.1644
 max error due to symm in d0 =     0.000000
************         d-sym  ************
 imp=  1
 real part
  -0.3303   0.0000
   0.0000  -0.3303
************           la2  ************
 imp=  1
 real part
  -0.0502   0.0000
   0.0000  -0.0502
 CyGBand takes    0 h  0 m  0.04 s(cpu).
                  0 h  0 m  0.23 s(wall).
 total number of impurities =    1
 impurity imap indices:
       1
 impurity num_spin_orbitals:
       2
 transformation db_to_sab read in.
 imp =  1 v2e(1,1,1,1) = 2.00
 mott localized orbital info:
 i=  1 nsorb= 0 nelect= 0
 e_mol = -1.2784472 e_tot = -1.3789385
************     nks-unsym  ************
 imp=  1
 real part
   0.5475   0.0000
   0.0000   0.5475
   sub_tot=  1.095001
 imp=  1 eigen values of nks-unsym:
    0.5475    0.5475
************       nks-sym  ************
 imp=  1
 real part
   0.5475   0.0000
   0.0000   0.5475
   sub_tot=  1.095001
 max error due to symm in nks =     0.000000
 imp=  1 eigen values of   nks-sym:
    0.5475    0.5475
 nele_loc total:
       0.54750   0.54750
************     ncv-unsym  ************
 imp=  1
 real part
   0.5121  -0.0000
  -0.0000   0.5121
   sub_tot=  1.024146
************       ncv-sym  ************
 imp=  1
 real part
   0.5121   0.0000
   0.0000   0.5121
   sub_tot=  1.024146
 max error due to symm in ncv =     0.000000
************    isimix-var  ************
 imp=  1
 real part
   2.0091   0.0000
   0.0000   2.0091
************        r0-out  ************
 imp=  1
 real part
   0.3989   0.0000
   0.0000   0.3989
************         r-out  ************
 imp=  1
 real part
   0.8014   0.0000
   0.0000   0.8014
************     r-out-sym  ************
 imp=  1
 real part
   0.8014   0.0000
   0.0000   0.8014
 max error due to symm in r-out =     0.000000
************     z-out-sym  ************
 imp=  1
 real part
   0.6422   0.0000
   0.0000   0.6422
 imp=  1 eigen values of         z:
    0.6422    0.6422
 maxerr =     0.050102
 CyGErr takes    0 h  0 m  0.03 s(cpu).
                 0 h  0 m  0.22 s(wall).
 total number of impurities =    1
 impurity imap indices:
       1
 impurity num_spin_orbitals:
       2
 transformation db_to_sab read in.
 imp =  1 v2e(1,1,1,1) = 2.00
 mott localized orbital info:
 i=  1 nsorb= 0 nelect= 0
 ispin_in= 1 iso= 1 ispin= 1 ispo= 1
************     h1e-unsym  ************
 imp=  1
 real part
  -1.0000   0.0000
   0.0000  -1.0000
   orbital splitting:
   0.00000   0.00000
 imp=  1 eigen values of h1e-unsym:
   -1.0000   -1.0000
************       h1e-sym  ************
 imp=  1
 real part
  -1.0000   0.0000
   0.0000  -1.0000
   orbital splitting:
   0.00000   0.00000
 imp=  1 eigen values of   h1e-sym:
   -1.0000   -1.0000
 max error due to symm in h1e =     0.000000
 min/max(this%ne(1,:,:))=       2       2
 min/max(this%ne(2,:,:))=       1       1
 min/max(this%ne(3,:,:))=       2       2
 this%nmax=   2
 valence electrons: total=     0.0
         correlated block=     0.0
 no double counting.
************          r-in  ************
 imp=  1
 real part
   0.7971   0.0000
   0.0000   0.7971
************        la1-in  ************
 imp=  1
 real part
   0.0000   0.0000
   0.0000   0.0000
 calc_band_all takes    0 h  0 m  0.01 s(cpu).
                        0 h  0 m  0.01 s(wall).
 gutz fermi level=      0.00000000
************     nks-unsym  ************
 imp=  1
 real part
   0.5475   0.0000
   0.0000   0.5475
   sub_tot=  1.095001
 imp=  1 eigen values of nks-unsym:
    0.5475    0.5475
************       nks-sym  ************
 imp=  1
 real part
   0.5475   0.0000
   0.0000   0.5475
   sub_tot=  1.095001
 max error due to symm in nks =     0.000000
 imp=  1 eigen values of   nks-sym:
    0.5475    0.5475
 nele_loc total:
       0.54750   0.54750
************    isimix-var  ************
 imp=  1
 real part
   2.0091   0.0000
   0.0000   2.0091
************      d0-unsym  ************
 imp=  1
 real part
  -0.1644   0.0000
   0.0000  -0.1644
************        d0-sym  ************
 imp=  1
 real part
  -0.1644   0.0000
   0.0000  -0.1644
 max error due to symm in d0 =     0.000000
************         d-sym  ************
 imp=  1
 real part
  -0.3303   0.0000
   0.0000  -0.3303
************           la2  ************
 imp=  1
 real part
  -0.0502   0.0000
   0.0000  -0.0502
 e_mol = -1.2784472 e_tot = -1.3789385
************     ncv-unsym  ************
 imp=  1
 real part
   0.5121  -0.0000
  -0.0000   0.5121
   sub_tot=  1.024146
************       ncv-sym  ************
 imp=  1
 real part
   0.5121   0.0000
   0.0000   0.5121
   sub_tot=  1.024146
 max error due to symm in ncv =     0.000000
************     ncp-unsym  ************
 imp=  1
 real part
   0.5121   0.0000
   0.0000   0.5121
   sub_tot=  1.024146
************       ncp-sym  ************
 imp=  1
 real part
   0.5121   0.0000
   0.0000   0.5121
   sub_tot=  1.024146
 max error due to symm in ncp =     0.000000
 imp=  1 sum_phy-sum_var=     -0.00000000
        sum_phy-sum_ks =     -0.07085553 would be renormalized!
************    ncp-renorm  ************
 imp=  1
 real part
   0.5475   0.0000
   0.0000   0.5475
   sub_tot=  1.095001
************    isimix-var  ************
 imp=  1
 real part
   2.0091   0.0000
   0.0000   2.0091
************        r0-out  ************
 imp=  1
 real part
   0.3989   0.0000
   0.0000   0.3989
************         r-out  ************
 imp=  1
 real part
   0.8014   0.0000
   0.0000   0.8014
************     r-out-sym  ************
 imp=  1
 real part
   0.8014   0.0000
   0.0000   0.8014
 max error due to symm in r-out =     0.000000
************     z-out-sym  ************
 imp=  1
 real part
   0.6422   0.0000
   0.0000   0.6422
 imp=  1 eigen values of         z:
    0.6422    0.6422
 e_total_model = -1.5731440
 total number of electrons in simulation: 2.00000
 maximal local symmetrization error =    0.00000
 CyGFinal takes    0 h  0 m  0.04 s(cpu).
                   0 h  0 m  0.24 s(wall).
 total number of impurities =    1
 impurity imap indices:
       1
 impurity num_spin_orbitals:
       2
 transformation db_to_sab read in.
 imp =  1 v2e(1,1,1,1) = 2.00
 mott localized orbital info:
 i=  1 nsorb= 0 nelect= 0
 ispin_in= 1 iso= 1 ispin= 1 ispo= 1
************     h1e-unsym  ************
 imp=  1
 real part
  -1.0000   0.0000
   0.0000  -1.0000
   orbital splitting:
   0.00000   0.00000
 imp=  1 eigen values of h1e-unsym:
   -1.0000   -1.0000
************       h1e-sym  ************
 imp=  1
 real part
  -1.0000   0.0000
   0.0000  -1.0000
   orbital splitting:
   0.00000   0.00000
 imp=  1 eigen values of   h1e-sym:
   -1.0000   -1.0000
 max error due to symm in h1e =     0.000000
 min/max(this%ne(1,:,:))=       2       2
 min/max(this%ne(2,:,:))=       1       1
 min/max(this%ne(3,:,:))=       2       2
 this%nmax=   2
 valence electrons: total=     0.0
         correlated block=     0.0
 no double counting.
************          r-in  ************
 imp=  1
 real part
   0.7971   0.0000
   0.0000   0.7971
************        la1-in  ************
 imp=  1
 real part
   0.0000   0.0000
   0.0000   0.0000
 calc_band_all takes    0 h  0 m  0.01 s(cpu).
                        0 h  0 m  0.01 s(wall).
 gutz fermi level=      0.00000000
************     nks-unsym  ************
 imp=  1
 real part
   0.5475   0.0000
   0.0000   0.5475
   sub_tot=  1.095001
 imp=  1 eigen values of nks-unsym:
    0.5475    0.5475
************       nks-sym  ************
 imp=  1
 real part
   0.5475   0.0000
   0.0000   0.5475
   sub_tot=  1.095001
 max error due to symm in nks =     0.000000
 imp=  1 eigen values of   nks-sym:
    0.5475    0.5475
 nele_loc total:
       0.54750   0.54750
************    isimix-var  ************
 imp=  1
 real part
   2.0091   0.0000
   0.0000   2.0091
************      d0-unsym  ************
 imp=  1
 real part
  -0.1644   0.0000
   0.0000  -0.1644
************        d0-sym  ************
 imp=  1
 real part
  -0.1644   0.0000
   0.0000  -0.1644
 max error due to symm in d0 =     0.000000
************         d-sym  ************
 imp=  1
 real part
  -0.3303   0.0000
   0.0000  -0.3303
************           la2  ************
 imp=  1
 real part
  -0.0502   0.0000
   0.0000  -0.0502
 CyGBand takes    0 h  0 m  0.04 s(cpu).
                  0 h  0 m  0.23 s(wall).
 total number of impurities =    1
 impurity imap indices:
       1
 impurity num_spin_orbitals:
       2
 transformation db_to_sab read in.
 imp =  1 v2e(1,1,1,1) = 2.00
 mott localized orbital info:
 i=  1 nsorb= 0 nelect= 0
 e_mol = -1.2784472 e_tot = -1.3789385
************     nks-unsym  ************
 imp=  1
 real part
   0.5475   0.0000
   0.0000   0.5475
   sub_tot=  1.095001
 imp=  1 eigen values of nks-unsym:
    0.5475    0.5475
************       nks-sym  ************
 imp=  1
 real part
   0.5475   0.0000
   0.0000   0.5475
   sub_tot=  1.095001
 max error due to symm in nks =     0.000000
 imp=  1 eigen values of   nks-sym:
    0.5475    0.5475
 nele_loc total:
       0.54750   0.54750
************     ncv-unsym  ************
 imp=  1
 real part
   0.5121  -0.0000
  -0.0000   0.5121
   sub_tot=  1.024146
************       ncv-sym  ************
 imp=  1
 real part
   0.5121   0.0000
   0.0000   0.5121
   sub_tot=  1.024146
 max error due to symm in ncv =     0.000000
************    isimix-var  ************
 imp=  1
 real part
   2.0091   0.0000
   0.0000   2.0091
************        r0-out  ************
 imp=  1
 real part
   0.3989   0.0000
   0.0000   0.3989
************         r-out  ************
 imp=  1
 real part
   0.8014   0.0000
   0.0000   0.8014
************     r-out-sym  ************
 imp=  1
 real part
   0.8014   0.0000
   0.0000   0.8014
 max error due to symm in r-out =     0.000000
************     z-out-sym  ************
 imp=  1
 real part
   0.6422   0.0000
   0.0000   0.6422
 imp=  1 eigen values of         z:
    0.6422    0.6422
 maxerr =     0.050102
 CyGErr takes    0 h  0 m  0.03 s(cpu).
                 0 h  0 m  0.22 s(wall).
 total number of impurities =    1
 impurity imap indices:
       1
 impurity num_spin_orbitals:
       2
 transformation db_to_sab read in.
 imp =  1 v2e(1,1,1,1) = 2.00
 mott localized orbital info:
 i=  1 nsorb= 0 nelect= 0
 ispin_in= 1 iso= 1 ispin= 1 ispo= 1
************     h1e-unsym  ************
 imp=  1
 real part
  -1.0000   0.0000
   0.0000  -1.0000
   orbital splitting:
   0.00000   0.00000
 imp=  1 eigen values of h1e-unsym:
   -1.0000   -1.0000
************       h1e-sym  ************
 imp=  1
 real part
  -1.0000   0.0000
   0.0000  -1.0000
   orbital splitting:
   0.00000   0.00000
 imp=  1 eigen values of   h1e-sym:
   -1.0000   -1.0000
 max error due to symm in h1e =     0.000000
 min/max(this%ne(1,:,:))=       2       2
 min/max(this%ne(2,:,:))=       1       1
 min/max(this%ne(3,:,:))=       2       2
 this%nmax=   2
 valence electrons: total=     0.0
         correlated block=     0.0
 no double counting.
************          r-in  ************
 imp=  1
 real part
   0.7971   0.0000
   0.0000   0.7971
************        la1-in  ************
 imp=  1
 real part
   0.0000   0.0000
   0.0000   0.0000
 calc_band_all takes    0 h  0 m  0.01 s(cpu).
                        0 h  0 m  0.01 s(wall).
 gutz fermi level=      0.00000000
************     nks-unsym  ************
 imp=  1
 real part
   0.5475   0.0000
   0.0000   0.5475
   sub_tot=  1.095001
 imp=  1 eigen values of nks-unsym:
    0.5475    0.5475
************       nks-sym  ************
 imp=  1
 real part
   0.5475   0.0000
   0.0000   0.5475
   sub_tot=  1.095001
 max error due to symm in nks =     0.000000
 imp=  1 eigen values of   nks-sym:
    0.5475    0.5475
 nele_loc total:
       0.54750   0.54750
************    isimix-var  ************
 imp=  1
 real part
   2.0091   0.0000
   0.0000   2.0091
************      d0-unsym  ************
 imp=  1
 real part
  -0.1644   0.0000
   0.0000  -0.1644
************        d0-sym  ************
 imp=  1
 real part
  -0.1644   0.0000
   0.0000  -0.1644
 max error due to symm in d0 =     0.000000
************         d-sym  ************
 imp=  1
 real part
  -0.3303   0.0000
   0.0000  -0.3303
************           la2  ************
 imp=  1
 real part
  -0.0502   0.0000
   0.0000  -0.0502
 e_mol = -1.2784472 e_tot = -1.3789385
************     ncv-unsym  ************
 imp=  1
 real part
   0.5121  -0.0000
  -0.0000   0.5121
   sub_tot=  1.024146
************       ncv-sym  ************
 imp=  1
 real part
   0.5121   0.0000
   0.0000   0.5121
   sub_tot=  1.024146
 max error due to symm in ncv =     0.000000
************     ncp-unsym  ************
 imp=  1
 real part
   0.5121   0.0000
   0.0000   0.5121
   sub_tot=  1.024146
************       ncp-sym  ************
 imp=  1
 real part
   0.5121   0.0000
   0.0000   0.5121
   sub_tot=  1.024146
 max error due to symm in ncp =     0.000000
 imp=  1 sum_phy-sum_var=     -0.00000000
        sum_phy-sum_ks =     -0.07085553 would be renormalized!
************    ncp-renorm  ************
 imp=  1
 real part
   0.5475   0.0000
   0.0000   0.5475
   sub_tot=  1.095001
************    isimix-var  ************
 imp=  1
 real part
   2.0091   0.0000
   0.0000   2.0091
************        r0-out  ************
 imp=  1
 real part
   0.3989   0.0000
   0.0000   0.3989
************         r-out  ************
 imp=  1
 real part
   0.8014   0.0000
   0.0000   0.8014
************     r-out-sym  ************
 imp=  1
 real part
   0.8014   0.0000
   0.0000   0.8014
 max error due to symm in r-out =     0.000000
************     z-out-sym  ************
 imp=  1
 real part
   0.6422   0.0000
   0.0000   0.6422
 imp=  1 eigen values of         z:
    0.6422    0.6422
 e_total_model = -1.5731440
 total number of electrons in simulation: 2.00000
 maximal local symmetrization error =    0.00000
 CyGFinal takes    0 h  0 m  0.04 s(cpu).
                   0 h  0 m  0.23 s(wall).
 total number of impurities =    1
 impurity imap indices:
       1
 impurity num_spin_orbitals:
       2
 transformation db_to_sab read in.
 imp =  1 v2e(1,1,1,1) = 2.00
 mott localized orbital info:
 i=  1 nsorb= 0 nelect= 0
 ispin_in= 1 iso= 1 ispin= 1 ispo= 1
************     h1e-unsym  ************
 imp=  1
 real part
  -1.0000   0.0000
   0.0000  -1.0000
   orbital splitting:
   0.00000   0.00000
 imp=  1 eigen values of h1e-unsym:
   -1.0000   -1.0000
************       h1e-sym  ************
 imp=  1
 real part
  -1.0000   0.0000
   0.0000  -1.0000
   orbital splitting:
   0.00000   0.00000
 imp=  1 eigen values of   h1e-sym:
   -1.0000   -1.0000
 max error due to symm in h1e =     0.000000
 min/max(this%ne(1,:,:))=       2       2
 min/max(this%ne(2,:,:))=       1       1
 min/max(this%ne(3,:,:))=       2       2
 this%nmax=   2
 valence electrons: total=     0.0
         correlated block=     0.0
 no double counting.
************          r-in  ************
 imp=  1
 real part
   0.7971   0.0000
   0.0000   0.7971
************        la1-in  ************
 imp=  1
 real part
   0.0000   0.0000
   0.0000   0.0000
 calc_band_all takes    0 h  0 m  0.01 s(cpu).
                        0 h  0 m  0.01 s(wall).
 gutz fermi level=      0.00000000
************     nks-unsym  ************
 imp=  1
 real part
   0.5475   0.0000
   0.0000   0.5475
   sub_tot=  1.095001
 imp=  1 eigen values of nks-unsym:
    0.5475    0.5475
************       nks-sym  ************
 imp=  1
 real part
   0.5475   0.0000
   0.0000   0.5475
   sub_tot=  1.095001
 max error due to symm in nks =     0.000000
 imp=  1 eigen values of   nks-sym:
    0.5475    0.5475
 nele_loc total:
       0.54750   0.54750
************    isimix-var  ************
 imp=  1
 real part
   2.0091   0.0000
   0.0000   2.0091
************      d0-unsym  ************
 imp=  1
 real part
  -0.1644   0.0000
   0.0000  -0.1644
************        d0-sym  ************
 imp=  1
 real part
  -0.1644   0.0000
   0.0000  -0.1644
 max error due to symm in d0 =     0.000000
************         d-sym  ************
 imp=  1
 real part
  -0.3303   0.0000
   0.0000  -0.3303
************           la2  ************
 imp=  1
 real part
  -0.0502   0.0000
   0.0000  -0.0502
 CyGBand takes    0 h  0 m  0.04 s(cpu).
                  0 h  0 m  0.24 s(wall).
 total number of impurities =    1
 impurity imap indices:
       1
 impurity num_spin_orbitals:
       2
 transformation db_to_sab read in.
 imp =  1 v2e(1,1,1,1) = 2.00
 mott localized orbital info:
 i=  1 nsorb= 0 nelect= 0
 e_mol = -1.2784472 e_tot = -1.3789385
************     nks-unsym  ************
 imp=  1
 real part
   0.5475   0.0000
   0.0000   0.5475
   sub_tot=  1.095001
 imp=  1 eigen values of nks-unsym:
    0.5475    0.5475
************       nks-sym  ************
 imp=  1
 real part
   0.5475   0.0000
   0.0000   0.5475
   sub_tot=  1.095001
 max error due to symm in nks =     0.000000
 imp=  1 eigen values of   nks-sym:
    0.5475    0.5475
 nele_loc total:
       0.54750   0.54750
************     ncv-unsym  ************
 imp=  1
 real part
   0.5121  -0.0000
  -0.0000   0.5121
   sub_tot=  1.024146
************       ncv-sym  ************
 imp=  1
 real part
   0.5121   0.0000
   0.0000   0.5121
   sub_tot=  1.024146
 max error due to symm in ncv =     0.000000
************    isimix-var  ************
 imp=  1
 real part
   2.0091   0.0000
   0.0000   2.0091
************        r0-out  ************
 imp=  1
 real part
   0.3989   0.0000
   0.0000   0.3989
************         r-out  ************
 imp=  1
 real part
   0.8014   0.0000
   0.0000   0.8014
************     r-out-sym  ************
 imp=  1
 real part
   0.8014   0.0000
   0.0000   0.8014
 max error due to symm in r-out =     0.000000
************     z-out-sym  ************
 imp=  1
 real part
   0.6422   0.0000
   0.0000   0.6422
 imp=  1 eigen values of         z:
    0.6422    0.6422
 maxerr =     0.050102
 CyGErr takes    0 h  0 m  0.03 s(cpu).
                 0 h  0 m  0.22 s(wall).
 total number of impurities =    1
 impurity imap indices:
       1
 impurity num_spin_orbitals:
       2
 transformation db_to_sab read in.
 imp =  1 v2e(1,1,1,1) = 2.00
 mott localized orbital info:
 i=  1 nsorb= 0 nelect= 0
 ispin_in= 1 iso= 1 ispin= 1 ispo= 1
************     h1e-unsym  ************
 imp=  1
 real part
  -1.0000   0.0000
   0.0000  -1.0000
   orbital splitting:
   0.00000   0.00000
 imp=  1 eigen values of h1e-unsym:
   -1.0000   -1.0000
************       h1e-sym  ************
 imp=  1
 real part
  -1.0000   0.0000
   0.0000  -1.0000
   orbital splitting:
   0.00000   0.00000
 imp=  1 eigen values of   h1e-sym:
   -1.0000   -1.0000
 max error due to symm in h1e =     0.000000
 min/max(this%ne(1,:,:))=       2       2
 min/max(this%ne(2,:,:))=       1       1
 min/max(this%ne(3,:,:))=       2       2
 this%nmax=   2
 valence electrons: total=     0.0
         correlated block=     0.0
 no double counting.
************          r-in  ************
 imp=  1
 real part
   0.7971   0.0000
   0.0000   0.7971
************        la1-in  ************
 imp=  1
 real part
   0.0000   0.0000
   0.0000   0.0000
 calc_band_all takes    0 h  0 m  0.01 s(cpu).
                        0 h  0 m  0.01 s(wall).
 gutz fermi level=      0.00000000
************     nks-unsym  ************
 imp=  1
 real part
   0.5475   0.0000
   0.0000   0.5475
   sub_tot=  1.095001
 imp=  1 eigen values of nks-unsym:
    0.5475    0.5475
************       nks-sym  ************
 imp=  1
 real part
   0.5475   0.0000
   0.0000   0.5475
   sub_tot=  1.095001
 max error due to symm in nks =     0.000000
 imp=  1 eigen values of   nks-sym:
    0.5475    0.5475
 nele_loc total:
       0.54750   0.54750
************    isimix-var  ************
 imp=  1
 real part
   2.0091   0.0000
   0.0000   2.0091
************      d0-unsym  ************
 imp=  1
 real part
  -0.1644   0.0000
   0.0000  -0.1644
************        d0-sym  ************
 imp=  1
 real part
  -0.1644   0.0000
   0.0000  -0.1644
 max error due to symm in d0 =     0.000000
************         d-sym  ************
 imp=  1
 real part
  -0.3303   0.0000
   0.0000  -0.3303
************           la2  ************
 imp=  1
 real part
  -0.0502   0.0000
   0.0000  -0.0502
 e_mol = -1.2784472 e_tot = -1.3789385
************     ncv-unsym  ************
 imp=  1
 real part
   0.5121  -0.0000
  -0.0000   0.5121
   sub_tot=  1.024146
************       ncv-sym  ************
 imp=  1
 real part
   0.5121   0.0000
   0.0000   0.5121
   sub_tot=  1.024146
 max error due to symm in ncv =     0.000000
************     ncp-unsym  ************
 imp=  1
 real part
   0.5121   0.0000
   0.0000   0.5121
   sub_tot=  1.024146
************       ncp-sym  ************
 imp=  1
 real part
   0.5121   0.0000
   0.0000   0.5121
   sub_tot=  1.024146
 max error due to symm in ncp =     0.000000
 imp=  1 sum_phy-sum_var=     -0.00000000
        sum_phy-sum_ks =     -0.07085553 would be renormalized!
************    ncp-renorm  ************
 imp=  1
 real part
   0.5475   0.0000
   0.0000   0.5475
   sub_tot=  1.095001
************    isimix-var  ************
 imp=  1
 real part
   2.0091   0.0000
   0.0000   2.0091
************        r0-out  ************
 imp=  1
 real part
   0.3989   0.0000
   0.0000   0.3989
************         r-out  ************
 imp=  1
 real part
   0.8014   0.0000
   0.0000   0.8014
************     r-out-sym  ************
 imp=  1
 real part
   0.8014   0.0000
   0.0000   0.8014
 max error due to symm in r-out =     0.000000
************     z-out-sym  ************
 imp=  1
 real part
   0.6422   0.0000
   0.0000   0.6422
 imp=  1 eigen values of         z:
    0.6422    0.6422
 e_total_model = -1.5731440
 total number of electrons in simulation: 2.00000
 maximal local symmetrization error =    0.00000
 CyGFinal takes    0 h  0 m  0.05 s(cpu).
                   0 h  0 m  0.24 s(wall).
 total number of impurities =    1
 impurity imap indices:
       1
 impurity num_spin_orbitals:
       2
 transformation db_to_sab read in.
 imp =  1 v2e(1,1,1,1) = 2.00
 mott localized orbital info:
 i=  1 nsorb= 0 nelect= 0
 ispin_in= 1 iso= 1 ispin= 1 ispo= 1
************     h1e-unsym  ************
 imp=  1
 real part
  -1.0000   0.0000
   0.0000  -1.0000
   orbital splitting:
   0.00000   0.00000
 imp=  1 eigen values of h1e-unsym:
   -1.0000   -1.0000
************       h1e-sym  ************
 imp=  1
 real part
  -1.0000   0.0000
   0.0000  -1.0000
   orbital splitting:
   0.00000   0.00000
 imp=  1 eigen values of   h1e-sym:
   -1.0000   -1.0000
 max error due to symm in h1e =     0.000000
 min/max(this%ne(1,:,:))=       2       2
 min/max(this%ne(2,:,:))=       1       1
 min/max(this%ne(3,:,:))=       2       2
 this%nmax=   2
 valence electrons: total=     0.0
         correlated block=     0.0
 no double counting.
************          r-in  ************
 imp=  1
 real part
   0.8223   0.0000
   0.0000   0.8223
************        la1-in  ************
 imp=  1
 real part
   0.0000   0.0000
   0.0000   0.0000
 calc_band_all takes    0 h  0 m  0.01 s(cpu).
                        0 h  0 m  0.01 s(wall).
 gutz fermi level=      0.00000000
************     nks-unsym  ************
 imp=  1
 real part
   0.5469   0.0000
   0.0000   0.5469
   sub_tot=  1.093828
 imp=  1 eigen values of nks-unsym:
    0.5469    0.5469
************       nks-sym  ************
 imp=  1
 real part
   0.5469   0.0000
   0.0000   0.5469
   sub_tot=  1.093828
 max error due to symm in nks =     0.000000
 imp=  1 eigen values of   nks-sym:
    0.5469    0.5469
 nele_loc total:
       0.54691   0.54691
************    isimix-var  ************
 imp=  1
 real part
   2.0089   0.0000
   0.0000   2.0089
************      d0-unsym  ************
 imp=  1
 real part
  -0.1657   0.0000
   0.0000  -0.1657
************        d0-sym  ************
 imp=  1
 real part
  -0.1657   0.0000
   0.0000  -0.1657
 max error due to symm in d0 =     0.000000
************         d-sym  ************
 imp=  1
 real part
  -0.3329   0.0000
   0.0000  -0.3329
************           la2  ************
 imp=  1
 real part
  -0.0516   0.0000
   0.0000  -0.0516
 CyGBand takes    0 h  0 m  0.05 s(cpu).
                  0 h  0 m  0.24 s(wall).
 total number of impurities =    1
 impurity imap indices:
       1
 impurity num_spin_orbitals:
       2
 transformation db_to_sab read in.
 imp =  1 v2e(1,1,1,1) = 2.00
 mott localized orbital info:
 i=  1 nsorb= 0 nelect= 0
 e_mol = -1.2813729 e_tot = -1.3845780
************     nks-unsym  ************
 imp=  1
 real part
   0.5469   0.0000
   0.0000   0.5469
   sub_tot=  1.093828
 imp=  1 eigen values of nks-unsym:
    0.5469    0.5469
************       nks-sym  ************
 imp=  1
 real part
   0.5469   0.0000
   0.0000   0.5469
   sub_tot=  1.093828
 max error due to symm in nks =     0.000000
 imp=  1 eigen values of   nks-sym:
    0.5469    0.5469
 nele_loc total:
       0.54691   0.54691
************     ncv-unsym  ************
 imp=  1
 real part
   0.5124  -0.0000
  -0.0000   0.5124
   sub_tot=  1.024791
************       ncv-sym  ************
 imp=  1
 real part
   0.5124   0.0000
   0.0000   0.5124
   sub_tot=  1.024791
 max error due to symm in ncv =     0.000000
************    isimix-var  ************
 imp=  1
 real part
   2.0089   0.0000
   0.0000   2.0089
************        r0-out  ************
 imp=  1
 real part
   0.4001   0.0000
   0.0000   0.4001
************         r-out  ************
 imp=  1
 real part
   0.8037   0.0000
   0.0000   0.8037
************     r-out-sym  ************
 imp=  1
 real part
   0.8037   0.0000
   0.0000   0.8037
 max error due to symm in r-out =     0.000000
************     z-out-sym  ************
 imp=  1
 real part
   0.6459   0.0000
   0.0000   0.6459
 imp=  1 eigen values of         z:
    0.6459    0.6459
 maxerr =     0.048816
 CyGErr takes    0 h  0 m  0.03 s(cpu).
                 0 h  0 m  0.22 s(wall).
 total number of impurities =    1
 impurity imap indices:
       1
 impurity num_spin_orbitals:
       2
 transformation db_to_sab read in.
 imp =  1 v2e(1,1,1,1) = 2.00
 mott localized orbital info:
 i=  1 nsorb= 0 nelect= 0
 ispin_in= 1 iso= 1 ispin= 1 ispo= 1
************     h1e-unsym  ************
 imp=  1
 real part
  -1.0000   0.0000
   0.0000  -1.0000
   orbital splitting:
   0.00000   0.00000
 imp=  1 eigen values of h1e-unsym:
   -1.0000   -1.0000
************       h1e-sym  ************
 imp=  1
 real part
  -1.0000   0.0000
   0.0000  -1.0000
   orbital splitting:
   0.00000   0.00000
 imp=  1 eigen values of   h1e-sym:
   -1.0000   -1.0000
 max error due to symm in h1e =     0.000000
 min/max(this%ne(1,:,:))=       2       2
 min/max(this%ne(2,:,:))=       1       1
 min/max(this%ne(3,:,:))=       2       2
 this%nmax=   2
 valence electrons: total=     0.0
         correlated block=     0.0
 no double counting.
************          r-in  ************
 imp=  1
 real part
   0.8223   0.0000
   0.0000   0.8223
************        la1-in  ************
 imp=  1
 real part
   0.0000   0.0000
   0.0000   0.0000
 calc_band_all takes    0 h  0 m  0.01 s(cpu).
                        0 h  0 m  0.01 s(wall).
 gutz fermi level=      0.00000000
************     nks-unsym  ************
 imp=  1
 real part
   0.5469   0.0000
   0.0000   0.5469
   sub_tot=  1.093828
 imp=  1 eigen values of nks-unsym:
    0.5469    0.5469
************       nks-sym  ************
 imp=  1
 real part
   0.5469   0.0000
   0.0000   0.5469
   sub_tot=  1.093828
 max error due to symm in nks =     0.000000
 imp=  1 eigen values of   nks-sym:
    0.5469    0.5469
 nele_loc total:
       0.54691   0.54691
************    isimix-var  ************
 imp=  1
 real part
   2.0089   0.0000
   0.0000   2.0089
************      d0-unsym  ************
 imp=  1
 real part
  -0.1657   0.0000
   0.0000  -0.1657
************        d0-sym  ************
 imp=  1
 real part
  -0.1657   0.0000
   0.0000  -0.1657
 max error due to symm in d0 =     0.000000
************         d-sym  ************
 imp=  1
 real part
  -0.3329   0.0000
   0.0000  -0.3329
************           la2  ************
 imp=  1
 real part
  -0.0516   0.0000
   0.0000  -0.0516
 e_mol = -1.2813729 e_tot = -1.3845780
************     ncv-unsym  ************
 imp=  1
 real part
   0.5124  -0.0000
  -0.0000   0.5124
   sub_tot=  1.024791
************       ncv-sym  ************
 imp=  1
 real part
   0.5124   0.0000
   0.0000   0.5124
   sub_tot=  1.024791
 max error due to symm in ncv =     0.000000
************     ncp-unsym  ************
 imp=  1
 real part
   0.5124   0.0000
   0.0000   0.5124
   sub_tot=  1.024791
************       ncp-sym  ************
 imp=  1
 real part
   0.5124   0.0000
   0.0000   0.5124
   sub_tot=  1.024791
 max error due to symm in ncp =     0.000000
 imp=  1 sum_phy-sum_var=     -0.00000000
        sum_phy-sum_ks =     -0.06903686 would be renormalized!
************    ncp-renorm  ************
 imp=  1
 real part
   0.5469   0.0000
   0.0000   0.5469
   sub_tot=  1.093828
************    isimix-var  ************
 imp=  1
 real part
   2.0089   0.0000
   0.0000   2.0089
************        r0-out  ************
 imp=  1
 real part
   0.4001   0.0000
   0.0000   0.4001
************         r-out  ************
 imp=  1
 real part
   0.8037   0.0000
   0.0000   0.8037
************     r-out-sym  ************
 imp=  1
 real part
   0.8037   0.0000
   0.0000   0.8037
 max error due to symm in r-out =     0.000000
************     z-out-sym  ************
 imp=  1
 real part
   0.6459   0.0000
   0.0000   0.6459
 imp=  1 eigen values of         z:
    0.6459    0.6459
 e_total_model = -1.5863654
 total number of electrons in simulation: 2.00000
 maximal local symmetrization error =    0.00000
 CyGFinal takes    0 h  0 m  0.04 s(cpu).
                   0 h  0 m  0.24 s(wall).
 total number of impurities =    1
 impurity imap indices:
       1
 impurity num_spin_orbitals:
       2
 transformation db_to_sab read in.
 imp =  1 v2e(1,1,1,1) = 2.00
 mott localized orbital info:
 i=  1 nsorb= 0 nelect= 0
 ispin_in= 1 iso= 1 ispin= 1 ispo= 1
************     h1e-unsym  ************
 imp=  1
 real part
  -1.0000   0.0000
   0.0000  -1.0000
   orbital splitting:
   0.00000   0.00000
 imp=  1 eigen values of h1e-unsym:
   -1.0000   -1.0000
************       h1e-sym  ************
 imp=  1
 real part
  -1.0000   0.0000
   0.0000  -1.0000
   orbital splitting:
   0.00000   0.00000
 imp=  1 eigen values of   h1e-sym:
   -1.0000   -1.0000
 max error due to symm in h1e =     0.000000
 min/max(this%ne(1,:,:))=       2       2
 min/max(this%ne(2,:,:))=       1       1
 min/max(this%ne(3,:,:))=       2       2
 this%nmax=   2
 valence electrons: total=     0.0
         correlated block=     0.0
 no double counting.
************          r-in  ************
 imp=  1
 real part
   0.7971   0.0000
   0.0000   0.7971
************        la1-in  ************
 imp=  1
 real part
   0.0000   0.0000
   0.0000   0.0000
 calc_band_all takes    0 h  0 m  0.01 s(cpu).
                        0 h  0 m  0.01 s(wall).
 gutz fermi level=      0.00000000
************     nks-unsym  ************
 imp=  1
 real part
   0.5475   0.0000
   0.0000   0.5475
   sub_tot=  1.095001
 imp=  1 eigen values of nks-unsym:
    0.5475    0.5475
************       nks-sym  ************
 imp=  1
 real part
   0.5475   0.0000
   0.0000   0.5475
   sub_tot=  1.095001
 max error due to symm in nks =     0.000000
 imp=  1 eigen values of   nks-sym:
    0.5475    0.5475
 nele_loc total:
       0.54750   0.54750
************    isimix-var  ************
 imp=  1
 real part
   2.0091   0.0000
   0.0000   2.0091
************      d0-unsym  ************
 imp=  1
 real part
  -0.1644   0.0000
   0.0000  -0.1644
************        d0-sym  ************
 imp=  1
 real part
  -0.1644   0.0000
   0.0000  -0.1644
 max error due to symm in d0 =     0.000000
************         d-sym  ************
 imp=  1
 real part
  -0.3303   0.0000
   0.0000  -0.3303
************           la2  ************
 imp=  1
 real part
  -0.0502   0.0000
   0.0000  -0.0502
 CyGBand takes    0 h  0 m  0.04 s(cpu).
                  0 h  0 m  0.24 s(wall).
 total number of impurities =    1
 impurity imap indices:
       1
 impurity num_spin_orbitals:
       2
 transformation db_to_sab read in.
 imp =  1 v2e(1,1,1,1) = 2.00
 mott localized orbital info:
 i=  1 nsorb= 0 nelect= 0
 e_mol = -1.2784472 e_tot = -1.3789385
************     nks-unsym  ************
 imp=  1
 real part
   0.5475   0.0000
   0.0000   0.5475
   sub_tot=  1.095001
 imp=  1 eigen values of nks-unsym:
    0.5475    0.5475
************       nks-sym  ************
 imp=  1
 real part
   0.5475   0.0000
   0.0000   0.5475
   sub_tot=  1.095001
 max error due to symm in nks =     0.000000
 imp=  1 eigen values of   nks-sym:
    0.5475    0.5475
 nele_loc total:
       0.54750   0.54750
************     ncv-unsym  ************
 imp=  1
 real part
   0.5121  -0.0000
  -0.0000   0.5121
   sub_tot=  1.024146
************       ncv-sym  ************
 imp=  1
 real part
   0.5121   0.0000
   0.0000   0.5121
   sub_tot=  1.024146
 max error due to symm in ncv =     0.000000
************    isimix-var  ************
 imp=  1
 real part
   2.0091   0.0000
   0.0000   2.0091
************        r0-out  ************
 imp=  1
 real part
   0.3989   0.0000
   0.0000   0.3989
************         r-out  ************
 imp=  1
 real part
   0.8014   0.0000
   0.0000   0.8014
************     r-out-sym  ************
 imp=  1
 real part
   0.8014   0.0000
   0.0000   0.8014
 max error due to symm in r-out =     0.000000
************     z-out-sym  ************
 imp=  1
 real part
   0.6422   0.0000
   0.0000   0.6422
 imp=  1 eigen values of         z:
    0.6422    0.6422
 maxerr =     0.050102
 CyGErr takes    0 h  0 m  0.03 s(cpu).
                 0 h  0 m  0.22 s(wall).
 total number of impurities =    1
 impurity imap indices:
       1
 impurity num_spin_orbitals:
       2
 transformation db_to_sab read in.
 imp =  1 v2e(1,1,1,1) = 2.00
 mott localized orbital info:
 i=  1 nsorb= 0 nelect= 0
 ispin_in= 1 iso= 1 ispin= 1 ispo= 1
************     h1e-unsym  ************
 imp=  1
 real part
  -1.0000   0.0000
   0.0000  -1.0000
   orbital splitting:
   0.00000   0.00000
 imp=  1 eigen values of h1e-unsym:
   -1.0000   -1.0000
************       h1e-sym  ************
 imp=  1
 real part
  -1.0000   0.0000
   0.0000  -1.0000
   orbital splitting:
   0.00000   0.00000
 imp=  1 eigen values of   h1e-sym:
   -1.0000   -1.0000
 max error due to symm in h1e =     0.000000
 min/max(this%ne(1,:,:))=       2       2
 min/max(this%ne(2,:,:))=       1       1
 min/max(this%ne(3,:,:))=       2       2
 this%nmax=   2
 valence electrons: total=     0.0
         correlated block=     0.0
 no double counting.
************          r-in  ************
 imp=  1
 real part
   0.7971   0.0000
   0.0000   0.7971
************        la1-in  ************
 imp=  1
 real part
   0.0000   0.0000
   0.0000   0.0000
 calc_band_all takes    0 h  0 m  0.01 s(cpu).
                        0 h  0 m  0.01 s(wall).
 gutz fermi level=      0.00000000
************     nks-unsym  ************
 imp=  1
 real part
   0.5475   0.0000
   0.0000   0.5475
   sub_tot=  1.095001
 imp=  1 eigen values of nks-unsym:
    0.5475    0.5475
************       nks-sym  ************
 imp=  1
 real part
   0.5475   0.0000
   0.0000   0.5475
   sub_tot=  1.095001
 max error due to symm in nks =     0.000000
 imp=  1 eigen values of   nks-sym:
    0.5475    0.5475
 nele_loc total:
       0.54750   0.54750
************    isimix-var  ************
 imp=  1
 real part
   2.0091   0.0000
   0.0000   2.0091
************      d0-unsym  ************
 imp=  1
 real part
  -0.1644   0.0000
   0.0000  -0.1644
************        d0-sym  ************
 imp=  1
 real part
  -0.1644   0.0000
   0.0000  -0.1644
 max error due to symm in d0 =     0.000000
************         d-sym  ************
 imp=  1
 real part
  -0.3303   0.0000
   0.0000  -0.3303
************           la2  ************
 imp=  1
 real part
  -0.0502   0.0000
   0.0000  -0.0502
 e_mol = -1.2784472 e_tot = -1.3789385
************     ncv-unsym  ************
 imp=  1
 real part
   0.5121  -0.0000
  -0.0000   0.5121
   sub_tot=  1.024146
************       ncv-sym  ************
 imp=  1
 real part
   0.5121   0.0000
   0.0000   0.5121
   sub_tot=  1.024146
 max error due to symm in ncv =     0.000000
************     ncp-unsym  ************
 imp=  1
 real part
   0.5121   0.0000
   0.0000   0.5121
   sub_tot=  1.024146
************       ncp-sym  ************
 imp=  1
 real part
   0.5121   0.0000
   0.0000   0.5121
   sub_tot=  1.024146
 max error due to symm in ncp =     0.000000
 imp=  1 sum_phy-sum_var=     -0.00000000
        sum_phy-sum_ks =     -0.07085553 would be renormalized!
************    ncp-renorm  ************
 imp=  1
 real part
   0.5475   0.0000
   0.0000   0.5475
   sub_tot=  1.095001
************    isimix-var  ************
 imp=  1
 real part
   2.0091   0.0000
   0.0000   2.0091
************        r0-out  ************
 imp=  1
 real part
   0.3989   0.0000
   0.0000   0.3989
************         r-out  ************
 imp=  1
 real part
   0.8014   0.0000
   0.0000   0.8014
************     r-out-sym  ************
 imp=  1
 real part
   0.8014   0.0000
   0.0000   0.8014
 max error due to symm in r-out =     0.000000
************     z-out-sym  ************
 imp=  1
 real part
   0.6422   0.0000
   0.0000   0.6422
 imp=  1 eigen values of         z:
    0.6422    0.6422
 e_total_model = -1.5731440
 total number of electrons in simulation: 2.00000
 maximal local symmetrization error =    0.00000
 CyGFinal takes    0 h  0 m  0.04 s(cpu).
                   0 h  0 m  0.24 s(wall).
 total number of impurities =    1
 impurity imap indices:
       1
 impurity num_spin_orbitals:
       2
 transformation db_to_sab read in.
 imp =  1 v2e(1,1,1,1) = 2.00
 mott localized orbital info:
 i=  1 nsorb= 0 nelect= 0
 ispin_in= 1 iso= 1 ispin= 1 ispo= 1
************     h1e-unsym  ************
 imp=  1
 real part
  -1.0000   0.0000
   0.0000  -1.0000
   orbital splitting:
   0.00000   0.00000
 imp=  1 eigen values of h1e-unsym:
   -1.0000   -1.0000
************       h1e-sym  ************
 imp=  1
 real part
  -1.0000   0.0000
   0.0000  -1.0000
   orbital splitting:
   0.00000   0.00000
 imp=  1 eigen values of   h1e-sym:
   -1.0000   -1.0000
 max error due to symm in h1e =     0.000000
 min/max(this%ne(1,:,:))=       2       2
 min/max(this%ne(2,:,:))=       1       1
 min/max(this%ne(3,:,:))=       2       2
 this%nmax=   2
 valence electrons: total=     0.0
         correlated block=     0.0
 no double counting.
************          r-in  ************
 imp=  1
 real part
   0.7972   0.0000
   0.0000   0.7972
************        la1-in  ************
 imp=  1
 real part
   0.0598   0.0000
   0.0000   0.0598
 calc_band_all takes    0 h  0 m  0.01 s(cpu).
                        0 h  0 m  0.01 s(wall).
 gutz fermi level=      0.00000000
************     nks-unsym  ************
 imp=  1
 real part
   0.5191   0.0000
   0.0000   0.5191
   sub_tot=  1.038217
 imp=  1 eigen values of nks-unsym:
    0.5191    0.5191
************       nks-sym  ************
 imp=  1
 real part
   0.5191   0.0000
   0.0000   0.5191
   sub_tot=  1.038217
 max error due to symm in nks =     0.000000
 imp=  1 eigen values of   nks-sym:
    0.5191    0.5191
 nele_loc total:
       0.51911   0.51911
************    isimix-var  ************
 imp=  1
 real part
   2.0015   0.0000
   0.0000   2.0015
************      d0-unsym  ************
 imp=  1
 real part
  -0.1649   0.0000
   0.0000  -0.1649
************        d0-sym  ************
 imp=  1
 real part
  -0.1649   0.0000
   0.0000  -0.1649
 max error due to symm in d0 =     0.000000
************         d-sym  ************
 imp=  1
 real part
  -0.3300   0.0000
   0.0000  -0.3300
************           la2  ************
 imp=  1
 real part
  -0.0800   0.0000
   0.0000  -0.0800
 CyGBand takes    0 h  0 m  0.04 s(cpu).
                  0 h  0 m  0.23 s(wall).
 total number of impurities =    1
 impurity imap indices:
       1
 impurity num_spin_orbitals:
       2
 transformation db_to_sab read in.
 imp =  1 v2e(1,1,1,1) = 2.00
 mott localized orbital info:
 i=  1 nsorb= 0 nelect= 0
 e_mol = -1.2486945 e_tot = -1.4086255
************     nks-unsym  ************
 imp=  1
 real part
   0.5191   0.0000
   0.0000   0.5191
   sub_tot=  1.038217
 imp=  1 eigen values of nks-unsym:
    0.5191    0.5191
************       nks-sym  ************
 imp=  1
 real part
   0.5191   0.0000
   0.0000   0.5191
   sub_tot=  1.038217
 max error due to symm in nks =     0.000000
 imp=  1 eigen values of   nks-sym:
    0.5191    0.5191
 nele_loc total:
       0.51911   0.51911
************     ncv-unsym  ************
 imp=  1
 real part
   0.5192  -0.0000
  -0.0000   0.5192
   sub_tot=  1.038477
************       ncv-sym  ************
 imp=  1
 real part
   0.5192   0.0000
   0.0000   0.5192
   sub_tot=  1.038477
 max error due to symm in ncv =     0.000000
************    isimix-var  ************
 imp=  1
 real part
   2.0015   0.0000
   0.0000   2.0015
************        r0-out  ************
 imp=  1
 real part
   0.3991   0.0000
   0.0000   0.3991
************         r-out  ************
 imp=  1
 real part
   0.7988   0.0000
   0.0000   0.7988
************     r-out-sym  ************
 imp=  1
 real part
   0.7988   0.0000
   0.0000   0.7988
 max error due to symm in r-out =     0.000000
************     z-out-sym  ************
 imp=  1
 real part
   0.6381   0.0000
   0.0000   0.6381
 imp=  1 eigen values of         z:
    0.6381    0.6381
 maxerr =     0.002207
 CyGErr takes    0 h  0 m  0.03 s(cpu).
                 0 h  0 m  0.22 s(wall).
 total number of impurities =    1
 impurity imap indices:
       1
 impurity num_spin_orbitals:
       2
 transformation db_to_sab read in.
 imp =  1 v2e(1,1,1,1) = 2.00
 mott localized orbital info:
 i=  1 nsorb= 0 nelect= 0
 ispin_in= 1 iso= 1 ispin= 1 ispo= 1
************     h1e-unsym  ************
 imp=  1
 real part
  -1.0000   0.0000
   0.0000  -1.0000
   orbital splitting:
   0.00000   0.00000
 imp=  1 eigen values of h1e-unsym:
   -1.0000   -1.0000
************       h1e-sym  ************
 imp=  1
 real part
  -1.0000   0.0000
   0.0000  -1.0000
   orbital splitting:
   0.00000   0.00000
 imp=  1 eigen values of   h1e-sym:
   -1.0000   -1.0000
 max error due to symm in h1e =     0.000000
 min/max(this%ne(1,:,:))=       2       2
 min/max(this%ne(2,:,:))=       1       1
 min/max(this%ne(3,:,:))=       2       2
 this%nmax=   2
 valence electrons: total=     0.0
         correlated block=     0.0
 no double counting.
************          r-in  ************
 imp=  1
 real part
   0.7972   0.0000
   0.0000   0.7972
************        la1-in  ************
 imp=  1
 real part
   0.0598   0.0000
   0.0000   0.0598
 calc_band_all takes    0 h  0 m  0.01 s(cpu).
                        0 h  0 m  0.01 s(wall).
 gutz fermi level=      0.00000000
************     nks-unsym  ************
 imp=  1
 real part
   0.5191   0.0000
   0.0000   0.5191
   sub_tot=  1.038217
 imp=  1 eigen values of nks-unsym:
    0.5191    0.5191
************       nks-sym  ************
 imp=  1
 real part
   0.5191   0.0000
   0.0000   0.5191
   sub_tot=  1.038217
 max error due to symm in nks =     0.000000
 imp=  1 eigen values of   nks-sym:
    0.5191    0.5191
 nele_loc total:
       0.51911   0.51911
************    isimix-var  ************
 imp=  1
 real part
   2.0015   0.0000
   0.0000   2.0015
************      d0-unsym  ************
 imp=  1
 real part
  -0.1649   0.0000
   0.0000  -0.1649
************        d0-sym  ************
 imp=  1
 real part
  -0.1649   0.0000
   0.0000  -0.1649
 max error due to symm in d0 =     0.000000
************         d-sym  ************
 imp=  1
 real part
  -0.3300   0.0000
   0.0000  -0.3300
************           la2  ************
 imp=  1
 real part
  -0.0800   0.0000
   0.0000  -0.0800
 e_mol = -1.2486945 e_tot = -1.4086255
************     ncv-unsym  ************
 imp=  1
 real part
   0.5192  -0.0000
  -0.0000   0.5192
   sub_tot=  1.038477
************       ncv-sym  ************
 imp=  1
 real part
   0.5192   0.0000
   0.0000   0.5192
   sub_tot=  1.038477
 max error due to symm in ncv =     0.000000
************     ncp-unsym  ************
 imp=  1
 real part
   0.5192   0.0000
   0.0000   0.5192
   sub_tot=  1.038477
************       ncp-sym  ************
 imp=  1
 real part
   0.5192   0.0000
   0.0000   0.5192
   sub_tot=  1.038477
 max error due to symm in ncp =     0.000000
 imp=  1 sum_phy-sum_var=     -0.00000000
        sum_phy-sum_ks =      0.00026048 would be renormalized!
************    ncp-renorm  ************
 imp=  1
 real part
   0.5191   0.0000
   0.0000   0.5191
   sub_tot=  1.038217
************    isimix-var  ************
 imp=  1
 real part
   2.0015   0.0000
   0.0000   2.0015
************        r0-out  ************
 imp=  1
 real part
   0.3991   0.0000
   0.0000   0.3991
************         r-out  ************
 imp=  1
 real part
   0.7988   0.0000
   0.0000   0.7988
************     r-out-sym  ************
 imp=  1
 real part
   0.7988   0.0000
   0.0000   0.7988
 max error due to symm in r-out =     0.000000
************     z-out-sym  ************
 imp=  1
 real part
   0.6381   0.0000
   0.0000   0.6381
 imp=  1 eigen values of         z:
    0.6381    0.6381
 e_total_model = -1.4986599
 total number of electrons in simulation: 2.00000
 maximal local symmetrization error =    0.00000
 CyGFinal takes    0 h  0 m  0.04 s(cpu).
                   0 h  0 m  0.24 s(wall).
 total number of impurities =    1
 impurity imap indices:
       1
 impurity num_spin_orbitals:
       2
 transformation db_to_sab read in.
 imp =  1 v2e(1,1,1,1) = 2.00
 mott localized orbital info:
 i=  1 nsorb= 0 nelect= 0
 ispin_in= 1 iso= 1 ispin= 1 ispo= 1
************     h1e-unsym  ************
 imp=  1
 real part
  -1.0000   0.0000
   0.0000  -1.0000
   orbital splitting:
   0.00000   0.00000
 imp=  1 eigen values of h1e-unsym:
   -1.0000   -1.0000
************       h1e-sym  ************
 imp=  1
 real part
  -1.0000   0.0000
   0.0000  -1.0000
   orbital splitting:
   0.00000   0.00000
 imp=  1 eigen values of   h1e-sym:
   -1.0000   -1.0000
 max error due to symm in h1e =     0.000000
 min/max(this%ne(1,:,:))=       2       2
 min/max(this%ne(2,:,:))=       1       1
 min/max(this%ne(3,:,:))=       2       2
 this%nmax=   2
 valence electrons: total=     0.0
         correlated block=     0.0
 no double counting.
************          r-in  ************
 imp=  1
 real part
   0.7990   0.0000
   0.0000   0.7990
************        la1-in  ************
 imp=  1
 real part
   0.0595   0.0000
   0.0000   0.0595
 calc_band_all takes    0 h  0 m  0.01 s(cpu).
                        0 h  0 m  0.01 s(wall).
 gutz fermi level=      0.00000000
************     nks-unsym  ************
 imp=  1
 real part
   0.5192   0.0000
   0.0000   0.5192
   sub_tot=  1.038492
 imp=  1 eigen values of nks-unsym:
    0.5192    0.5192
************       nks-sym  ************
 imp=  1
 real part
   0.5192   0.0000
   0.0000   0.5192
   sub_tot=  1.038492
 max error due to symm in nks =     0.000000
 imp=  1 eigen values of   nks-sym:
    0.5192    0.5192
 nele_loc total:
       0.51925   0.51925
************    isimix-var  ************
 imp=  1
 real part
   2.0015   0.0000
   0.0000   2.0015
************      d0-unsym  ************
 imp=  1
 real part
  -0.1650   0.0000
   0.0000  -0.1650
************        d0-sym  ************
 imp=  1
 real part
  -0.1650   0.0000
   0.0000  -0.1650
 max error due to symm in d0 =     0.000000
************         d-sym  ************
 imp=  1
 real part
  -0.3302   0.0000
   0.0000  -0.3302
************           la2  ************
 imp=  1
 real part
  -0.0798   0.0000
   0.0000  -0.0798
 CyGBand takes    0 h  0 m  0.04 s(cpu).
                  0 h  0 m  0.23 s(wall).
 total number of impurities =    1
 impurity imap indices:
       1
 impurity num_spin_orbitals:
       2
 transformation db_to_sab read in.
 imp =  1 v2e(1,1,1,1) = 2.00
 mott localized orbital info:
 i=  1 nsorb= 0 nelect= 0
 e_mol = -1.2491188 e_tot = -1.4088031
************     nks-unsym  ************
 imp=  1
 real part
   0.5192   0.0000
   0.0000   0.5192
   sub_tot=  1.038492
 imp=  1 eigen values of nks-unsym:
    0.5192    0.5192
************       nks-sym  ************
 imp=  1
 real part
   0.5192   0.0000
   0.0000   0.5192
   sub_tot=  1.038492
 max error due to symm in nks =     0.000000
 imp=  1 eigen values of   nks-sym:
    0.5192    0.5192
 nele_loc total:
       0.51925   0.51925
************     ncv-unsym  ************
 imp=  1
 real part
   0.5192  -0.0000
  -0.0000   0.5192
   sub_tot=  1.038417
************       ncv-sym  ************
 imp=  1
 real part
   0.5192   0.0000
   0.0000   0.5192
   sub_tot=  1.038417
 max error due to symm in ncv =     0.000000
************    isimix-var  ************
 imp=  1
 real part
   2.0015   0.0000
   0.0000   2.0015
************        r0-out  ************
 imp=  1
 real part
   0.3992   0.0000
   0.0000   0.3992
************         r-out  ************
 imp=  1
 real part
   0.7990   0.0000
   0.0000   0.7990
************     r-out-sym  ************
 imp=  1
 real part
   0.7990   0.0000
   0.0000   0.7990
 max error due to symm in r-out =     0.000000
************     z-out-sym  ************
 imp=  1
 real part
   0.6383   0.0000
   0.0000   0.6383
 imp=  1 eigen values of         z:
    0.6383    0.6383
 maxerr =     0.000053
 CyGErr takes    0 h  0 m  0.03 s(cpu).
                 0 h  0 m  0.22 s(wall).
 total number of impurities =    1
 impurity imap indices:
       1
 impurity num_spin_orbitals:
       2
 transformation db_to_sab read in.
 imp =  1 v2e(1,1,1,1) = 2.00
 mott localized orbital info:
 i=  1 nsorb= 0 nelect= 0
 ispin_in= 1 iso= 1 ispin= 1 ispo= 1
************     h1e-unsym  ************
 imp=  1
 real part
  -1.0000   0.0000
   0.0000  -1.0000
   orbital splitting:
   0.00000   0.00000
 imp=  1 eigen values of h1e-unsym:
   -1.0000   -1.0000
************       h1e-sym  ************
 imp=  1
 real part
  -1.0000   0.0000
   0.0000  -1.0000
   orbital splitting:
   0.00000   0.00000
 imp=  1 eigen values of   h1e-sym:
   -1.0000   -1.0000
 max error due to symm in h1e =     0.000000
 min/max(this%ne(1,:,:))=       2       2
 min/max(this%ne(2,:,:))=       1       1
 min/max(this%ne(3,:,:))=       2       2
 this%nmax=   2
 valence electrons: total=     0.0
         correlated block=     0.0
 no double counting.
************          r-in  ************
 imp=  1
 real part
   0.7990   0.0000
   0.0000   0.7990
************        la1-in  ************
 imp=  1
 real part
   0.0595   0.0000
   0.0000   0.0595
 calc_band_all takes    0 h  0 m  0.01 s(cpu).
                        0 h  0 m  0.01 s(wall).
 gutz fermi level=      0.00000000
************     nks-unsym  ************
 imp=  1
 real part
   0.5192   0.0000
   0.0000   0.5192
   sub_tot=  1.038492
 imp=  1 eigen values of nks-unsym:
    0.5192    0.5192
************       nks-sym  ************
 imp=  1
 real part
   0.5192   0.0000
   0.0000   0.5192
   sub_tot=  1.038492
 max error due to symm in nks =     0.000000
 imp=  1 eigen values of   nks-sym:
    0.5192    0.5192
 nele_loc total:
       0.51925   0.51925
************    isimix-var  ************
 imp=  1
 real part
   2.0015   0.0000
   0.0000   2.0015
************      d0-unsym  ************
 imp=  1
 real part
  -0.1650   0.0000
   0.0000  -0.1650
************        d0-sym  ************
 imp=  1
 real part
  -0.1650   0.0000
   0.0000  -0.1650
 max error due to symm in d0 =     0.000000
************         d-sym  ************
 imp=  1
 real part
  -0.3302   0.0000
   0.0000  -0.3302
************           la2  ************
 imp=  1
 real part
  -0.0798   0.0000
   0.0000  -0.0798
 e_mol = -1.2491188 e_tot = -1.4088031
************     ncv-unsym  ************
 imp=  1
 real part
   0.5192  -0.0000
  -0.0000   0.5192
   sub_tot=  1.038417
************       ncv-sym  ************
 imp=  1
 real part
   0.5192   0.0000
   0.0000   0.5192
   sub_tot=  1.038417
 max error due to symm in ncv =     0.000000
************     ncp-unsym  ************
 imp=  1
 real part
   0.5192   0.0000
   0.0000   0.5192
   sub_tot=  1.038417
************       ncp-sym  ************
 imp=  1
 real part
   0.5192   0.0000
   0.0000   0.5192
   sub_tot=  1.038417
 max error due to symm in ncp =     0.000000
 imp=  1 sum_phy-sum_var=     -0.00000000
        sum_phy-sum_ks =     -0.00007559 would be renormalized!
************    ncp-renorm  ************
 imp=  1
 real part
   0.5192   0.0000
   0.0000   0.5192
   sub_tot=  1.038492
************    isimix-var  ************
 imp=  1
 real part
   2.0015   0.0000
   0.0000   2.0015
************        r0-out  ************
 imp=  1
 real part
   0.3992   0.0000
   0.0000   0.3992
************         r-out  ************
 imp=  1
 real part
   0.7990   0.0000
   0.0000   0.7990
************     r-out-sym  ************
 imp=  1
 real part
   0.7990   0.0000
   0.0000   0.7990
 max error due to symm in r-out =     0.000000
************     z-out-sym  ************
 imp=  1
 real part
   0.6383   0.0000
   0.0000   0.6383
 imp=  1 eigen values of         z:
    0.6383    0.6383
 e_total_model = -1.5000557
 total number of electrons in simulation: 2.00000
 maximal local symmetrization error =    0.00000
 CyGFinal takes    0 h  0 m  0.04 s(cpu).
                   0 h  0 m  0.24 s(wall).
 total number of impurities =    1
 impurity imap indices:
       1
 impurity num_spin_orbitals:
       2
 transformation db_to_sab read in.
 imp =  1 v2e(1,1,1,1) = 2.00
 mott localized orbital info:
 i=  1 nsorb= 0 nelect= 0
 ispin_in= 1 iso= 1 ispin= 1 ispo= 1
************     h1e-unsym  ************
 imp=  1
 real part
  -1.0000   0.0000
   0.0000  -1.0000
   orbital splitting:
   0.00000   0.00000
 imp=  1 eigen values of h1e-unsym:
   -1.0000   -1.0000
************       h1e-sym  ************
 imp=  1
 real part
  -1.0000   0.0000
   0.0000  -1.0000
   orbital splitting:
   0.00000   0.00000
 imp=  1 eigen values of   h1e-sym:
   -1.0000   -1.0000
 max error due to symm in h1e =     0.000000
 min/max(this%ne(1,:,:))=       2       2
 min/max(this%ne(2,:,:))=       1       1
 min/max(this%ne(3,:,:))=       2       2
 this%nmax=   2
 valence electrons: total=     0.0
         correlated block=     0.0
 no double counting.
************          r-in  ************
 imp=  1
 real part
   0.7990   0.0000
   0.0000   0.7990
************        la1-in  ************
 imp=  1
 real part
   0.0596   0.0000
   0.0000   0.0596
 calc_band_all takes    0 h  0 m  0.01 s(cpu).
                        0 h  0 m  0.01 s(wall).
 gutz fermi level=      0.00000000
************     nks-unsym  ************
 imp=  1
 real part
   0.5192   0.0000
   0.0000   0.5192
   sub_tot=  1.038432
 imp=  1 eigen values of nks-unsym:
    0.5192    0.5192
************       nks-sym  ************
 imp=  1
 real part
   0.5192   0.0000
   0.0000   0.5192
   sub_tot=  1.038432
 max error due to symm in nks =     0.000000
 imp=  1 eigen values of   nks-sym:
    0.5192    0.5192
 nele_loc total:
       0.51922   0.51922
************    isimix-var  ************
 imp=  1
 real part
   2.0015   0.0000
   0.0000   2.0015
************      d0-unsym  ************
 imp=  1
 real part
  -0.1650   0.0000
   0.0000  -0.1650
************        d0-sym  ************
 imp=  1
 real part
  -0.1650   0.0000
   0.0000  -0.1650
 max error due to symm in d0 =     0.000000
************         d-sym  ************
 imp=  1
 real part
  -0.3302   0.0000
   0.0000  -0.3302
************           la2  ************
 imp=  1
 real part
  -0.0799   0.0000
   0.0000  -0.0799
 CyGBand takes    0 h  0 m  0.04 s(cpu).
                  0 h  0 m  0.24 s(wall).
 total number of impurities =    1
 impurity imap indices:
       1
 impurity num_spin_orbitals:
       2
 transformation db_to_sab read in.
 imp =  1 v2e(1,1,1,1) = 2.00
 mott localized orbital info:
 i=  1 nsorb= 0 nelect= 0
 e_mol = -1.2490870 e_tot = -1.4088343
************     nks-unsym  ************
 imp=  1
 real part
   0.5192   0.0000
   0.0000   0.5192
   sub_tot=  1.038432
 imp=  1 eigen values of nks-unsym:
    0.5192    0.5192
************       nks-sym  ************
 imp=  1
 real part
   0.5192   0.0000
   0.0000   0.5192
   sub_tot=  1.038432
 max error due to symm in nks =     0.000000
 imp=  1 eigen values of   nks-sym:
    0.5192    0.5192
 nele_loc total:
       0.51922   0.51922
************     ncv-unsym  ************
 imp=  1
 real part
   0.5192  -0.0000
  -0.0000   0.5192
   sub_tot=  1.038432
************       ncv-sym  ************
 imp=  1
 real part
   0.5192   0.0000
   0.0000   0.5192
   sub_tot=  1.038432
 max error due to symm in ncv =     0.000000
************    isimix-var  ************
 imp=  1
 real part
   2.0015   0.0000
   0.0000   2.0015
************        r0-out  ************
 imp=  1
 real part
   0.3992   0.0000
   0.0000   0.3992
************         r-out  ************
 imp=  1
 real part
   0.7990   0.0000
   0.0000   0.7990
************     r-out-sym  ************
 imp=  1
 real part
   0.7990   0.0000
   0.0000   0.7990
 max error due to symm in r-out =     0.000000
************     z-out-sym  ************
 imp=  1
 real part
   0.6383   0.0000
   0.0000   0.6383
 imp=  1 eigen values of         z:
    0.6383    0.6383
 maxerr =     0.000002
 CyGErr takes    0 h  0 m  0.03 s(cpu).
                 0 h  0 m  0.22 s(wall).
 total number of impurities =    1
 impurity imap indices:
       1
 impurity num_spin_orbitals:
       2
 transformation db_to_sab read in.
 imp =  1 v2e(1,1,1,1) = 2.00
 mott localized orbital info:
 i=  1 nsorb= 0 nelect= 0
 ispin_in= 1 iso= 1 ispin= 1 ispo= 1
************     h1e-unsym  ************
 imp=  1
 real part
  -1.0000   0.0000
   0.0000  -1.0000
   orbital splitting:
   0.00000   0.00000
 imp=  1 eigen values of h1e-unsym:
   -1.0000   -1.0000
************       h1e-sym  ************
 imp=  1
 real part
  -1.0000   0.0000
   0.0000  -1.0000
   orbital splitting:
   0.00000   0.00000
 imp=  1 eigen values of   h1e-sym:
   -1.0000   -1.0000
 max error due to symm in h1e =     0.000000
 min/max(this%ne(1,:,:))=       2       2
 min/max(this%ne(2,:,:))=       1       1
 min/max(this%ne(3,:,:))=       2       2
 this%nmax=   2
 valence electrons: total=     0.0
         correlated block=     0.0
 no double counting.
************          r-in  ************
 imp=  1
 real part
   0.7990   0.0000
   0.0000   0.7990
************        la1-in  ************
 imp=  1
 real part
   0.0596   0.0000
   0.0000   0.0596
 calc_band_all takes    0 h  0 m  0.01 s(cpu).
                        0 h  0 m  0.01 s(wall).
 gutz fermi level=      0.00000000
************     nks-unsym  ************
 imp=  1
 real part
   0.5192   0.0000
   0.0000   0.5192
   sub_tot=  1.038432
 imp=  1 eigen values of nks-unsym:
    0.5192    0.5192
************       nks-sym  ************
 imp=  1
 real part
   0.5192   0.0000
   0.0000   0.5192
   sub_tot=  1.038432
 max error due to symm in nks =     0.000000
 imp=  1 eigen values of   nks-sym:
    0.5192    0.5192
 nele_loc total:
       0.51922   0.51922
************    isimix-var  ************
 imp=  1
 real part
   2.0015   0.0000
   0.0000   2.0015
************      d0-unsym  ************
 imp=  1
 real part
  -0.1650   0.0000
   0.0000  -0.1650
************        d0-sym  ************
 imp=  1
 real part
  -0.1650   0.0000
   0.0000  -0.1650
 max error due to symm in d0 =     0.000000
************         d-sym  ************
 imp=  1
 real part
  -0.3302   0.0000
   0.0000  -0.3302
************           la2  ************
 imp=  1
 real part
  -0.0799   0.0000
   0.0000  -0.0799
 e_mol = -1.2490870 e_tot = -1.4088343
************     ncv-unsym  ************
 imp=  1
 real part
   0.5192  -0.0000
  -0.0000   0.5192
   sub_tot=  1.038432
************       ncv-sym  ************
 imp=  1
 real part
   0.5192   0.0000
   0.0000   0.5192
   sub_tot=  1.038432
 max error due to symm in ncv =     0.000000
************     ncp-unsym  ************
 imp=  1
 real part
   0.5192   0.0000
   0.0000   0.5192
   sub_tot=  1.038432
************       ncp-sym  ************
 imp=  1
 real part
   0.5192   0.0000
   0.0000   0.5192
   sub_tot=  1.038432
 max error due to symm in ncp =     0.000000
 imp=  1 sum_phy-sum_var=     -0.00000000
        sum_phy-sum_ks =     -0.00000008 would be renormalized!
************    ncp-renorm  ************
 imp=  1
 real part
   0.5192   0.0000
   0.0000   0.5192
   sub_tot=  1.038432
************    isimix-var  ************
 imp=  1
 real part
   2.0015   0.0000
   0.0000   2.0015
************        r0-out  ************
 imp=  1
 real part
   0.3992   0.0000
   0.0000   0.3992
************         r-out  ************
 imp=  1
 real part
   0.7990   0.0000
   0.0000   0.7990
************     r-out-sym  ************
 imp=  1
 real part
   0.7990   0.0000
   0.0000   0.7990
 max error due to symm in r-out =     0.000000
************     z-out-sym  ************
 imp=  1
 real part
   0.6383   0.0000
   0.0000   0.6383
 imp=  1 eigen values of         z:
    0.6383    0.6383
 e_total_model = -1.4999723
 total number of electrons in simulation: 2.00000
 maximal local symmetrization error =    0.00000
 CyGFinal takes    0 h  0 m  0.04 s(cpu).
                   0 h  0 m  0.24 s(wall).
 total number of impurities =    1
 impurity imap indices:
       1
 impurity num_spin_orbitals:
       2
 transformation db_to_sab read in.
 imp =  1 v2e(1,1,1,1) = 2.00
 mott localized orbital info:
 i=  1 nsorb= 0 nelect= 0
 ispin_in= 1 iso= 1 ispin= 1 ispo= 1
************     h1e-unsym  ************
 imp=  1
 real part
  -1.0000   0.0000
   0.0000  -1.0000
   orbital splitting:
   0.00000   0.00000
 imp=  1 eigen values of h1e-unsym:
   -1.0000   -1.0000
************       h1e-sym  ************
 imp=  1
 real part
  -1.0000   0.0000
   0.0000  -1.0000
   orbital splitting:
   0.00000   0.00000
 imp=  1 eigen values of   h1e-sym:
   -1.0000   -1.0000
 max error due to symm in h1e =     0.000000
 min/max(this%ne(1,:,:))=       2       2
 min/max(this%ne(2,:,:))=       1       1
 min/max(this%ne(3,:,:))=       2       2
 this%nmax=   2
 valence electrons: total=     0.0
         correlated block=     0.0
 no double counting.
************          r-in  ************
 imp=  1
 real part
   0.7990   0.0000
   0.0000   0.7990
************        la1-in  ************
 imp=  1
 real part
   0.0596   0.0000
   0.0000   0.0596
 calc_band_all takes    0 h  0 m  0.01 s(cpu).
                        0 h  0 m  0.01 s(wall).
 gutz fermi level=      0.00000000
************     nks-unsym  ************
 imp=  1
 real part
   0.5192   0.0000
   0.0000   0.5192
   sub_tot=  1.038432
 imp=  1 eigen values of nks-unsym:
    0.5192    0.5192
************       nks-sym  ************
 imp=  1
 real part
   0.5192   0.0000
   0.0000   0.5192
   sub_tot=  1.038432
 max error due to symm in nks =     0.000000
 imp=  1 eigen values of   nks-sym:
    0.5192    0.5192
 nele_loc total:
       0.51922   0.51922
************    isimix-var  ************
 imp=  1
 real part
   2.0015   0.0000
   0.0000   2.0015
************      d0-unsym  ************
 imp=  1
 real part
  -0.1650   0.0000
   0.0000  -0.1650
************        d0-sym  ************
 imp=  1
 real part
  -0.1650   0.0000
   0.0000  -0.1650
 max error due to symm in d0 =     0.000000
************         d-sym  ************
 imp=  1
 real part
  -0.3302   0.0000
   0.0000  -0.3302
************           la2  ************
 imp=  1
 real part
  -0.0799   0.0000
   0.0000  -0.0799
 e_mol = -1.2490870 e_tot = -1.4088343
************     ncv-unsym  ************
 imp=  1
 real part
   0.5192  -0.0000
  -0.0000   0.5192
   sub_tot=  1.038432
************       ncv-sym  ************
 imp=  1
 real part
   0.5192   0.0000
   0.0000   0.5192
   sub_tot=  1.038432
 max error due to symm in ncv =     0.000000
************     ncp-unsym  ************
 imp=  1
 real part
   0.5192   0.0000
   0.0000   0.5192
   sub_tot=  1.038432
************       ncp-sym  ************
 imp=  1
 real part
   0.5192   0.0000
   0.0000   0.5192
   sub_tot=  1.038432
 max error due to symm in ncp =     0.000000
 imp=  1 sum_phy-sum_var=     -0.00000000
        sum_phy-sum_ks =     -0.00000008 would be renormalized!
************    ncp-renorm  ************
 imp=  1
 real part
   0.5192   0.0000
   0.0000   0.5192
   sub_tot=  1.038432
************    isimix-var  ************
 imp=  1
 real part
   2.0015   0.0000
   0.0000   2.0015
************        r0-out  ************
 imp=  1
 real part
   0.3992   0.0000
   0.0000   0.3992
************         r-out  ************
 imp=  1
 real part
   0.7990   0.0000
   0.0000   0.7990
************     r-out-sym  ************
 imp=  1
 real part
   0.7990   0.0000
   0.0000   0.7990
 max error due to symm in r-out =     0.000000
************     z-out-sym  ************
 imp=  1
 real part
   0.6383   0.0000
   0.0000   0.6383
 imp=  1 eigen values of         z:
    0.6383    0.6383
 e_total_model = -1.4999723
 total number of electrons in simulation: 2.00000
 maximal local symmetrization error =    0.00000
 CyGFinal takes    0 h  0 m  0.04 s(cpu).
                   0 h  0 m  0.24 s(wall).
