 total number of impurities =    1
 impurity imap indices:
       1
 impurity num_spin_orbitals:
       2
 transformation db_to_sab read in.
 imp =  1 v2e(1,1,1,1) = 2.00
 mott localized orbital info:
 i=  1 nsorb= 2 nelect= 1
    idx_orb=  1  2
 ispin_in= 1 iso= 1 ispin= 1 ispo= 1
************     h1e-unsym  ************
 imp=  1
 real part
  -1.0000   0.0000
   0.0000  -1.0000
   orbital splitting:
   0.00000   0.00000
 imp=  1 eigen values of h1e-unsym:
   -1.0000   -1.0000
************       h1e-sym  ************
 imp=  1
 real part
  -1.0000   0.0000
   0.0000  -1.0000
   orbital splitting:
   0.00000   0.00000
 imp=  1 eigen values of   h1e-sym:
   -1.0000   -1.0000
 max error due to symm in h1e =     0.000000
 min/max(this%ne(1,:,:))=       2       2
 min/max(this%ne(2,:,:))=       1       1
 min/max(this%ne(3,:,:))=       2       2
 this%nmax=   2
 valence electrons: total=     0.0
         correlated block=     0.0
 correlated block: emin/emix=   -1.1400    2.0501
 calc_band_all takes    0 h  0 m  0.01 s(cpu).
                        0 h  0 m  0.01 s(wall).
 gutz fermi level=      0.00000000
************     nks-unsym  ************
 imp=  1
 real part
   0.9583   0.0000
   0.0000   0.9583
   sub_tot=  1.916545
 imp=  1 eigen values of nks-unsym:
    0.9583    0.9583
************       nks-sym  ************
 imp=  1
 real part
   0.9583   0.0000
   0.0000   0.9583
   sub_tot=  1.916545
 max error due to symm in nks =     0.000000
 imp=  1 eigen values of   nks-sym:
    0.9583    0.9583
 nele_loc total:
       0.95827   0.95827
 no double counting.
************         r-inp  ************
 imp=  1
 real part
   0.0000   0.0000
   0.0000   0.0000
************     r-inp-sym  ************
 imp=  1
 real part
   0.0000   0.0000
   0.0000   0.0000
 max error due to symm in r-inp =     0.000000
************       la1-inp  ************
 imp=  1
 real part
   0.0000   0.0000
   0.0000   0.0000
************   la1-inp-sym  ************
 imp=  1
 real part
   0.0000   0.0000
   0.0000   0.0000
 max error due to symm in la1-inp =     0.000000
 maximal local symmetrization error =    0.00000
 CyGInit takes    0 h  0 m  0.05 s(cpu).
                  0 h  0 m  0.24 s(wall).
 total number of impurities =    1
 impurity imap indices:
       1
 impurity num_spin_orbitals:
       2
 transformation db_to_sab read in.
 imp =  1 v2e(1,1,1,1) = 2.00
 mott localized orbital info:
 i=  1 nsorb= 2 nelect= 1
    idx_orb=  1  2
 ispin_in= 1 iso= 1 ispin= 1 ispo= 1
************     h1e-unsym  ************
 imp=  1
 real part
  -1.0000   0.0000
   0.0000  -1.0000
   orbital splitting:
   0.00000   0.00000
 imp=  1 eigen values of h1e-unsym:
   -1.0000   -1.0000
************       h1e-sym  ************
 imp=  1
 real part
  -1.0000   0.0000
   0.0000  -1.0000
   orbital splitting:
   0.00000   0.00000
 imp=  1 eigen values of   h1e-sym:
   -1.0000   -1.0000
 max error due to symm in h1e =     0.000000
 min/max(this%ne(1,:,:))=       2       2
 min/max(this%ne(2,:,:))=       1       1
 min/max(this%ne(3,:,:))=       2       2
 this%nmax=   2
 valence electrons: total=     0.0
         correlated block=     0.0
 no double counting.
************          r-in  ************
 imp=  1
 real part
   0.0000   0.0000
   0.0000   0.0000
************        la1-in  ************
 imp=  1
 real part
  30.0000   0.0000
   0.0000  30.0000
 calc_band_all takes    0 h  0 m  0.01 s(cpu).
                        0 h  0 m  0.01 s(wall).
 gutz fermi level=      0.00000000
************     nks-unsym  ************
 imp=  1
 real part
   0.5000   0.0000
   0.0000   0.5000
   sub_tot=  1.000000
 imp=  1 eigen values of nks-unsym:
    0.5000    0.5000
************       nks-sym  ************
 imp=  1
 real part
   0.5000   0.0000
   0.0000   0.5000
   sub_tot=  1.000000
 max error due to symm in nks =     0.000000
 imp=  1 eigen values of   nks-sym:
    0.5000    0.5000
 nele_loc total:
       0.50000   0.50000
************    isimix-var  ************
 imp=  1
 real part
   2.0000   0.0000
   0.0000   2.0000
************      d0-unsym  ************
 imp=  1
 real part
   0.0000   0.0000
   0.0000   0.0000
************        d0-sym  ************
 imp=  1
 real part
   0.0000   0.0000
   0.0000   0.0000
 max error due to symm in d0 =     0.000000
************         d-sym  ************
 imp=  1
 real part
   0.0000   0.0000
   0.0000   0.0000
************           la2  ************
 imp=  1
 real part
   0.0000   0.0000
   0.0000   0.0000
 CyGBand takes    0 h  0 m  0.04 s(cpu).
                  0 h  0 m  0.24 s(wall).
 total number of impurities =    1
 impurity imap indices:
       1
 impurity num_spin_orbitals:
       2
 transformation db_to_sab read in.
 imp =  1 v2e(1,1,1,1) = 2.00
 mott localized orbital info:
 i=  1 nsorb= 2 nelect= 1
    idx_orb=  1  2
 e_mol = -1.0689484 e_tot = -1.0689484
************     nks-unsym  ************
 imp=  1
 real part
   0.5000   0.0000
   0.0000   0.5000
   sub_tot=  1.000000
 imp=  1 eigen values of nks-unsym:
    0.5000    0.5000
************       nks-sym  ************
 imp=  1
 real part
   0.5000   0.0000
   0.0000   0.5000
   sub_tot=  1.000000
 max error due to symm in nks =     0.000000
 imp=  1 eigen values of   nks-sym:
    0.5000    0.5000
 nele_loc total:
       0.50000   0.50000
************     ncv-unsym  ************
 imp=  1
 real part
  -0.0007  -0.0000
  -0.0000  -0.0007
   sub_tot= -0.001352
************       ncv-sym  ************
 imp=  1
 real part
  -0.0007   0.0000
   0.0000  -0.0007
   sub_tot= -0.001352
 max error due to symm in ncv =     0.000000
************    isimix-var  ************
 imp=  1
 real part
   2.0000   0.0000
   0.0000   2.0000
************        r0-out  ************
 imp=  1
 real part
  -0.0038   0.0000
   0.0000  -0.0038
************         r-out  ************
 imp=  1
 real part
  -0.0076   0.0000
   0.0000  -0.0076
************     r-out-sym  ************
 imp=  1
 real part
  -0.0076   0.0000
   0.0000  -0.0076
 max error due to symm in r-out =     0.000000
************     z-out-sym  ************
 imp=  1
 real part
   0.0001   0.0000
   0.0000   0.0001
 imp=  1 eigen values of         z:
    0.0001    0.0001
 maxerr =     0.000000
 CyGErr takes    0 h  0 m  0.03 s(cpu).
                 0 h  0 m  0.23 s(wall).
 total number of impurities =    1
 impurity imap indices:
       1
 impurity num_spin_orbitals:
       2
 transformation db_to_sab read in.
 imp =  1 v2e(1,1,1,1) = 2.00
 mott localized orbital info:
 i=  1 nsorb= 2 nelect= 1
    idx_orb=  1  2
 ispin_in= 1 iso= 1 ispin= 1 ispo= 1
************     h1e-unsym  ************
 imp=  1
 real part
  -1.0000   0.0000
   0.0000  -1.0000
   orbital splitting:
   0.00000   0.00000
 imp=  1 eigen values of h1e-unsym:
   -1.0000   -1.0000
************       h1e-sym  ************
 imp=  1
 real part
  -1.0000   0.0000
   0.0000  -1.0000
   orbital splitting:
   0.00000   0.00000
 imp=  1 eigen values of   h1e-sym:
   -1.0000   -1.0000
 max error due to symm in h1e =     0.000000
 min/max(this%ne(1,:,:))=       2       2
 min/max(this%ne(2,:,:))=       1       1
 min/max(this%ne(3,:,:))=       2       2
 this%nmax=   2
 valence electrons: total=     0.0
         correlated block=     0.0
 no double counting.
************          r-in  ************
 imp=  1
 real part
   0.0000   0.0000
   0.0000   0.0000
************        la1-in  ************
 imp=  1
 real part
  30.0000   0.0000
   0.0000  30.0000
 calc_band_all takes    0 h  0 m  0.01 s(cpu).
                        0 h  0 m  0.01 s(wall).
 gutz fermi level=      0.00000000
************     nks-unsym  ************
 imp=  1
 real part
   0.5000   0.0000
   0.0000   0.5000
   sub_tot=  1.000000
 imp=  1 eigen values of nks-unsym:
    0.5000    0.5000
************       nks-sym  ************
 imp=  1
 real part
   0.5000   0.0000
   0.0000   0.5000
   sub_tot=  1.000000
 max error due to symm in nks =     0.000000
 imp=  1 eigen values of   nks-sym:
    0.5000    0.5000
 nele_loc total:
       0.50000   0.50000
************    isimix-var  ************
 imp=  1
 real part
   2.0000   0.0000
   0.0000   2.0000
************      d0-unsym  ************
 imp=  1
 real part
   0.0000   0.0000
   0.0000   0.0000
************        d0-sym  ************
 imp=  1
 real part
   0.0000   0.0000
   0.0000   0.0000
 max error due to symm in d0 =     0.000000
************         d-sym  ************
 imp=  1
 real part
   0.0000   0.0000
   0.0000   0.0000
************           la2  ************
 imp=  1
 real part
   0.0000   0.0000
   0.0000   0.0000
 e_mol = -1.0689484 e_tot = -1.0689484
************     ncv-unsym  ************
 imp=  1
 real part
  -0.0007  -0.0000
  -0.0000  -0.0007
   sub_tot= -0.001352
************       ncv-sym  ************
 imp=  1
 real part
  -0.0007   0.0000
   0.0000  -0.0007
   sub_tot= -0.001352
 max error due to symm in ncv =     0.000000
************     ncp-unsym  ************
 imp=  1
 real part
  -0.0007   0.0000
   0.0000  -0.0007
   sub_tot= -0.001352
************       ncp-sym  ************
 imp=  1
 real part
  -0.0007   0.0000
   0.0000  -0.0007
   sub_tot= -0.001352
 max error due to symm in ncp =     0.000000
 imp=  1 sum_phy-sum_var=     -0.00000000
        sum_phy-sum_ks =     -1.00135245 would be renormalized!
************    ncp-renorm  ************
 imp=  1
 real part
   0.0000   0.0000
   0.0000   0.0000
   sub_tot=  0.000000
************    isimix-var  ************
 imp=  1
 real part
   2.0000   0.0000
   0.0000   2.0000
************        r0-out  ************
 imp=  1
 real part
  -0.0038   0.0000
   0.0000  -0.0038
************         r-out  ************
 imp=  1
 real part
  -0.0076   0.0000
   0.0000  -0.0076
************     r-out-sym  ************
 imp=  1
 real part
  -0.0076   0.0000
   0.0000  -0.0076
 max error due to symm in r-out =     0.000000
************     z-out-sym  ************
 imp=  1
 real part
   0.0001   0.0000
   0.0000   0.0001
 imp=  1 eigen values of         z:
    0.0001    0.0001
 e_total_model = -1.0759440
 total number of electrons in simulation: 1.00032
 maximal local symmetrization error =    0.00000
 CyGFinal takes    0 h  0 m  0.04 s(cpu).
                   0 h  0 m  0.24 s(wall).
 total number of impurities =    1
 impurity imap indices:
       1
 impurity num_spin_orbitals:
       2
 transformation db_to_sab read in.
 imp =  1 v2e(1,1,1,1) = 2.00
 mott localized orbital info:
 i=  1 nsorb= 2 nelect= 1
    idx_orb=  1  2
 ispin_in= 1 iso= 1 ispin= 1 ispo= 1
************     h1e-unsym  ************
 imp=  1
 real part
  -1.0000   0.0000
   0.0000  -1.0000
   orbital splitting:
   0.00000   0.00000
 imp=  1 eigen values of h1e-unsym:
   -1.0000   -1.0000
************       h1e-sym  ************
 imp=  1
 real part
  -1.0000   0.0000
   0.0000  -1.0000
   orbital splitting:
   0.00000   0.00000
 imp=  1 eigen values of   h1e-sym:
   -1.0000   -1.0000
 max error due to symm in h1e =     0.000000
 min/max(this%ne(1,:,:))=       2       2
 min/max(this%ne(2,:,:))=       1       1
 min/max(this%ne(3,:,:))=       2       2
 this%nmax=   2
 valence electrons: total=     0.0
         correlated block=     0.0
 no double counting.
************          r-in  ************
 imp=  1
 real part
   0.0000   0.0000
   0.0000   0.0000
************        la1-in  ************
 imp=  1
 real part
  30.0000   0.0000
   0.0000  30.0000
 calc_band_all takes    0 h  0 m  0.01 s(cpu).
                        0 h  0 m  0.01 s(wall).
 gutz fermi level=      0.00000000
************     nks-unsym  ************
 imp=  1
 real part
   0.5000   0.0000
   0.0000   0.5000
   sub_tot=  1.000000
 imp=  1 eigen values of nks-unsym:
    0.5000    0.5000
************       nks-sym  ************
 imp=  1
 real part
   0.5000   0.0000
   0.0000   0.5000
   sub_tot=  1.000000
 max error due to symm in nks =     0.000000
 imp=  1 eigen values of   nks-sym:
    0.5000    0.5000
 nele_loc total:
       0.50000   0.50000
************    isimix-var  ************
 imp=  1
 real part
   2.0000   0.0000
   0.0000   2.0000
************      d0-unsym  ************
 imp=  1
 real part
   0.0000   0.0000
   0.0000   0.0000
************        d0-sym  ************
 imp=  1
 real part
   0.0000   0.0000
   0.0000   0.0000
 max error due to symm in d0 =     0.000000
************         d-sym  ************
 imp=  1
 real part
   0.0000   0.0000
   0.0000   0.0000
************           la2  ************
 imp=  1
 real part
   0.0000   0.0000
   0.0000   0.0000
 CyGBand takes    0 h  0 m  0.04 s(cpu).
                  0 h  0 m  0.24 s(wall).
 total number of impurities =    1
 impurity imap indices:
       1
 impurity num_spin_orbitals:
       2
 transformation db_to_sab read in.
 imp =  1 v2e(1,1,1,1) = 2.00
 mott localized orbital info:
 i=  1 nsorb= 2 nelect= 1
    idx_orb=  1  2
 e_mol = -1.0373677 e_tot = -1.0373677
************     nks-unsym  ************
 imp=  1
 real part
   0.5000   0.0000
   0.0000   0.5000
   sub_tot=  1.000000
 imp=  1 eigen values of nks-unsym:
    0.5000    0.5000
************       nks-sym  ************
 imp=  1
 real part
   0.5000   0.0000
   0.0000   0.5000
   sub_tot=  1.000000
 max error due to symm in nks =     0.000000
 imp=  1 eigen values of   nks-sym:
    0.5000    0.5000
 nele_loc total:
       0.50000   0.50000
************     ncv-unsym  ************
 imp=  1
 real part
   0.0107  -0.0000
  -0.0000   0.0107
   sub_tot=  0.021369
************       ncv-sym  ************
 imp=  1
 real part
   0.0107   0.0000
   0.0000   0.0107
   sub_tot=  0.021369
 max error due to symm in ncv =     0.000000
************    isimix-var  ************
 imp=  1
 real part
   2.0000   0.0000
   0.0000   2.0000
************        r0-out  ************
 imp=  1
 real part
  -0.0040   0.0000
   0.0000  -0.0040
************         r-out  ************
 imp=  1
 real part
  -0.0079   0.0000
   0.0000  -0.0079
************     r-out-sym  ************
 imp=  1
 real part
  -0.0079   0.0000
   0.0000  -0.0079
 max error due to symm in r-out =     0.000000
************     z-out-sym  ************
 imp=  1
 real part
   0.0001   0.0000
   0.0000   0.0001
 imp=  1 eigen values of         z:
    0.0001    0.0001
 maxerr =     0.000000
 CyGErr takes    0 h  0 m  0.03 s(cpu).
                 0 h  0 m  0.22 s(wall).
 total number of impurities =    1
 impurity imap indices:
       1
 impurity num_spin_orbitals:
       2
 transformation db_to_sab read in.
 imp =  1 v2e(1,1,1,1) = 2.00
 mott localized orbital info:
 i=  1 nsorb= 2 nelect= 1
    idx_orb=  1  2
 ispin_in= 1 iso= 1 ispin= 1 ispo= 1
************     h1e-unsym  ************
 imp=  1
 real part
  -1.0000   0.0000
   0.0000  -1.0000
   orbital splitting:
   0.00000   0.00000
 imp=  1 eigen values of h1e-unsym:
   -1.0000   -1.0000
************       h1e-sym  ************
 imp=  1
 real part
  -1.0000   0.0000
   0.0000  -1.0000
   orbital splitting:
   0.00000   0.00000
 imp=  1 eigen values of   h1e-sym:
   -1.0000   -1.0000
 max error due to symm in h1e =     0.000000
 min/max(this%ne(1,:,:))=       2       2
 min/max(this%ne(2,:,:))=       1       1
 min/max(this%ne(3,:,:))=       2       2
 this%nmax=   2
 valence electrons: total=     0.0
         correlated block=     0.0
 no double counting.
************          r-in  ************
 imp=  1
 real part
   0.0000   0.0000
   0.0000   0.0000
************        la1-in  ************
 imp=  1
 real part
  30.0000   0.0000
   0.0000  30.0000
 calc_band_all takes    0 h  0 m  0.01 s(cpu).
                        0 h  0 m  0.01 s(wall).
 gutz fermi level=      0.00000000
************     nks-unsym  ************
 imp=  1
 real part
   0.5000   0.0000
   0.0000   0.5000
   sub_tot=  1.000000
 imp=  1 eigen values of nks-unsym:
    0.5000    0.5000
************       nks-sym  ************
 imp=  1
 real part
   0.5000   0.0000
   0.0000   0.5000
   sub_tot=  1.000000
 max error due to symm in nks =     0.000000
 imp=  1 eigen values of   nks-sym:
    0.5000    0.5000
 nele_loc total:
       0.50000   0.50000
************    isimix-var  ************
 imp=  1
 real part
   2.0000   0.0000
   0.0000   2.0000
************      d0-unsym  ************
 imp=  1
 real part
   0.0000   0.0000
   0.0000   0.0000
************        d0-sym  ************
 imp=  1
 real part
   0.0000   0.0000
   0.0000   0.0000
 max error due to symm in d0 =     0.000000
************         d-sym  ************
 imp=  1
 real part
   0.0000   0.0000
   0.0000   0.0000
************           la2  ************
 imp=  1
 real part
   0.0000   0.0000
   0.0000   0.0000
 e_mol = -1.0373677 e_tot = -1.0373677
************     ncv-unsym  ************
 imp=  1
 real part
   0.0107  -0.0000
  -0.0000   0.0107
   sub_tot=  0.021369
************       ncv-sym  ************
 imp=  1
 real part
   0.0107   0.0000
   0.0000   0.0107
   sub_tot=  0.021369
 max error due to symm in ncv =     0.000000
************     ncp-unsym  ************
 imp=  1
 real part
   0.0107   0.0000
   0.0000   0.0107
   sub_tot=  0.021369
************       ncp-sym  ************
 imp=  1
 real part
   0.0107   0.0000
   0.0000   0.0107
   sub_tot=  0.021369
 max error due to symm in ncp =     0.000000
 imp=  1 sum_phy-sum_var=     -0.00000000
        sum_phy-sum_ks =     -0.97863132 would be renormalized!
************    ncp-renorm  ************
 imp=  1
 real part
   0.5000   0.0000
   0.0000   0.5000
   sub_tot=  1.000000
************    isimix-var  ************
 imp=  1
 real part
   2.0000   0.0000
   0.0000   2.0000
************        r0-out  ************
 imp=  1
 real part
  -0.0040   0.0000
   0.0000  -0.0040
************         r-out  ************
 imp=  1
 real part
  -0.0079   0.0000
   0.0000  -0.0079
************     r-out-sym  ************
 imp=  1
 real part
  -0.0079   0.0000
   0.0000  -0.0079
 max error due to symm in r-out =     0.000000
************     z-out-sym  ************
 imp=  1
 real part
   0.0001   0.0000
   0.0000   0.0001
 imp=  1 eigen values of         z:
    0.0001    0.0001
 e_total_model = -2.0216422
 total number of electrons in simulation: 1.00032
 maximal local symmetrization error =    0.00000
 CyGFinal takes    0 h  0 m  0.05 s(cpu).
                   0 h  0 m  0.24 s(wall).
 total number of impurities =    1
 impurity imap indices:
       1
 impurity num_spin_orbitals:
       2
 transformation db_to_sab read in.
 imp =  1 v2e(1,1,1,1) = 2.00
 mott localized orbital info:
 i=  1 nsorb= 2 nelect= 1
    idx_orb=  1  2
 ispin_in= 1 iso= 1 ispin= 1 ispo= 1
************     h1e-unsym  ************
 imp=  1
 real part
  -1.0000   0.0000
   0.0000  -1.0000
   orbital splitting:
   0.00000   0.00000
 imp=  1 eigen values of h1e-unsym:
   -1.0000   -1.0000
************       h1e-sym  ************
 imp=  1
 real part
  -1.0000   0.0000
   0.0000  -1.0000
   orbital splitting:
   0.00000   0.00000
 imp=  1 eigen values of   h1e-sym:
   -1.0000   -1.0000
 max error due to symm in h1e =     0.000000
 min/max(this%ne(1,:,:))=       2       2
 min/max(this%ne(2,:,:))=       1       1
 min/max(this%ne(3,:,:))=       2       2
 this%nmax=   2
 valence electrons: total=     0.0
         correlated block=     0.0
 no double counting.
************          r-in  ************
 imp=  1
 real part
   0.0000   0.0000
   0.0000   0.0000
************        la1-in  ************
 imp=  1
 real part
  30.0000   0.0000
   0.0000  30.0000
 calc_band_all takes    0 h  0 m  0.01 s(cpu).
                        0 h  0 m  0.01 s(wall).
 gutz fermi level=      0.00000000
************     nks-unsym  ************
 imp=  1
 real part
   0.5000   0.0000
   0.0000   0.5000
   sub_tot=  1.000000
 imp=  1 eigen values of nks-unsym:
    0.5000    0.5000
************       nks-sym  ************
 imp=  1
 real part
   0.5000   0.0000
   0.0000   0.5000
   sub_tot=  1.000000
 max error due to symm in nks =     0.000000
 imp=  1 eigen values of   nks-sym:
    0.5000    0.5000
 nele_loc total:
       0.50000   0.50000
************    isimix-var  ************
 imp=  1
 real part
   2.0000   0.0000
   0.0000   2.0000
************      d0-unsym  ************
 imp=  1
 real part
   0.0000   0.0000
   0.0000   0.0000
************        d0-sym  ************
 imp=  1
 real part
   0.0000   0.0000
   0.0000   0.0000
 max error due to symm in d0 =     0.000000
************         d-sym  ************
 imp=  1
 real part
   0.0000   0.0000
   0.0000   0.0000
************           la2  ************
 imp=  1
 real part
   0.0000   0.0000
   0.0000   0.0000
 CyGBand takes    0 h  0 m  0.04 s(cpu).
                  0 h  0 m  0.24 s(wall).
 total number of impurities =    1
 impurity imap indices:
       1
 impurity num_spin_orbitals:
       2
 transformation db_to_sab read in.
 imp =  1 v2e(1,1,1,1) = 2.00
 mott localized orbital info:
 i=  1 nsorb= 2 nelect= 1
    idx_orb=  1  2
 e_mol = -1.0185185 e_tot = -1.0185185
************     nks-unsym  ************
 imp=  1
 real part
   0.5000   0.0000
   0.0000   0.5000
   sub_tot=  1.000000
 imp=  1 eigen values of nks-unsym:
    0.5000    0.5000
************       nks-sym  ************
 imp=  1
 real part
   0.5000   0.0000
   0.0000   0.5000
   sub_tot=  1.000000
 max error due to symm in nks =     0.000000
 imp=  1 eigen values of   nks-sym:
    0.5000    0.5000
 nele_loc total:
       0.50000   0.50000
************     ncv-unsym  ************
 imp=  1
 real part
   0.0284  -0.0000
  -0.0000   0.0284
   sub_tot=  0.056803
************       ncv-sym  ************
 imp=  1
 real part
   0.0284   0.0000
   0.0000   0.0284
   sub_tot=  0.056803
 max error due to symm in ncv =     0.000000
************    isimix-var  ************
 imp=  1
 real part
   2.0000   0.0000
   0.0000   2.0000
************        r0-out  ************
 imp=  1
 real part
   0.0024   0.0000
   0.0000   0.0024
************         r-out  ************
 imp=  1
 real part
   0.0048   0.0000
   0.0000   0.0048
************     r-out-sym  ************
 imp=  1
 real part
   0.0048   0.0000
   0.0000   0.0048
 max error due to symm in r-out =     0.000000
************     z-out-sym  ************
 imp=  1
 real part
   0.0000   0.0000
   0.0000   0.0000
 imp=  1 eigen values of         z:
    0.0000    0.0000
 maxerr =     0.000000
 CyGErr takes    0 h  0 m  0.03 s(cpu).
                 0 h  0 m  0.22 s(wall).
 total number of impurities =    1
 impurity imap indices:
       1
 impurity num_spin_orbitals:
       2
 transformation db_to_sab read in.
 imp =  1 v2e(1,1,1,1) = 2.00
 mott localized orbital info:
 i=  1 nsorb= 2 nelect= 1
    idx_orb=  1  2
 ispin_in= 1 iso= 1 ispin= 1 ispo= 1
************     h1e-unsym  ************
 imp=  1
 real part
  -1.0000   0.0000
   0.0000  -1.0000
   orbital splitting:
   0.00000   0.00000
 imp=  1 eigen values of h1e-unsym:
   -1.0000   -1.0000
************       h1e-sym  ************
 imp=  1
 real part
  -1.0000   0.0000
   0.0000  -1.0000
   orbital splitting:
   0.00000   0.00000
 imp=  1 eigen values of   h1e-sym:
   -1.0000   -1.0000
 max error due to symm in h1e =     0.000000
 min/max(this%ne(1,:,:))=       2       2
 min/max(this%ne(2,:,:))=       1       1
 min/max(this%ne(3,:,:))=       2       2
 this%nmax=   2
 valence electrons: total=     0.0
         correlated block=     0.0
 no double counting.
************          r-in  ************
 imp=  1
 real part
   0.0000   0.0000
   0.0000   0.0000
************        la1-in  ************
 imp=  1
 real part
  30.0000   0.0000
   0.0000  30.0000
 calc_band_all takes    0 h  0 m  0.01 s(cpu).
                        0 h  0 m  0.01 s(wall).
 gutz fermi level=      0.00000000
************     nks-unsym  ************
 imp=  1
 real part
   0.5000   0.0000
   0.0000   0.5000
   sub_tot=  1.000000
 imp=  1 eigen values of nks-unsym:
    0.5000    0.5000
************       nks-sym  ************
 imp=  1
 real part
   0.5000   0.0000
   0.0000   0.5000
   sub_tot=  1.000000
 max error due to symm in nks =     0.000000
 imp=  1 eigen values of   nks-sym:
    0.5000    0.5000
 nele_loc total:
       0.50000   0.50000
************    isimix-var  ************
 imp=  1
 real part
   2.0000   0.0000
   0.0000   2.0000
************      d0-unsym  ************
 imp=  1
 real part
   0.0000   0.0000
   0.0000   0.0000
************        d0-sym  ************
 imp=  1
 real part
   0.0000   0.0000
   0.0000   0.0000
 max error due to symm in d0 =     0.000000
************         d-sym  ************
 imp=  1
 real part
   0.0000   0.0000
   0.0000   0.0000
************           la2  ************
 imp=  1
 real part
   0.0000   0.0000
   0.0000   0.0000
 e_mol = -1.0185185 e_tot = -1.0185185
************     ncv-unsym  ************
 imp=  1
 real part
   0.0284  -0.0000
  -0.0000   0.0284
   sub_tot=  0.056803
************       ncv-sym  ************
 imp=  1
 real part
   0.0284   0.0000
   0.0000   0.0284
   sub_tot=  0.056803
 max error due to symm in ncv =     0.000000
************     ncp-unsym  ************
 imp=  1
 real part
   0.0284   0.0000
   0.0000   0.0284
   sub_tot=  0.056803
************       ncp-sym  ************
 imp=  1
 real part
   0.0284   0.0000
   0.0000   0.0284
   sub_tot=  0.056803
 max error due to symm in ncp =     0.000000
 imp=  1 sum_phy-sum_var=     -0.00000000
        sum_phy-sum_ks =     -0.94319719 would be renormalized!
************    ncp-renorm  ************
 imp=  1
 real part
   0.5000   0.0000
   0.0000   0.5000
   sub_tot=  1.000000
************    isimix-var  ************
 imp=  1
 real part
   2.0000   0.0000
   0.0000   2.0000
************        r0-out  ************
 imp=  1
 real part
   0.0024   0.0000
   0.0000   0.0024
************         r-out  ************
 imp=  1
 real part
   0.0048   0.0000
   0.0000   0.0048
************     r-out-sym  ************
 imp=  1
 real part
   0.0048   0.0000
   0.0000   0.0048
 max error due to symm in r-out =     0.000000
************     z-out-sym  ************
 imp=  1
 real part
   0.0000   0.0000
   0.0000   0.0000
 imp=  1 eigen values of         z:
    0.0000    0.0000
 e_total_model = -1.9673589
 total number of electrons in simulation: 1.00032
 maximal local symmetrization error =    0.00000
 CyGFinal takes    0 h  0 m  0.05 s(cpu).
                   0 h  0 m  0.24 s(wall).
 total number of impurities =    1
 impurity imap indices:
       1
 impurity num_spin_orbitals:
       2
 transformation db_to_sab read in.
 imp =  1 v2e(1,1,1,1) = 2.00
 mott localized orbital info:
 i=  1 nsorb= 2 nelect= 1
    idx_orb=  1  2
 ispin_in= 1 iso= 1 ispin= 1 ispo= 1
************     h1e-unsym  ************
 imp=  1
 real part
  -1.0000   0.0000
   0.0000  -1.0000
   orbital splitting:
   0.00000   0.00000
 imp=  1 eigen values of h1e-unsym:
   -1.0000   -1.0000
************       h1e-sym  ************
 imp=  1
 real part
  -1.0000   0.0000
   0.0000  -1.0000
   orbital splitting:
   0.00000   0.00000
 imp=  1 eigen values of   h1e-sym:
   -1.0000   -1.0000
 max error due to symm in h1e =     0.000000
 min/max(this%ne(1,:,:))=       2       2
 min/max(this%ne(2,:,:))=       1       1
 min/max(this%ne(3,:,:))=       2       2
 this%nmax=   2
 valence electrons: total=     0.0
         correlated block=     0.0
 no double counting.
************          r-in  ************
 imp=  1
 real part
   0.0000   0.0000
   0.0000   0.0000
************        la1-in  ************
 imp=  1
 real part
  30.0000   0.0000
   0.0000  30.0000
 calc_band_all takes    0 h  0 m  0.01 s(cpu).
                        0 h  0 m  0.01 s(wall).
 gutz fermi level=      0.00000000
************     nks-unsym  ************
 imp=  1
 real part
   0.5000   0.0000
   0.0000   0.5000
   sub_tot=  1.000000
 imp=  1 eigen values of nks-unsym:
    0.5000    0.5000
************       nks-sym  ************
 imp=  1
 real part
   0.5000   0.0000
   0.0000   0.5000
   sub_tot=  1.000000
 max error due to symm in nks =     0.000000
 imp=  1 eigen values of   nks-sym:
    0.5000    0.5000
 nele_loc total:
       0.50000   0.50000
************    isimix-var  ************
 imp=  1
 real part
   2.0000   0.0000
   0.0000   2.0000
************      d0-unsym  ************
 imp=  1
 real part
   0.0000   0.0000
   0.0000   0.0000
************        d0-sym  ************
 imp=  1
 real part
   0.0000   0.0000
   0.0000   0.0000
 max error due to symm in d0 =     0.000000
************         d-sym  ************
 imp=  1
 real part
   0.0000   0.0000
   0.0000   0.0000
************           la2  ************
 imp=  1
 real part
   0.0000   0.0000
   0.0000   0.0000
 CyGBand takes    0 h  0 m  0.04 s(cpu).
                  0 h  0 m  0.24 s(wall).
 total number of impurities =    1
 impurity imap indices:
       1
 impurity num_spin_orbitals:
       2
 transformation db_to_sab read in.
 imp =  1 v2e(1,1,1,1) = 2.00
 mott localized orbital info:
 i=  1 nsorb= 2 nelect= 1
    idx_orb=  1  2
 e_mol = -1.1180556 e_tot = -1.1180556
************     nks-unsym  ************
 imp=  1
 real part
   0.5000   0.0000
   0.0000   0.5000
   sub_tot=  1.000000
 imp=  1 eigen values of nks-unsym:
    0.5000    0.5000
************       nks-sym  ************
 imp=  1
 real part
   0.5000   0.0000
   0.0000   0.5000
   sub_tot=  1.000000
 max error due to symm in nks =     0.000000
 imp=  1 eigen values of   nks-sym:
    0.5000    0.5000
 nele_loc total:
       0.50000   0.50000
************     ncv-unsym  ************
 imp=  1
 real part
  -0.0220  -0.0000
  -0.0000  -0.0220
   sub_tot= -0.044090
************       ncv-sym  ************
 imp=  1
 real part
  -0.0220   0.0000
   0.0000  -0.0220
   sub_tot= -0.044090
 max error due to symm in ncv =     0.000000
************    isimix-var  ************
 imp=  1
 real part
   2.0000   0.0000
   0.0000   2.0000
************        r0-out  ************
 imp=  1
 real part
   0.0113   0.0000
   0.0000   0.0113
************         r-out  ************
 imp=  1
 real part
   0.0226   0.0000
   0.0000   0.0226
************     r-out-sym  ************
 imp=  1
 real part
   0.0226   0.0000
   0.0000   0.0226
 max error due to symm in r-out =     0.000000
************     z-out-sym  ************
 imp=  1
 real part
   0.0005   0.0000
   0.0000   0.0005
 imp=  1 eigen values of         z:
    0.0005    0.0005
 maxerr =     0.000000
 CyGErr takes    0 h  0 m  0.03 s(cpu).
                 0 h  0 m  0.22 s(wall).
 total number of impurities =    1
 impurity imap indices:
       1
 impurity num_spin_orbitals:
       2
 transformation db_to_sab read in.
 imp =  1 v2e(1,1,1,1) = 2.00
 mott localized orbital info:
 i=  1 nsorb= 2 nelect= 1
    idx_orb=  1  2
 ispin_in= 1 iso= 1 ispin= 1 ispo= 1
************     h1e-unsym  ************
 imp=  1
 real part
  -1.0000   0.0000
   0.0000  -1.0000
   orbital splitting:
   0.00000   0.00000
 imp=  1 eigen values of h1e-unsym:
   -1.0000   -1.0000
************       h1e-sym  ************
 imp=  1
 real part
  -1.0000   0.0000
   0.0000  -1.0000
   orbital splitting:
   0.00000   0.00000
 imp=  1 eigen values of   h1e-sym:
   -1.0000   -1.0000
 max error due to symm in h1e =     0.000000
 min/max(this%ne(1,:,:))=       2       2
 min/max(this%ne(2,:,:))=       1       1
 min/max(this%ne(3,:,:))=       2       2
 this%nmax=   2
 valence electrons: total=     0.0
         correlated block=     0.0
 no double counting.
************          r-in  ************
 imp=  1
 real part
   0.0000   0.0000
   0.0000   0.0000
************        la1-in  ************
 imp=  1
 real part
  30.0000   0.0000
   0.0000  30.0000
 calc_band_all takes    0 h  0 m  0.01 s(cpu).
                        0 h  0 m  0.01 s(wall).
 gutz fermi level=      0.00000000
************     nks-unsym  ************
 imp=  1
 real part
   0.5000   0.0000
   0.0000   0.5000
   sub_tot=  1.000000
 imp=  1 eigen values of nks-unsym:
    0.5000    0.5000
************       nks-sym  ************
 imp=  1
 real part
   0.5000   0.0000
   0.0000   0.5000
   sub_tot=  1.000000
 max error due to symm in nks =     0.000000
 imp=  1 eigen values of   nks-sym:
    0.5000    0.5000
 nele_loc total:
       0.50000   0.50000
************    isimix-var  ************
 imp=  1
 real part
   2.0000   0.0000
   0.0000   2.0000
************      d0-unsym  ************
 imp=  1
 real part
   0.0000   0.0000
   0.0000   0.0000
************        d0-sym  ************
 imp=  1
 real part
   0.0000   0.0000
   0.0000   0.0000
 max error due to symm in d0 =     0.000000
************         d-sym  ************
 imp=  1
 real part
   0.0000   0.0000
   0.0000   0.0000
************           la2  ************
 imp=  1
 real part
   0.0000   0.0000
   0.0000   0.0000
 e_mol = -1.1180556 e_tot = -1.1180556
************     ncv-unsym  ************
 imp=  1
 real part
  -0.0220  -0.0000
  -0.0000  -0.0220
   sub_tot= -0.044090
************       ncv-sym  ************
 imp=  1
 real part
  -0.0220   0.0000
   0.0000  -0.0220
   sub_tot= -0.044090
 max error due to symm in ncv =     0.000000
************     ncp-unsym  ************
 imp=  1
 real part
  -0.0220   0.0000
   0.0000  -0.0220
   sub_tot= -0.044090
************       ncp-sym  ************
 imp=  1
 real part
  -0.0220   0.0000
   0.0000  -0.0220
   sub_tot= -0.044090
 max error due to symm in ncp =     0.000000
 imp=  1 sum_phy-sum_var=     -0.00000000
        sum_phy-sum_ks =     -1.04408980 would be renormalized!
************    ncp-renorm  ************
 imp=  1
 real part
   0.0000   0.0000
   0.0000   0.0000
   sub_tot=  0.000000
************    isimix-var  ************
 imp=  1
 real part
   2.0000   0.0000
   0.0000   2.0000
************        r0-out  ************
 imp=  1
 real part
   0.0113   0.0000
   0.0000   0.0113
************         r-out  ************
 imp=  1
 real part
   0.0226   0.0000
   0.0000   0.0226
************     r-out-sym  ************
 imp=  1
 real part
   0.0226   0.0000
   0.0000   0.0226
 max error due to symm in r-out =     0.000000
************     z-out-sym  ************
 imp=  1
 real part
   0.0005   0.0000
   0.0000   0.0005
 imp=  1 eigen values of         z:
    0.0005    0.0005
 e_total_model = -1.1677885
 total number of electrons in simulation: 1.00032
 maximal local symmetrization error =    0.00000
 CyGFinal takes    0 h  0 m  0.05 s(cpu).
                   0 h  0 m  0.24 s(wall).
 total number of impurities =    1
 impurity imap indices:
       1
 impurity num_spin_orbitals:
       2
 transformation db_to_sab read in.
 imp =  1 v2e(1,1,1,1) = 2.00
 mott localized orbital info:
 i=  1 nsorb= 2 nelect= 1
    idx_orb=  1  2
 ispin_in= 1 iso= 1 ispin= 1 ispo= 1
************     h1e-unsym  ************
 imp=  1
 real part
  -1.0000   0.0000
   0.0000  -1.0000
   orbital splitting:
   0.00000   0.00000
 imp=  1 eigen values of h1e-unsym:
   -1.0000   -1.0000
************       h1e-sym  ************
 imp=  1
 real part
  -1.0000   0.0000
   0.0000  -1.0000
   orbital splitting:
   0.00000   0.00000
 imp=  1 eigen values of   h1e-sym:
   -1.0000   -1.0000
 max error due to symm in h1e =     0.000000
 min/max(this%ne(1,:,:))=       2       2
 min/max(this%ne(2,:,:))=       1       1
 min/max(this%ne(3,:,:))=       2       2
 this%nmax=   2
 valence electrons: total=     0.0
         correlated block=     0.0
 no double counting.
************          r-in  ************
 imp=  1
 real part
   0.0000   0.0000
   0.0000   0.0000
************        la1-in  ************
 imp=  1
 real part
  30.0000   0.0000
   0.0000  30.0000
 calc_band_all takes    0 h  0 m  0.01 s(cpu).
                        0 h  0 m  0.01 s(wall).
 gutz fermi level=      0.00000000
************     nks-unsym  ************
 imp=  1
 real part
   0.5000   0.0000
   0.0000   0.5000
   sub_tot=  1.000000
 imp=  1 eigen values of nks-unsym:
    0.5000    0.5000
************       nks-sym  ************
 imp=  1
 real part
   0.5000   0.0000
   0.0000   0.5000
   sub_tot=  1.000000
 max error due to symm in nks =     0.000000
 imp=  1 eigen values of   nks-sym:
    0.5000    0.5000
 nele_loc total:
       0.50000   0.50000
************    isimix-var  ************
 imp=  1
 real part
   2.0000   0.0000
   0.0000   2.0000
************      d0-unsym  ************
 imp=  1
 real part
   0.0000   0.0000
   0.0000   0.0000
************        d0-sym  ************
 imp=  1
 real part
   0.0000   0.0000
   0.0000   0.0000
 max error due to symm in d0 =     0.000000
************         d-sym  ************
 imp=  1
 real part
   0.0000   0.0000
   0.0000   0.0000
************           la2  ************
 imp=  1
 real part
   0.0000   0.0000
   0.0000   0.0000
 CyGBand takes    0 h  0 m  0.04 s(cpu).
                  0 h  0 m  0.24 s(wall).
 total number of impurities =    1
 impurity imap indices:
       1
 impurity num_spin_orbitals:
       2
 transformation db_to_sab read in.
 imp =  1 v2e(1,1,1,1) = 2.00
 mott localized orbital info:
 i=  1 nsorb= 2 nelect= 1
    idx_orb=  1  2
 e_mol = -1.1200397 e_tot = -1.1200397
************     nks-unsym  ************
 imp=  1
 real part
   0.5000   0.0000
   0.0000   0.5000
   sub_tot=  1.000000
 imp=  1 eigen values of nks-unsym:
    0.5000    0.5000
************       nks-sym  ************
 imp=  1
 real part
   0.5000   0.0000
   0.0000   0.5000
   sub_tot=  1.000000
 max error due to symm in nks =     0.000000
 imp=  1 eigen values of   nks-sym:
    0.5000    0.5000
 nele_loc total:
       0.50000   0.50000
************     ncv-unsym  ************
 imp=  1
 real part
  -0.0227  -0.0000
  -0.0000  -0.0227
   sub_tot= -0.045442
************       ncv-sym  ************
 imp=  1
 real part
  -0.0227   0.0000
   0.0000  -0.0227
   sub_tot= -0.045442
 max error due to symm in ncv =     0.000000
************    isimix-var  ************
 imp=  1
 real part
   2.0000   0.0000
   0.0000   2.0000
************        r0-out  ************
 imp=  1
 real part
   0.0270   0.0000
   0.0000   0.0270
************         r-out  ************
 imp=  1
 real part
   0.0540   0.0000
   0.0000   0.0540
************     r-out-sym  ************
 imp=  1
 real part
   0.0540   0.0000
   0.0000   0.0540
 max error due to symm in r-out =     0.000000
************     z-out-sym  ************
 imp=  1
 real part
   0.0029   0.0000
   0.0000   0.0029
 imp=  1 eigen values of         z:
    0.0029    0.0029
 maxerr =     0.000000
 CyGErr takes    0 h  0 m  0.03 s(cpu).
                 0 h  0 m  0.22 s(wall).
 total number of impurities =    1
 impurity imap indices:
       1
 impurity num_spin_orbitals:
       2
 transformation db_to_sab read in.
 imp =  1 v2e(1,1,1,1) = 2.00
 mott localized orbital info:
 i=  1 nsorb= 2 nelect= 1
    idx_orb=  1  2
 ispin_in= 1 iso= 1 ispin= 1 ispo= 1
************     h1e-unsym  ************
 imp=  1
 real part
  -1.0000   0.0000
   0.0000  -1.0000
   orbital splitting:
   0.00000   0.00000
 imp=  1 eigen values of h1e-unsym:
   -1.0000   -1.0000
************       h1e-sym  ************
 imp=  1
 real part
  -1.0000   0.0000
   0.0000  -1.0000
   orbital splitting:
   0.00000   0.00000
 imp=  1 eigen values of   h1e-sym:
   -1.0000   -1.0000
 max error due to symm in h1e =     0.000000
 min/max(this%ne(1,:,:))=       2       2
 min/max(this%ne(2,:,:))=       1       1
 min/max(this%ne(3,:,:))=       2       2
 this%nmax=   2
 valence electrons: total=     0.0
         correlated block=     0.0
 no double counting.
************          r-in  ************
 imp=  1
 real part
   0.0000   0.0000
   0.0000   0.0000
************        la1-in  ************
 imp=  1
 real part
  30.0000   0.0000
   0.0000  30.0000
 calc_band_all takes    0 h  0 m  0.01 s(cpu).
                        0 h  0 m  0.01 s(wall).
 gutz fermi level=      0.00000000
************     nks-unsym  ************
 imp=  1
 real part
   0.5000   0.0000
   0.0000   0.5000
   sub_tot=  1.000000
 imp=  1 eigen values of nks-unsym:
    0.5000    0.5000
************       nks-sym  ************
 imp=  1
 real part
   0.5000   0.0000
   0.0000   0.5000
   sub_tot=  1.000000
 max error due to symm in nks =     0.000000
 imp=  1 eigen values of   nks-sym:
    0.5000    0.5000
 nele_loc total:
       0.50000   0.50000
************    isimix-var  ************
 imp=  1
 real part
   2.0000   0.0000
   0.0000   2.0000
************      d0-unsym  ************
 imp=  1
 real part
   0.0000   0.0000
   0.0000   0.0000
************        d0-sym  ************
 imp=  1
 real part
   0.0000   0.0000
   0.0000   0.0000
 max error due to symm in d0 =     0.000000
************         d-sym  ************
 imp=  1
 real part
   0.0000   0.0000
   0.0000   0.0000
************           la2  ************
 imp=  1
 real part
   0.0000   0.0000
   0.0000   0.0000
 e_mol = -1.1200397 e_tot = -1.1200397
************     ncv-unsym  ************
 imp=  1
 real part
  -0.0227  -0.0000
  -0.0000  -0.0227
   sub_tot= -0.045442
************       ncv-sym  ************
 imp=  1
 real part
  -0.0227   0.0000
   0.0000  -0.0227
   sub_tot= -0.045442
 max error due to symm in ncv =     0.000000
************     ncp-unsym  ************
 imp=  1
 real part
  -0.0227   0.0000
   0.0000  -0.0227
   sub_tot= -0.045442
************       ncp-sym  ************
 imp=  1
 real part
  -0.0227   0.0000
   0.0000  -0.0227
   sub_tot= -0.045442
 max error due to symm in ncp =     0.000000
 imp=  1 sum_phy-sum_var=     -0.00000000
        sum_phy-sum_ks =     -1.04544225 would be renormalized!
************    ncp-renorm  ************
 imp=  1
 real part
   0.0000   0.0000
   0.0000   0.0000
   sub_tot=  0.000000
************    isimix-var  ************
 imp=  1
 real part
   2.0000   0.0000
   0.0000   2.0000
************        r0-out  ************
 imp=  1
 real part
   0.0270   0.0000
   0.0000   0.0270
************         r-out  ************
 imp=  1
 real part
   0.0540   0.0000
   0.0000   0.0540
************     r-out-sym  ************
 imp=  1
 real part
   0.0540   0.0000
   0.0000   0.0540
 max error due to symm in r-out =     0.000000
************     z-out-sym  ************
 imp=  1
 real part
   0.0029   0.0000
   0.0000   0.0029
 imp=  1 eigen values of         z:
    0.0029    0.0029
 e_total_model = -1.1711251
 total number of electrons in simulation: 1.00032
 maximal local symmetrization error =    0.00000
 CyGFinal takes    0 h  0 m  0.04 s(cpu).
                   0 h  0 m  0.24 s(wall).
 total number of impurities =    1
 impurity imap indices:
       1
 impurity num_spin_orbitals:
       2
 transformation db_to_sab read in.
 imp =  1 v2e(1,1,1,1) = 2.00
 mott localized orbital info:
 i=  1 nsorb= 2 nelect= 1
    idx_orb=  1  2
 ispin_in= 1 iso= 1 ispin= 1 ispo= 1
************     h1e-unsym  ************
 imp=  1
 real part
  -1.0000   0.0000
   0.0000  -1.0000
   orbital splitting:
   0.00000   0.00000
 imp=  1 eigen values of h1e-unsym:
   -1.0000   -1.0000
************       h1e-sym  ************
 imp=  1
 real part
  -1.0000   0.0000
   0.0000  -1.0000
   orbital splitting:
   0.00000   0.00000
 imp=  1 eigen values of   h1e-sym:
   -1.0000   -1.0000
 max error due to symm in h1e =     0.000000
 min/max(this%ne(1,:,:))=       2       2
 min/max(this%ne(2,:,:))=       1       1
 min/max(this%ne(3,:,:))=       2       2
 this%nmax=   2
 valence electrons: total=     0.0
         correlated block=     0.0
 no double counting.
************          r-in  ************
 imp=  1
 real part
   0.0000   0.0000
   0.0000   0.0000
************        la1-in  ************
 imp=  1
 real part
  30.0000   0.0000
   0.0000  30.0000
 calc_band_all takes    0 h  0 m  0.01 s(cpu).
                        0 h  0 m  0.01 s(wall).
 gutz fermi level=      0.00000000
************     nks-unsym  ************
 imp=  1
 real part
   0.5000   0.0000
   0.0000   0.5000
   sub_tot=  1.000000
 imp=  1 eigen values of nks-unsym:
    0.5000    0.5000
************       nks-sym  ************
 imp=  1
 real part
   0.5000   0.0000
   0.0000   0.5000
   sub_tot=  1.000000
 max error due to symm in nks =     0.000000
 imp=  1 eigen values of   nks-sym:
    0.5000    0.5000
 nele_loc total:
       0.50000   0.50000
************    isimix-var  ************
 imp=  1
 real part
   2.0000   0.0000
   0.0000   2.0000
************      d0-unsym  ************
 imp=  1
 real part
   0.0000   0.0000
   0.0000   0.0000
************        d0-sym  ************
 imp=  1
 real part
   0.0000   0.0000
   0.0000   0.0000
 max error due to symm in d0 =     0.000000
************         d-sym  ************
 imp=  1
 real part
   0.0000   0.0000
   0.0000   0.0000
************           la2  ************
 imp=  1
 real part
   0.0000   0.0000
   0.0000   0.0000
 CyGBand takes    0 h  0 m  0.04 s(cpu).
                  0 h  0 m  0.24 s(wall).
 total number of impurities =    1
 impurity imap indices:
       1
 impurity num_spin_orbitals:
       2
 transformation db_to_sab read in.
 imp =  1 v2e(1,1,1,1) = 2.00
 mott localized orbital info:
 i=  1 nsorb= 2 nelect= 1
    idx_orb=  1  2
 e_mol = -1.1152447 e_tot = -1.1152447
************     nks-unsym  ************
 imp=  1
 real part
   0.5000   0.0000
   0.0000   0.5000
   sub_tot=  1.000000
 imp=  1 eigen values of nks-unsym:
    0.5000    0.5000
************       nks-sym  ************
 imp=  1
 real part
   0.5000   0.0000
   0.0000   0.5000
   sub_tot=  1.000000
 max error due to symm in nks =     0.000000
 imp=  1 eigen values of   nks-sym:
    0.5000    0.5000
 nele_loc total:
       0.50000   0.50000
************     ncv-unsym  ************
 imp=  1
 real part
  -0.0229  -0.0000
  -0.0000  -0.0229
   sub_tot= -0.045713
************       ncv-sym  ************
 imp=  1
 real part
  -0.0229   0.0000
   0.0000  -0.0229
   sub_tot= -0.045713
 max error due to symm in ncv =     0.000000
************    isimix-var  ************
 imp=  1
 real part
   2.0000   0.0000
   0.0000   2.0000
************        r0-out  ************
 imp=  1
 real part
   0.0219   0.0000
   0.0000   0.0219
************         r-out  ************
 imp=  1
 real part
   0.0438   0.0000
   0.0000   0.0438
************     r-out-sym  ************
 imp=  1
 real part
   0.0438   0.0000
   0.0000   0.0438
 max error due to symm in r-out =     0.000000
************     z-out-sym  ************
 imp=  1
 real part
   0.0019   0.0000
   0.0000   0.0019
 imp=  1 eigen values of         z:
    0.0019    0.0019
 maxerr =     0.000000
 CyGErr takes    0 h  0 m  0.03 s(cpu).
                 0 h  0 m  0.22 s(wall).
 total number of impurities =    1
 impurity imap indices:
       1
 impurity num_spin_orbitals:
       2
 transformation db_to_sab read in.
 imp =  1 v2e(1,1,1,1) = 2.00
 mott localized orbital info:
 i=  1 nsorb= 2 nelect= 1
    idx_orb=  1  2
 ispin_in= 1 iso= 1 ispin= 1 ispo= 1
************     h1e-unsym  ************
 imp=  1
 real part
  -1.0000   0.0000
   0.0000  -1.0000
   orbital splitting:
   0.00000   0.00000
 imp=  1 eigen values of h1e-unsym:
   -1.0000   -1.0000
************       h1e-sym  ************
 imp=  1
 real part
  -1.0000   0.0000
   0.0000  -1.0000
   orbital splitting:
   0.00000   0.00000
 imp=  1 eigen values of   h1e-sym:
   -1.0000   -1.0000
 max error due to symm in h1e =     0.000000
 min/max(this%ne(1,:,:))=       2       2
 min/max(this%ne(2,:,:))=       1       1
 min/max(this%ne(3,:,:))=       2       2
 this%nmax=   2
 valence electrons: total=     0.0
         correlated block=     0.0
 no double counting.
************          r-in  ************
 imp=  1
 real part
   0.0000   0.0000
   0.0000   0.0000
************        la1-in  ************
 imp=  1
 real part
  30.0000   0.0000
   0.0000  30.0000
 calc_band_all takes    0 h  0 m  0.01 s(cpu).
                        0 h  0 m  0.01 s(wall).
 gutz fermi level=      0.00000000
************     nks-unsym  ************
 imp=  1
 real part
   0.5000   0.0000
   0.0000   0.5000
   sub_tot=  1.000000
 imp=  1 eigen values of nks-unsym:
    0.5000    0.5000
************       nks-sym  ************
 imp=  1
 real part
   0.5000   0.0000
   0.0000   0.5000
   sub_tot=  1.000000
 max error due to symm in nks =     0.000000
 imp=  1 eigen values of   nks-sym:
    0.5000    0.5000
 nele_loc total:
       0.50000   0.50000
************    isimix-var  ************
 imp=  1
 real part
   2.0000   0.0000
   0.0000   2.0000
************      d0-unsym  ************
 imp=  1
 real part
   0.0000   0.0000
   0.0000   0.0000
************        d0-sym  ************
 imp=  1
 real part
   0.0000   0.0000
   0.0000   0.0000
 max error due to symm in d0 =     0.000000
************         d-sym  ************
 imp=  1
 real part
   0.0000   0.0000
   0.0000   0.0000
************           la2  ************
 imp=  1
 real part
   0.0000   0.0000
   0.0000   0.0000
 e_mol = -1.1152447 e_tot = -1.1152447
************     ncv-unsym  ************
 imp=  1
 real part
  -0.0229  -0.0000
  -0.0000  -0.0229
   sub_tot= -0.045713
************       ncv-sym  ************
 imp=  1
 real part
  -0.0229   0.0000
   0.0000  -0.0229
   sub_tot= -0.045713
 max error due to symm in ncv =     0.000000
************     ncp-unsym  ************
 imp=  1
 real part
  -0.0229   0.0000
   0.0000  -0.0229
   sub_tot= -0.045713
************       ncp-sym  ************
 imp=  1
 real part
  -0.0229   0.0000
   0.0000  -0.0229
   sub_tot= -0.045713
 max error due to symm in ncp =     0.000000
 imp=  1 sum_phy-sum_var=     -0.00000000
        sum_phy-sum_ks =     -1.04571274 would be renormalized!
************    ncp-renorm  ************
 imp=  1
 real part
   0.0000   0.0000
   0.0000   0.0000
   sub_tot=  0.000000
************    isimix-var  ************
 imp=  1
 real part
   2.0000   0.0000
   0.0000   2.0000
************        r0-out  ************
 imp=  1
 real part
   0.0219   0.0000
   0.0000   0.0219
************         r-out  ************
 imp=  1
 real part
   0.0438   0.0000
   0.0000   0.0438
************     r-out-sym  ************
 imp=  1
 real part
   0.0438   0.0000
   0.0000   0.0438
 max error due to symm in r-out =     0.000000
************     z-out-sym  ************
 imp=  1
 real part
   0.0019   0.0000
   0.0000   0.0019
 imp=  1 eigen values of         z:
    0.0019    0.0019
 e_total_model = -1.1666006
 total number of electrons in simulation: 1.00032
 maximal local symmetrization error =    0.00000
 CyGFinal takes    0 h  0 m  0.04 s(cpu).
                   0 h  0 m  0.24 s(wall).
 total number of impurities =    1
 impurity imap indices:
       1
 impurity num_spin_orbitals:
       2
 transformation db_to_sab read in.
 imp =  1 v2e(1,1,1,1) = 2.00
 mott localized orbital info:
 i=  1 nsorb= 2 nelect= 1
    idx_orb=  1  2
 ispin_in= 1 iso= 1 ispin= 1 ispo= 1
************     h1e-unsym  ************
 imp=  1
 real part
  -1.0000   0.0000
   0.0000  -1.0000
   orbital splitting:
   0.00000   0.00000
 imp=  1 eigen values of h1e-unsym:
   -1.0000   -1.0000
************       h1e-sym  ************
 imp=  1
 real part
  -1.0000   0.0000
   0.0000  -1.0000
   orbital splitting:
   0.00000   0.00000
 imp=  1 eigen values of   h1e-sym:
   -1.0000   -1.0000
 max error due to symm in h1e =     0.000000
 min/max(this%ne(1,:,:))=       2       2
 min/max(this%ne(2,:,:))=       1       1
 min/max(this%ne(3,:,:))=       2       2
 this%nmax=   2
 valence electrons: total=     0.0
         correlated block=     0.0
 no double counting.
************          r-in  ************
 imp=  1
 real part
   0.0000   0.0000
   0.0000   0.0000
************        la1-in  ************
 imp=  1
 real part
  30.0000   0.0000
   0.0000  30.0000
 calc_band_all takes    0 h  0 m  0.01 s(cpu).
                        0 h  0 m  0.01 s(wall).
 gutz fermi level=      0.00000000
************     nks-unsym  ************
 imp=  1
 real part
   0.5000   0.0000
   0.0000   0.5000
   sub_tot=  1.000000
 imp=  1 eigen values of nks-unsym:
    0.5000    0.5000
************       nks-sym  ************
 imp=  1
 real part
   0.5000   0.0000
   0.0000   0.5000
   sub_tot=  1.000000
 max error due to symm in nks =     0.000000
 imp=  1 eigen values of   nks-sym:
    0.5000    0.5000
 nele_loc total:
       0.50000   0.50000
************    isimix-var  ************
 imp=  1
 real part
   2.0000   0.0000
   0.0000   2.0000
************      d0-unsym  ************
 imp=  1
 real part
   0.0000   0.0000
   0.0000   0.0000
************        d0-sym  ************
 imp=  1
 real part
   0.0000   0.0000
   0.0000   0.0000
 max error due to symm in d0 =     0.000000
************         d-sym  ************
 imp=  1
 real part
   0.0000   0.0000
   0.0000   0.0000
************           la2  ************
 imp=  1
 real part
   0.0000   0.0000
   0.0000   0.0000
 CyGBand takes    0 h  0 m  0.04 s(cpu).
                  0 h  0 m  0.24 s(wall).
 total number of impurities =    1
 impurity imap indices:
       1
 impurity num_spin_orbitals:
       2
 transformation db_to_sab read in.
 imp =  1 v2e(1,1,1,1) = 2.00
 mott localized orbital info:
 i=  1 nsorb= 2 nelect= 1
    idx_orb=  1  2
 e_mol = -1.1177249 e_tot = -1.1177249
************     nks-unsym  ************
 imp=  1
 real part
   0.5000   0.0000
   0.0000   0.5000
   sub_tot=  1.000000
 imp=  1 eigen values of nks-unsym:
    0.5000    0.5000
************       nks-sym  ************
 imp=  1
 real part
   0.5000   0.0000
   0.0000   0.5000
   sub_tot=  1.000000
 max error due to symm in nks =     0.000000
 imp=  1 eigen values of   nks-sym:
    0.5000    0.5000
 nele_loc total:
       0.50000   0.50000
************     ncv-unsym  ************
 imp=  1
 real part
  -0.0246  -0.0000
  -0.0000  -0.0246
   sub_tot= -0.049229
************       ncv-sym  ************
 imp=  1
 real part
  -0.0246   0.0000
   0.0000  -0.0246
   sub_tot= -0.049229
 max error due to symm in ncv =     0.000000
************    isimix-var  ************
 imp=  1
 real part
   2.0000   0.0000
   0.0000   2.0000
************        r0-out  ************
 imp=  1
 real part
   0.0338   0.0000
   0.0000   0.0338
************         r-out  ************
 imp=  1
 real part
   0.0676   0.0000
   0.0000   0.0676
************     r-out-sym  ************
 imp=  1
 real part
   0.0676   0.0000
   0.0000   0.0676
 max error due to symm in r-out =     0.000000
************     z-out-sym  ************
 imp=  1
 real part
   0.0046   0.0000
   0.0000   0.0046
 imp=  1 eigen values of         z:
    0.0046    0.0046
 maxerr =     0.000000
 CyGErr takes    0 h  0 m  0.03 s(cpu).
                 0 h  0 m  0.22 s(wall).
 total number of impurities =    1
 impurity imap indices:
       1
 impurity num_spin_orbitals:
       2
 transformation db_to_sab read in.
 imp =  1 v2e(1,1,1,1) = 2.00
 mott localized orbital info:
 i=  1 nsorb= 2 nelect= 1
    idx_orb=  1  2
 ispin_in= 1 iso= 1 ispin= 1 ispo= 1
************     h1e-unsym  ************
 imp=  1
 real part
  -1.0000   0.0000
   0.0000  -1.0000
   orbital splitting:
   0.00000   0.00000
 imp=  1 eigen values of h1e-unsym:
   -1.0000   -1.0000
************       h1e-sym  ************
 imp=  1
 real part
  -1.0000   0.0000
   0.0000  -1.0000
   orbital splitting:
   0.00000   0.00000
 imp=  1 eigen values of   h1e-sym:
   -1.0000   -1.0000
 max error due to symm in h1e =     0.000000
 min/max(this%ne(1,:,:))=       2       2
 min/max(this%ne(2,:,:))=       1       1
 min/max(this%ne(3,:,:))=       2       2
 this%nmax=   2
 valence electrons: total=     0.0
         correlated block=     0.0
 no double counting.
************          r-in  ************
 imp=  1
 real part
   0.0000   0.0000
   0.0000   0.0000
************        la1-in  ************
 imp=  1
 real part
  30.0000   0.0000
   0.0000  30.0000
 calc_band_all takes    0 h  0 m  0.01 s(cpu).
                        0 h  0 m  0.01 s(wall).
 gutz fermi level=      0.00000000
************     nks-unsym  ************
 imp=  1
 real part
   0.5000   0.0000
   0.0000   0.5000
   sub_tot=  1.000000
 imp=  1 eigen values of nks-unsym:
    0.5000    0.5000
************       nks-sym  ************
 imp=  1
 real part
   0.5000   0.0000
   0.0000   0.5000
   sub_tot=  1.000000
 max error due to symm in nks =     0.000000
 imp=  1 eigen values of   nks-sym:
    0.5000    0.5000
 nele_loc total:
       0.50000   0.50000
************    isimix-var  ************
 imp=  1
 real part
   2.0000   0.0000
   0.0000   2.0000
************      d0-unsym  ************
 imp=  1
 real part
   0.0000   0.0000
   0.0000   0.0000
************        d0-sym  ************
 imp=  1
 real part
   0.0000   0.0000
   0.0000   0.0000
 max error due to symm in d0 =     0.000000
************         d-sym  ************
 imp=  1
 real part
   0.0000   0.0000
   0.0000   0.0000
************           la2  ************
 imp=  1
 real part
   0.0000   0.0000
   0.0000   0.0000
 e_mol = -1.1177249 e_tot = -1.1177249
************     ncv-unsym  ************
 imp=  1
 real part
  -0.0246  -0.0000
  -0.0000  -0.0246
   sub_tot= -0.049229
************       ncv-sym  ************
 imp=  1
 real part
  -0.0246   0.0000
   0.0000  -0.0246
   sub_tot= -0.049229
 max error due to symm in ncv =     0.000000
************     ncp-unsym  ************
 imp=  1
 real part
  -0.0246   0.0000
   0.0000  -0.0246
   sub_tot= -0.049229
************       ncp-sym  ************
 imp=  1
 real part
  -0.0246   0.0000
   0.0000  -0.0246
   sub_tot= -0.049229
 max error due to symm in ncp =     0.000000
 imp=  1 sum_phy-sum_var=     -0.00000000
        sum_phy-sum_ks =     -1.04922910 would be renormalized!
************    ncp-renorm  ************
 imp=  1
 real part
   0.0000   0.0000
   0.0000   0.0000
   sub_tot=  0.000000
************    isimix-var  ************
 imp=  1
 real part
   2.0000   0.0000
   0.0000   2.0000
************        r0-out  ************
 imp=  1
 real part
   0.0338   0.0000
   0.0000   0.0338
************         r-out  ************
 imp=  1
 real part
   0.0676   0.0000
   0.0000   0.0676
************     r-out-sym  ************
 imp=  1
 real part
   0.0676   0.0000
   0.0000   0.0676
 max error due to symm in r-out =     0.000000
************     z-out-sym  ************
 imp=  1
 real part
   0.0046   0.0000
   0.0000   0.0046
 imp=  1 eigen values of         z:
    0.0046    0.0046
 e_total_model = -1.1725972
 total number of electrons in simulation: 1.00032
 maximal local symmetrization error =    0.00000
 CyGFinal takes    0 h  0 m  0.04 s(cpu).
                   0 h  0 m  0.24 s(wall).
 total number of impurities =    1
 impurity imap indices:
       1
 impurity num_spin_orbitals:
       2
 transformation db_to_sab read in.
 imp =  1 v2e(1,1,1,1) = 2.00
 mott localized orbital info:
 i=  1 nsorb= 2 nelect= 1
    idx_orb=  1  2
 ispin_in= 1 iso= 1 ispin= 1 ispo= 1
************     h1e-unsym  ************
 imp=  1
 real part
  -1.0000   0.0000
   0.0000  -1.0000
   orbital splitting:
   0.00000   0.00000
 imp=  1 eigen values of h1e-unsym:
   -1.0000   -1.0000
************       h1e-sym  ************
 imp=  1
 real part
  -1.0000   0.0000
   0.0000  -1.0000
   orbital splitting:
   0.00000   0.00000
 imp=  1 eigen values of   h1e-sym:
   -1.0000   -1.0000
 max error due to symm in h1e =     0.000000
 min/max(this%ne(1,:,:))=       2       2
 min/max(this%ne(2,:,:))=       1       1
 min/max(this%ne(3,:,:))=       2       2
 this%nmax=   2
 valence electrons: total=     0.0
         correlated block=     0.0
 no double counting.
************          r-in  ************
 imp=  1
 real part
   0.0000   0.0000
   0.0000   0.0000
************        la1-in  ************
 imp=  1
 real part
  30.0000   0.0000
   0.0000  30.0000
 calc_band_all takes    0 h  0 m  0.01 s(cpu).
                        0 h  0 m  0.01 s(wall).
 gutz fermi level=      0.00000000
************     nks-unsym  ************
 imp=  1
 real part
   0.5000   0.0000
   0.0000   0.5000
   sub_tot=  1.000000
 imp=  1 eigen values of nks-unsym:
    0.5000    0.5000
************       nks-sym  ************
 imp=  1
 real part
   0.5000   0.0000
   0.0000   0.5000
   sub_tot=  1.000000
 max error due to symm in nks =     0.000000
 imp=  1 eigen values of   nks-sym:
    0.5000    0.5000
 nele_loc total:
       0.50000   0.50000
************    isimix-var  ************
 imp=  1
 real part
   2.0000   0.0000
   0.0000   2.0000
************      d0-unsym  ************
 imp=  1
 real part
   0.0000   0.0000
   0.0000   0.0000
************        d0-sym  ************
 imp=  1
 real part
   0.0000   0.0000
   0.0000   0.0000
 max error due to symm in d0 =     0.000000
************         d-sym  ************
 imp=  1
 real part
   0.0000   0.0000
   0.0000   0.0000
************           la2  ************
 imp=  1
 real part
   0.0000   0.0000
   0.0000   0.0000
 CyGBand takes    0 h  0 m  0.04 s(cpu).
                  0 h  0 m  0.24 s(wall).
 total number of impurities =    1
 impurity imap indices:
       1
 impurity num_spin_orbitals:
       2
 transformation db_to_sab read in.
 imp =  1 v2e(1,1,1,1) = 2.00
 mott localized orbital info:
 i=  1 nsorb= 2 nelect= 1
    idx_orb=  1  2
 e_mol = -1.1152447 e_tot = -1.1152447
************     nks-unsym  ************
 imp=  1
 real part
   0.5000   0.0000
   0.0000   0.5000
   sub_tot=  1.000000
 imp=  1 eigen values of nks-unsym:
    0.5000    0.5000
************       nks-sym  ************
 imp=  1
 real part
   0.5000   0.0000
   0.0000   0.5000
   sub_tot=  1.000000
 max error due to symm in nks =     0.000000
 imp=  1 eigen values of   nks-sym:
    0.5000    0.5000
 nele_loc total:
       0.50000   0.50000
************     ncv-unsym  ************
 imp=  1
 real part
  -0.0216  -0.0000
  -0.0000  -0.0216
   sub_tot= -0.043278
************       ncv-sym  ************
 imp=  1
 real part
  -0.0216   0.0000
   0.0000  -0.0216
   sub_tot= -0.043278
 max error due to symm in ncv =     0.000000
************    isimix-var  ************
 imp=  1
 real part
   2.0000   0.0000
   0.0000   2.0000
************        r0-out  ************
 imp=  1
 real part
   0.0185   0.0000
   0.0000   0.0185
************         r-out  ************
 imp=  1
 real part
   0.0370   0.0000
   0.0000   0.0370
************     r-out-sym  ************
 imp=  1
 real part
   0.0370   0.0000
   0.0000   0.0370
 max error due to symm in r-out =     0.000000
************     z-out-sym  ************
 imp=  1
 real part
   0.0014   0.0000
   0.0000   0.0014
 imp=  1 eigen values of         z:
    0.0014    0.0014
 maxerr =     0.000000
 CyGErr takes    0 h  0 m  0.03 s(cpu).
                 0 h  0 m  0.22 s(wall).
 total number of impurities =    1
 impurity imap indices:
       1
 impurity num_spin_orbitals:
       2
 transformation db_to_sab read in.
 imp =  1 v2e(1,1,1,1) = 2.00
 mott localized orbital info:
 i=  1 nsorb= 2 nelect= 1
    idx_orb=  1  2
 ispin_in= 1 iso= 1 ispin= 1 ispo= 1
************     h1e-unsym  ************
 imp=  1
 real part
  -1.0000   0.0000
   0.0000  -1.0000
   orbital splitting:
   0.00000   0.00000
 imp=  1 eigen values of h1e-unsym:
   -1.0000   -1.0000
************       h1e-sym  ************
 imp=  1
 real part
  -1.0000   0.0000
   0.0000  -1.0000
   orbital splitting:
   0.00000   0.00000
 imp=  1 eigen values of   h1e-sym:
   -1.0000   -1.0000
 max error due to symm in h1e =     0.000000
 min/max(this%ne(1,:,:))=       2       2
 min/max(this%ne(2,:,:))=       1       1
 min/max(this%ne(3,:,:))=       2       2
 this%nmax=   2
 valence electrons: total=     0.0
         correlated block=     0.0
 no double counting.
************          r-in  ************
 imp=  1
 real part
   0.0000   0.0000
   0.0000   0.0000
************        la1-in  ************
 imp=  1
 real part
  30.0000   0.0000
   0.0000  30.0000
 calc_band_all takes    0 h  0 m  0.01 s(cpu).
                        0 h  0 m  0.00 s(wall).
 gutz fermi level=      0.00000000
************     nks-unsym  ************
 imp=  1
 real part
   0.5000   0.0000
   0.0000   0.5000
   sub_tot=  1.000000
 imp=  1 eigen values of nks-unsym:
    0.5000    0.5000
************       nks-sym  ************
 imp=  1
 real part
   0.5000   0.0000
   0.0000   0.5000
   sub_tot=  1.000000
 max error due to symm in nks =     0.000000
 imp=  1 eigen values of   nks-sym:
    0.5000    0.5000
 nele_loc total:
       0.50000   0.50000
************    isimix-var  ************
 imp=  1
 real part
   2.0000   0.0000
   0.0000   2.0000
************      d0-unsym  ************
 imp=  1
 real part
   0.0000   0.0000
   0.0000   0.0000
************        d0-sym  ************
 imp=  1
 real part
   0.0000   0.0000
   0.0000   0.0000
 max error due to symm in d0 =     0.000000
************         d-sym  ************
 imp=  1
 real part
   0.0000   0.0000
   0.0000   0.0000
************           la2  ************
 imp=  1
 real part
   0.0000   0.0000
   0.0000   0.0000
 e_mol = -1.1152447 e_tot = -1.1152447
************     ncv-unsym  ************
 imp=  1
 real part
  -0.0216  -0.0000
  -0.0000  -0.0216
   sub_tot= -0.043278
************       ncv-sym  ************
 imp=  1
 real part
  -0.0216   0.0000
   0.0000  -0.0216
   sub_tot= -0.043278
 max error due to symm in ncv =     0.000000
************     ncp-unsym  ************
 imp=  1
 real part
  -0.0216   0.0000
   0.0000  -0.0216
   sub_tot= -0.043278
************       ncp-sym  ************
 imp=  1
 real part
  -0.0216   0.0000
   0.0000  -0.0216
   sub_tot= -0.043278
 max error due to symm in ncp =     0.000000
 imp=  1 sum_phy-sum_var=     -0.00000000
        sum_phy-sum_ks =     -1.04327833 would be renormalized!
************    ncp-renorm  ************
 imp=  1
 real part
   0.0000   0.0000
   0.0000   0.0000
   sub_tot=  0.000000
************    isimix-var  ************
 imp=  1
 real part
   2.0000   0.0000
   0.0000   2.0000
************        r0-out  ************
 imp=  1
 real part
   0.0185   0.0000
   0.0000   0.0185
************         r-out  ************
 imp=  1
 real part
   0.0370   0.0000
   0.0000   0.0370
************     r-out-sym  ************
 imp=  1
 real part
   0.0370   0.0000
   0.0000   0.0370
 max error due to symm in r-out =     0.000000
************     z-out-sym  ************
 imp=  1
 real part
   0.0014   0.0000
   0.0000   0.0014
 imp=  1 eigen values of         z:
    0.0014    0.0014
 e_total_model = -1.1641662
 total number of electrons in simulation: 1.00032
 maximal local symmetrization error =    0.00000
 CyGFinal takes    0 h  0 m  0.05 s(cpu).
                   0 h  0 m  0.24 s(wall).
 total number of impurities =    1
 impurity imap indices:
       1
 impurity num_spin_orbitals:
       2
 transformation db_to_sab read in.
 imp =  1 v2e(1,1,1,1) = 2.00
 mott localized orbital info:
 i=  1 nsorb= 2 nelect= 1
    idx_orb=  1  2
 ispin_in= 1 iso= 1 ispin= 1 ispo= 1
************     h1e-unsym  ************
 imp=  1
 real part
  -1.0000   0.0000
   0.0000  -1.0000
   orbital splitting:
   0.00000   0.00000
 imp=  1 eigen values of h1e-unsym:
   -1.0000   -1.0000
************       h1e-sym  ************
 imp=  1
 real part
  -1.0000   0.0000
   0.0000  -1.0000
   orbital splitting:
   0.00000   0.00000
 imp=  1 eigen values of   h1e-sym:
   -1.0000   -1.0000
 max error due to symm in h1e =     0.000000
 min/max(this%ne(1,:,:))=       2       2
 min/max(this%ne(2,:,:))=       1       1
 min/max(this%ne(3,:,:))=       2       2
 this%nmax=   2
 valence electrons: total=     0.0
         correlated block=     0.0
 no double counting.
************          r-in  ************
 imp=  1
 real part
   0.0000   0.0000
   0.0000   0.0000
************        la1-in  ************
 imp=  1
 real part
  30.0000   0.0000
   0.0000  30.0000
 calc_band_all takes    0 h  0 m  0.01 s(cpu).
                        0 h  0 m  0.01 s(wall).
 gutz fermi level=      0.00000000
************     nks-unsym  ************
 imp=  1
 real part
   0.5000   0.0000
   0.0000   0.5000
   sub_tot=  1.000000
 imp=  1 eigen values of nks-unsym:
    0.5000    0.5000
************       nks-sym  ************
 imp=  1
 real part
   0.5000   0.0000
   0.0000   0.5000
   sub_tot=  1.000000
 max error due to symm in nks =     0.000000
 imp=  1 eigen values of   nks-sym:
    0.5000    0.5000
 nele_loc total:
       0.50000   0.50000
************    isimix-var  ************
 imp=  1
 real part
   2.0000   0.0000
   0.0000   2.0000
************      d0-unsym  ************
 imp=  1
 real part
   0.0000   0.0000
   0.0000   0.0000
************        d0-sym  ************
 imp=  1
 real part
   0.0000   0.0000
   0.0000   0.0000
 max error due to symm in d0 =     0.000000
************         d-sym  ************
 imp=  1
 real part
   0.0000   0.0000
   0.0000   0.0000
************           la2  ************
 imp=  1
 real part
   0.0000   0.0000
   0.0000   0.0000
 CyGBand takes    0 h  0 m  0.04 s(cpu).
                  0 h  0 m  0.24 s(wall).
 total number of impurities =    1
 impurity imap indices:
       1
 impurity num_spin_orbitals:
       2
 transformation db_to_sab read in.
 imp =  1 v2e(1,1,1,1) = 2.00
 mott localized orbital info:
 i=  1 nsorb= 2 nelect= 1
    idx_orb=  1  2
 e_mol = -1.1202050 e_tot = -1.1202050
************     nks-unsym  ************
 imp=  1
 real part
   0.5000   0.0000
   0.0000   0.5000
   sub_tot=  1.000000
 imp=  1 eigen values of nks-unsym:
    0.5000    0.5000
************       nks-sym  ************
 imp=  1
 real part
   0.5000   0.0000
   0.0000   0.5000
   sub_tot=  1.000000
 max error due to symm in nks =     0.000000
 imp=  1 eigen values of   nks-sym:
    0.5000    0.5000
 nele_loc total:
       0.50000   0.50000
************     ncv-unsym  ************
 imp=  1
 real part
  -0.0208  -0.0000
  -0.0000  -0.0208
   sub_tot= -0.041655
************       ncv-sym  ************
 imp=  1
 real part
  -0.0208   0.0000
   0.0000  -0.0208
   sub_tot= -0.041655
 max error due to symm in ncv =     0.000000
************    isimix-var  ************
 imp=  1
 real part
   2.0000   0.0000
   0.0000   2.0000
************        r0-out  ************
 imp=  1
 real part
   0.0223   0.0000
   0.0000   0.0223
************         r-out  ************
 imp=  1
 real part
   0.0447   0.0000
   0.0000   0.0447
************     r-out-sym  ************
 imp=  1
 real part
   0.0447   0.0000
   0.0000   0.0447
 max error due to symm in r-out =     0.000000
************     z-out-sym  ************
 imp=  1
 real part
   0.0020   0.0000
   0.0000   0.0020
 imp=  1 eigen values of         z:
    0.0020    0.0020
 maxerr =     0.000000
 CyGErr takes    0 h  0 m  0.03 s(cpu).
                 0 h  0 m  0.22 s(wall).
 total number of impurities =    1
 impurity imap indices:
       1
 impurity num_spin_orbitals:
       2
 transformation db_to_sab read in.
 imp =  1 v2e(1,1,1,1) = 2.00
 mott localized orbital info:
 i=  1 nsorb= 2 nelect= 1
    idx_orb=  1  2
 ispin_in= 1 iso= 1 ispin= 1 ispo= 1
************     h1e-unsym  ************
 imp=  1
 real part
  -1.0000   0.0000
   0.0000  -1.0000
   orbital splitting:
   0.00000   0.00000
 imp=  1 eigen values of h1e-unsym:
   -1.0000   -1.0000
************       h1e-sym  ************
 imp=  1
 real part
  -1.0000   0.0000
   0.0000  -1.0000
   orbital splitting:
   0.00000   0.00000
 imp=  1 eigen values of   h1e-sym:
   -1.0000   -1.0000
 max error due to symm in h1e =     0.000000
 min/max(this%ne(1,:,:))=       2       2
 min/max(this%ne(2,:,:))=       1       1
 min/max(this%ne(3,:,:))=       2       2
 this%nmax=   2
 valence electrons: total=     0.0
         correlated block=     0.0
 no double counting.
************          r-in  ************
 imp=  1
 real part
   0.0000   0.0000
   0.0000   0.0000
************        la1-in  ************
 imp=  1
 real part
  30.0000   0.0000
   0.0000  30.0000
 calc_band_all takes    0 h  0 m  0.01 s(cpu).
                        0 h  0 m  0.01 s(wall).
 gutz fermi level=      0.00000000
************     nks-unsym  ************
 imp=  1
 real part
   0.5000   0.0000
   0.0000   0.5000
   sub_tot=  1.000000
 imp=  1 eigen values of nks-unsym:
    0.5000    0.5000
************       nks-sym  ************
 imp=  1
 real part
   0.5000   0.0000
   0.0000   0.5000
   sub_tot=  1.000000
 max error due to symm in nks =     0.000000
 imp=  1 eigen values of   nks-sym:
    0.5000    0.5000
 nele_loc total:
       0.50000   0.50000
************    isimix-var  ************
 imp=  1
 real part
   2.0000   0.0000
   0.0000   2.0000
************      d0-unsym  ************
 imp=  1
 real part
   0.0000   0.0000
   0.0000   0.0000
************        d0-sym  ************
 imp=  1
 real part
   0.0000   0.0000
   0.0000   0.0000
 max error due to symm in d0 =     0.000000
************         d-sym  ************
 imp=  1
 real part
   0.0000   0.0000
   0.0000   0.0000
************           la2  ************
 imp=  1
 real part
   0.0000   0.0000
   0.0000   0.0000
 e_mol = -1.1202050 e_tot = -1.1202050
************     ncv-unsym  ************
 imp=  1
 real part
  -0.0208  -0.0000
  -0.0000  -0.0208
   sub_tot= -0.041655
************       ncv-sym  ************
 imp=  1
 real part
  -0.0208   0.0000
   0.0000  -0.0208
   sub_tot= -0.041655
 max error due to symm in ncv =     0.000000
************     ncp-unsym  ************
 imp=  1
 real part
  -0.0208   0.0000
   0.0000  -0.0208
   sub_tot= -0.041655
************       ncp-sym  ************
 imp=  1
 real part
  -0.0208   0.0000
   0.0000  -0.0208
   sub_tot= -0.041655
 max error due to symm in ncp =     0.000000
 imp=  1 sum_phy-sum_var=     -0.00000000
        sum_phy-sum_ks =     -1.04165540 would be renormalized!
************    ncp-renorm  ************
 imp=  1
 real part
   0.0000   0.0000
   0.0000   0.0000
   sub_tot=  0.000000
************    isimix-var  ************
 imp=  1
 real part
   2.0000   0.0000
   0.0000   2.0000
************        r0-out  ************
 imp=  1
 real part
   0.0223   0.0000
   0.0000   0.0223
************         r-out  ************
 imp=  1
 real part
   0.0447   0.0000
   0.0000   0.0447
************     r-out-sym  ************
 imp=  1
 real part
   0.0447   0.0000
   0.0000   0.0447
 max error due to symm in r-out =     0.000000
************     z-out-sym  ************
 imp=  1
 real part
   0.0020   0.0000
   0.0000   0.0020
 imp=  1 eigen values of         z:
    0.0020    0.0020
 e_total_model = -1.1675036
 total number of electrons in simulation: 1.00032
 maximal local symmetrization error =    0.00000
 CyGFinal takes    0 h  0 m  0.04 s(cpu).
                   0 h  0 m  0.24 s(wall).
 total number of impurities =    1
 impurity imap indices:
       1
 impurity num_spin_orbitals:
       2
 transformation db_to_sab read in.
 imp =  1 v2e(1,1,1,1) = 2.00
 mott localized orbital info:
 i=  1 nsorb= 2 nelect= 1
    idx_orb=  1  2
 ispin_in= 1 iso= 1 ispin= 1 ispo= 1
************     h1e-unsym  ************
 imp=  1
 real part
  -1.0000   0.0000
   0.0000  -1.0000
   orbital splitting:
   0.00000   0.00000
 imp=  1 eigen values of h1e-unsym:
   -1.0000   -1.0000
************       h1e-sym  ************
 imp=  1
 real part
  -1.0000   0.0000
   0.0000  -1.0000
   orbital splitting:
   0.00000   0.00000
 imp=  1 eigen values of   h1e-sym:
   -1.0000   -1.0000
 max error due to symm in h1e =     0.000000
 min/max(this%ne(1,:,:))=       2       2
 min/max(this%ne(2,:,:))=       1       1
 min/max(this%ne(3,:,:))=       2       2
 this%nmax=   2
 valence electrons: total=     0.0
         correlated block=     0.0
 no double counting.
************          r-in  ************
 imp=  1
 real part
   0.0000   0.0000
   0.0000   0.0000
************        la1-in  ************
 imp=  1
 real part
  30.0000   0.0000
   0.0000  30.0000
 calc_band_all takes    0 h  0 m  0.01 s(cpu).
                        0 h  0 m  0.01 s(wall).
 gutz fermi level=      0.00000000
************     nks-unsym  ************
 imp=  1
 real part
   0.5000   0.0000
   0.0000   0.5000
   sub_tot=  1.000000
 imp=  1 eigen values of nks-unsym:
    0.5000    0.5000
************       nks-sym  ************
 imp=  1
 real part
   0.5000   0.0000
   0.0000   0.5000
   sub_tot=  1.000000
 max error due to symm in nks =     0.000000
 imp=  1 eigen values of   nks-sym:
    0.5000    0.5000
 nele_loc total:
       0.50000   0.50000
************    isimix-var  ************
 imp=  1
 real part
   2.0000   0.0000
   0.0000   2.0000
************      d0-unsym  ************
 imp=  1
 real part
   0.0000   0.0000
   0.0000   0.0000
************        d0-sym  ************
 imp=  1
 real part
   0.0000   0.0000
   0.0000   0.0000
 max error due to symm in d0 =     0.000000
************         d-sym  ************
 imp=  1
 real part
   0.0000   0.0000
   0.0000   0.0000
************           la2  ************
 imp=  1
 real part
   0.0000   0.0000
   0.0000   0.0000
 CyGBand takes    0 h  0 m  0.04 s(cpu).
                  0 h  0 m  0.24 s(wall).
 total number of impurities =    1
 impurity imap indices:
       1
 impurity num_spin_orbitals:
       2
 transformation db_to_sab read in.
 imp =  1 v2e(1,1,1,1) = 2.00
 mott localized orbital info:
 i=  1 nsorb= 2 nelect= 1
    idx_orb=  1  2
 e_mol = -1.1124339 e_tot = -1.1124339
************     nks-unsym  ************
 imp=  1
 real part
   0.5000   0.0000
   0.0000   0.5000
   sub_tot=  1.000000
 imp=  1 eigen values of nks-unsym:
    0.5000    0.5000
************       nks-sym  ************
 imp=  1
 real part
   0.5000   0.0000
   0.0000   0.5000
   sub_tot=  1.000000
 max error due to symm in nks =     0.000000
 imp=  1 eigen values of   nks-sym:
    0.5000    0.5000
 nele_loc total:
       0.50000   0.50000
************     ncv-unsym  ************
 imp=  1
 real part
  -0.0219  -0.0000
  -0.0000  -0.0219
   sub_tot= -0.043819
************       ncv-sym  ************
 imp=  1
 real part
  -0.0219   0.0000
   0.0000  -0.0219
   sub_tot= -0.043819
 max error due to symm in ncv =     0.000000
************    isimix-var  ************
 imp=  1
 real part
   2.0000   0.0000
   0.0000   2.0000
************        r0-out  ************
 imp=  1
 real part
   0.0225   0.0000
   0.0000   0.0225
************         r-out  ************
 imp=  1
 real part
   0.0450   0.0000
   0.0000   0.0450
************     r-out-sym  ************
 imp=  1
 real part
   0.0450   0.0000
   0.0000   0.0450
 max error due to symm in r-out =     0.000000
************     z-out-sym  ************
 imp=  1
 real part
   0.0020   0.0000
   0.0000   0.0020
 imp=  1 eigen values of         z:
    0.0020    0.0020
 maxerr =     0.000000
 CyGErr takes    0 h  0 m  0.03 s(cpu).
                 0 h  0 m  0.22 s(wall).
 total number of impurities =    1
 impurity imap indices:
       1
 impurity num_spin_orbitals:
       2
 transformation db_to_sab read in.
 imp =  1 v2e(1,1,1,1) = 2.00
 mott localized orbital info:
 i=  1 nsorb= 2 nelect= 1
    idx_orb=  1  2
 ispin_in= 1 iso= 1 ispin= 1 ispo= 1
************     h1e-unsym  ************
 imp=  1
 real part
  -1.0000   0.0000
   0.0000  -1.0000
   orbital splitting:
   0.00000   0.00000
 imp=  1 eigen values of h1e-unsym:
   -1.0000   -1.0000
************       h1e-sym  ************
 imp=  1
 real part
  -1.0000   0.0000
   0.0000  -1.0000
   orbital splitting:
   0.00000   0.00000
 imp=  1 eigen values of   h1e-sym:
   -1.0000   -1.0000
 max error due to symm in h1e =     0.000000
 min/max(this%ne(1,:,:))=       2       2
 min/max(this%ne(2,:,:))=       1       1
 min/max(this%ne(3,:,:))=       2       2
 this%nmax=   2
 valence electrons: total=     0.0
         correlated block=     0.0
 no double counting.
************          r-in  ************
 imp=  1
 real part
   0.0000   0.0000
   0.0000   0.0000
************        la1-in  ************
 imp=  1
 real part
  30.0000   0.0000
   0.0000  30.0000
 calc_band_all takes    0 h  0 m  0.01 s(cpu).
                        0 h  0 m  0.01 s(wall).
 gutz fermi level=      0.00000000
************     nks-unsym  ************
 imp=  1
 real part
   0.5000   0.0000
   0.0000   0.5000
   sub_tot=  1.000000
 imp=  1 eigen values of nks-unsym:
    0.5000    0.5000
************       nks-sym  ************
 imp=  1
 real part
   0.5000   0.0000
   0.0000   0.5000
   sub_tot=  1.000000
 max error due to symm in nks =     0.000000
 imp=  1 eigen values of   nks-sym:
    0.5000    0.5000
 nele_loc total:
       0.50000   0.50000
************    isimix-var  ************
 imp=  1
 real part
   2.0000   0.0000
   0.0000   2.0000
************      d0-unsym  ************
 imp=  1
 real part
   0.0000   0.0000
   0.0000   0.0000
************        d0-sym  ************
 imp=  1
 real part
   0.0000   0.0000
   0.0000   0.0000
 max error due to symm in d0 =     0.000000
************         d-sym  ************
 imp=  1
 real part
   0.0000   0.0000
   0.0000   0.0000
************           la2  ************
 imp=  1
 real part
   0.0000   0.0000
   0.0000   0.0000
 e_mol = -1.1124339 e_tot = -1.1124339
************     ncv-unsym  ************
 imp=  1
 real part
  -0.0219  -0.0000
  -0.0000  -0.0219
   sub_tot= -0.043819
************       ncv-sym  ************
 imp=  1
 real part
  -0.0219   0.0000
   0.0000  -0.0219
   sub_tot= -0.043819
 max error due to symm in ncv =     0.000000
************     ncp-unsym  ************
 imp=  1
 real part
  -0.0219   0.0000
   0.0000  -0.0219
   sub_tot= -0.043819
************       ncp-sym  ************
 imp=  1
 real part
  -0.0219   0.0000
   0.0000  -0.0219
   sub_tot= -0.043819
 max error due to symm in ncp =     0.000000
 imp=  1 sum_phy-sum_var=     -0.00000000
        sum_phy-sum_ks =     -1.04381931 would be renormalized!
************    ncp-renorm  ************
 imp=  1
 real part
   0.0000   0.0000
   0.0000   0.0000
   sub_tot=  0.000000
************    isimix-var  ************
 imp=  1
 real part
   2.0000   0.0000
   0.0000   2.0000
************        r0-out  ************
 imp=  1
 real part
   0.0225   0.0000
   0.0000   0.0225
************         r-out  ************
 imp=  1
 real part
   0.0450   0.0000
   0.0000   0.0450
************     r-out-sym  ************
 imp=  1
 real part
   0.0450   0.0000
   0.0000   0.0450
 max error due to symm in r-out =     0.000000
************     z-out-sym  ************
 imp=  1
 real part
   0.0020   0.0000
   0.0000   0.0020
 imp=  1 eigen values of         z:
    0.0020    0.0020
 e_total_model = -1.1618964
 total number of electrons in simulation: 1.00032
 maximal local symmetrization error =    0.00000
 CyGFinal takes    0 h  0 m  0.04 s(cpu).
                   0 h  0 m  0.24 s(wall).
 total number of impurities =    1
 impurity imap indices:
       1
 impurity num_spin_orbitals:
       2
 transformation db_to_sab read in.
 imp =  1 v2e(1,1,1,1) = 2.00
 mott localized orbital info:
 i=  1 nsorb= 2 nelect= 1
    idx_orb=  1  2
 ispin_in= 1 iso= 1 ispin= 1 ispo= 1
************     h1e-unsym  ************
 imp=  1
 real part
  -1.0000   0.0000
   0.0000  -1.0000
   orbital splitting:
   0.00000   0.00000
 imp=  1 eigen values of h1e-unsym:
   -1.0000   -1.0000
************       h1e-sym  ************
 imp=  1
 real part
  -1.0000   0.0000
   0.0000  -1.0000
   orbital splitting:
   0.00000   0.00000
 imp=  1 eigen values of   h1e-sym:
   -1.0000   -1.0000
 max error due to symm in h1e =     0.000000
 min/max(this%ne(1,:,:))=       2       2
 min/max(this%ne(2,:,:))=       1       1
 min/max(this%ne(3,:,:))=       2       2
 this%nmax=   2
 valence electrons: total=     0.0
         correlated block=     0.0
 no double counting.
************          r-in  ************
 imp=  1
 real part
   0.0000   0.0000
   0.0000   0.0000
************        la1-in  ************
 imp=  1
 real part
  30.0000   0.0000
   0.0000  30.0000
 calc_band_all takes    0 h  0 m  0.01 s(cpu).
                        0 h  0 m  0.01 s(wall).
 gutz fermi level=      0.00000000
************     nks-unsym  ************
 imp=  1
 real part
   0.5000   0.0000
   0.0000   0.5000
   sub_tot=  1.000000
 imp=  1 eigen values of nks-unsym:
    0.5000    0.5000
************       nks-sym  ************
 imp=  1
 real part
   0.5000   0.0000
   0.0000   0.5000
   sub_tot=  1.000000
 max error due to symm in nks =     0.000000
 imp=  1 eigen values of   nks-sym:
    0.5000    0.5000
 nele_loc total:
       0.50000   0.50000
************    isimix-var  ************
 imp=  1
 real part
   2.0000   0.0000
   0.0000   2.0000
************      d0-unsym  ************
 imp=  1
 real part
   0.0000   0.0000
   0.0000   0.0000
************        d0-sym  ************
 imp=  1
 real part
   0.0000   0.0000
   0.0000   0.0000
 max error due to symm in d0 =     0.000000
************         d-sym  ************
 imp=  1
 real part
   0.0000   0.0000
   0.0000   0.0000
************           la2  ************
 imp=  1
 real part
   0.0000   0.0000
   0.0000   0.0000
 e_mol = -1.1124339 e_tot = -1.1124339
************     ncv-unsym  ************
 imp=  1
 real part
  -0.0219  -0.0000
  -0.0000  -0.0219
   sub_tot= -0.043819
************       ncv-sym  ************
 imp=  1
 real part
  -0.0219   0.0000
   0.0000  -0.0219
   sub_tot= -0.043819
 max error due to symm in ncv =     0.000000
************     ncp-unsym  ************
 imp=  1
 real part
  -0.0219   0.0000
   0.0000  -0.0219
   sub_tot= -0.043819
************       ncp-sym  ************
 imp=  1
 real part
  -0.0219   0.0000
   0.0000  -0.0219
   sub_tot= -0.043819
 max error due to symm in ncp =     0.000000
 imp=  1 sum_phy-sum_var=     -0.00000000
        sum_phy-sum_ks =     -1.04381931 would be renormalized!
************    ncp-renorm  ************
 imp=  1
 real part
   0.0000   0.0000
   0.0000   0.0000
   sub_tot=  0.000000
************    isimix-var  ************
 imp=  1
 real part
   2.0000   0.0000
   0.0000   2.0000
************        r0-out  ************
 imp=  1
 real part
   0.0225   0.0000
   0.0000   0.0225
************         r-out  ************
 imp=  1
 real part
   0.0450   0.0000
   0.0000   0.0450
************     r-out-sym  ************
 imp=  1
 real part
   0.0450   0.0000
   0.0000   0.0450
 max error due to symm in r-out =     0.000000
************     z-out-sym  ************
 imp=  1
 real part
   0.0020   0.0000
   0.0000   0.0020
 imp=  1 eigen values of         z:
    0.0020    0.0020
 e_total_model = -1.1618964
 total number of electrons in simulation: 1.00032
 maximal local symmetrization error =    0.00000
 CyGFinal takes    0 h  0 m  0.04 s(cpu).
                   0 h  0 m  0.24 s(wall).
